2025-06-08 11:37:46,501 - werkzeug - INFO - [31m[1mWARNING: This is a development server. Do not use it in a production deployment. Use a production WSGI server instead.[0m
 * Running on all addresses (0.0.0.0)
 * Running on http://127.0.0.1:5000
 * Running on http://192.168.2.247:5000
2025-06-08 11:37:46,501 - werkzeug - INFO - [31m[1mWARNING: This is a development server. Do not use it in a production deployment. Use a production WSGI server instead.[0m
 * Running on all addresses (0.0.0.0)
 * Running on http://127.0.0.1:5000
 * Running on http://192.168.2.247:5000
2025-06-08 11:37:46,502 - werkzeug - INFO - [33mPress CTRL+C to quit[0m
2025-06-08 11:37:46,502 - werkzeug - INFO - [33mPress CTRL+C to quit[0m
2025-06-08 11:37:50,723 - werkzeug - INFO - 192.168.2.247 - - [08/Jun/2025 11:37:50] "GET / HTTP/1.1" 200 -
2025-06-08 11:37:50,723 - werkzeug - INFO - 192.168.2.247 - - [08/Jun/2025 11:37:50] "GET / HTTP/1.1" 200 -
2025-06-08 11:38:24,117 - __main__ - INFO - 下载请求 - URL: https://x.com/itsPaulAi/status/1908609887288066478
2025-06-08 11:38:24,117 - __main__ - INFO - 下载请求 - URL: https://x.com/itsPaulAi/status/1908609887288066478
2025-06-08 11:38:24,118 - __main__ - INFO - 尝试获取直接链接以使用 aria2c 下载...
2025-06-08 11:38:24,118 - __main__ - INFO - 尝试获取直接链接以使用 aria2c 下载...
2025-06-08 11:38:28,483 - __main__ - INFO - 使用 aria2c 进行下载: D:\Projects\X vedio downloader\aria2\aria2-1.36.0-win-64bit-build1\aria2c.exe --max-connection-per-server=32 --min-split-size=1M --split=32 --max-concurrent-downloads=32 --disk-cache=128M --file-allocation=none --summary-interval=1 --human-readable=true --download-result=full --console-log-level=notice --auto-file-renaming=false --allow-overwrite=true --continue=true --max-tries=10 --retry-wait=1 --connect-timeout=10 --timeout=10 --lowest-speed-limit=50K --max-file-not-found=5 --max-resume-failure-tries=5 --http-accept-gzip=true --stream-piece-selector=geom -x32 -s32 -j32 -o C:\Users\WINDOWS/Desktop\Paul Couvert - Copilot Vision is surprisingly good  AI can assist you in real time for free by seeing your screen.  Great for understanding everything you see, guiding you, or explaining anything.  - Open Msft Edge - Select Copilot in the corner - Click on the mic icon  And you're ready to go!.mp4 https://video.twimg.com/ext_tw_video/1908609337477541888/pu/vid/avc1/1440x1080/YphCwswGct8yPzpB.mp4?tag=14
2025-06-08 11:38:28,483 - __main__ - INFO - 使用 aria2c 进行下载: D:\Projects\X vedio downloader\aria2\aria2-1.36.0-win-64bit-build1\aria2c.exe --max-connection-per-server=32 --min-split-size=1M --split=32 --max-concurrent-downloads=32 --disk-cache=128M --file-allocation=none --summary-interval=1 --human-readable=true --download-result=full --console-log-level=notice --auto-file-renaming=false --allow-overwrite=true --continue=true --max-tries=10 --retry-wait=1 --connect-timeout=10 --timeout=10 --lowest-speed-limit=50K --max-file-not-found=5 --max-resume-failure-tries=5 --http-accept-gzip=true --stream-piece-selector=geom -x32 -s32 -j32 -o C:\Users\WINDOWS/Desktop\Paul Couvert - Copilot Vision is surprisingly good  AI can assist you in real time for free by seeing your screen.  Great for understanding everything you see, guiding you, or explaining anything.  - Open Msft Edge - Select Copilot in the corner - Click on the mic icon  And you're ready to go!.mp4 https://video.twimg.com/ext_tw_video/1908609337477541888/pu/vid/avc1/1440x1080/YphCwswGct8yPzpB.mp4?tag=14
2025-06-08 11:38:28,730 - werkzeug - INFO - 192.168.2.247 - - [08/Jun/2025 11:38:28] "GET /download?url=https://x.com/itsPaulAi/status/1908609887288066478 HTTP/1.1" 200 -
2025-06-08 11:38:28,730 - werkzeug - INFO - 192.168.2.247 - - [08/Jun/2025 11:38:28] "GET /download?url=https://x.com/itsPaulAi/status/1908609887288066478 HTTP/1.1" 200 -
2025-06-08 11:38:28,742 - __main__ - ERROR - Aria2c 下载失败，返回码: 28
2025-06-08 11:38:28,742 - __main__ - ERROR - Aria2c 下载失败，返回码: 28
2025-06-08 11:38:28,742 - __main__ - WARNING - Aria2c 路径失败 (Aria2c下载失败，转为使用yt-dlp下载。)，回退到 yt-dlp 直接下载。
2025-06-08 11:38:28,742 - __main__ - WARNING - Aria2c 路径失败 (Aria2c下载失败，转为使用yt-dlp下载。)，回退到 yt-dlp 直接下载。
2025-06-08 11:38:28,743 - __main__ - INFO - 使用 yt-dlp 进行下载: D:\conda\python.exe -m yt_dlp --progress --progress-template download-json:%(progress)j -f best[ext=mp4]/best -o C:\Users\WINDOWS/Desktop\%(title)s.%(ext)s https://twitter.com/itsPaulAi/status/1908609887288066478
2025-06-08 11:38:28,743 - __main__ - INFO - 使用 yt-dlp 进行下载: D:\conda\python.exe -m yt_dlp --progress --progress-template download-json:%(progress)j -f best[ext=mp4]/best -o C:\Users\WINDOWS/Desktop\%(title)s.%(ext)s https://twitter.com/itsPaulAi/status/1908609887288066478
2025-06-08 11:38:29,307 - __main__ - DEBUG - yt-dlp-raw-output: [twitter] Extracting URL: https://twitter.com/itsPaulAi/status/1908609887288066478
2025-06-08 11:38:29,307 - __main__ - DEBUG - yt-dlp-raw-output: [twitter] Extracting URL: https://twitter.com/itsPaulAi/status/1908609887288066478
2025-06-08 11:38:29,308 - __main__ - DEBUG - yt-dlp-raw-output: [twitter] 1908609887288066478: Downloading guest token
2025-06-08 11:38:29,308 - __main__ - DEBUG - yt-dlp-raw-output: [twitter] 1908609887288066478: Downloading guest token
2025-06-08 11:38:31,184 - __main__ - DEBUG - yt-dlp-raw-output: [twitter] 1908609887288066478: Downloading GraphQL JSON
2025-06-08 11:38:31,184 - __main__ - DEBUG - yt-dlp-raw-output: [twitter] 1908609887288066478: Downloading GraphQL JSON
2025-06-08 11:38:32,167 - __main__ - DEBUG - yt-dlp-raw-output: [twitter] 1908609887288066478: Downloading m3u8 information
2025-06-08 11:38:32,167 - __main__ - DEBUG - yt-dlp-raw-output: [twitter] 1908609887288066478: Downloading m3u8 information
2025-06-08 11:38:33,302 - __main__ - DEBUG - yt-dlp-raw-output: [info] 1908609337477541888: Downloading 1 format(s): http-10368
2025-06-08 11:38:33,302 - __main__ - DEBUG - yt-dlp-raw-output: [info] 1908609337477541888: Downloading 1 format(s): http-10368
2025-06-08 11:38:34,429 - __main__ - DEBUG - yt-dlp-raw-output: ERROR: unable to open for writing: [Errno 2] No such file or directory: "C:\\Users\\WINDOWS\\Desktop\\Paul Couvert - Copilot Vision is surprisingly good  AI can assist you in real time for free by seeing your screen.  Great for understanding everything you see, guiding you, or explaining anything.  - Open Msft Edge - Select Copilot in the corner - Click on the mic icon  And you're ready to go!.mp4.part"
2025-06-08 11:38:34,429 - __main__ - DEBUG - yt-dlp-raw-output: ERROR: unable to open for writing: [Errno 2] No such file or directory: "C:\\Users\\WINDOWS\\Desktop\\Paul Couvert - Copilot Vision is surprisingly good  AI can assist you in real time for free by seeing your screen.  Great for understanding everything you see, guiding you, or explaining anything.  - Open Msft Edge - Select Copilot in the corner - Click on the mic icon  And you're ready to go!.mp4.part"
2025-06-08 11:38:34,429 - __main__ - DEBUG - yt-dlp-raw-output: 
2025-06-08 11:38:34,429 - __main__ - DEBUG - yt-dlp-raw-output: 
2025-06-08 11:38:34,457 - __main__ - ERROR - yt-dlp 下载失败，返回码: 1
2025-06-08 11:38:34,457 - __main__ - ERROR - yt-dlp 下载失败，返回码: 1
2025-06-08 11:38:40,947 - __main__ - INFO - 下载请求 - URL: https://x.com/itsPaulAi/status/1908609887288066478
2025-06-08 11:38:40,947 - __main__ - INFO - 下载请求 - URL: https://x.com/itsPaulAi/status/1908609887288066478
2025-06-08 11:38:40,947 - __main__ - INFO - 尝试获取直接链接以使用 aria2c 下载...
2025-06-08 11:38:40,947 - __main__ - INFO - 尝试获取直接链接以使用 aria2c 下载...
2025-06-08 11:38:44,325 - __main__ - INFO - 使用 aria2c 进行下载: D:\Projects\X vedio downloader\aria2\aria2-1.36.0-win-64bit-build1\aria2c.exe --max-connection-per-server=32 --min-split-size=1M --split=32 --max-concurrent-downloads=32 --disk-cache=128M --file-allocation=none --summary-interval=1 --human-readable=true --download-result=full --console-log-level=notice --auto-file-renaming=false --allow-overwrite=true --continue=true --max-tries=10 --retry-wait=1 --connect-timeout=10 --timeout=10 --lowest-speed-limit=50K --max-file-not-found=5 --max-resume-failure-tries=5 --http-accept-gzip=true --stream-piece-selector=geom -x32 -s32 -j32 -o C:\Users\WINDOWS/Desktop\Paul Couvert - Copilot Vision is surprisingly good  AI can assist you in real time for free by seeing your screen.  Great for understanding everything you see, guiding you, or explaining anything.  - Open Msft Edge - Select Copilot in the corner - Click on the mic icon  And you're ready to go!.mp4 https://video.twimg.com/ext_tw_video/1908609337477541888/pu/vid/avc1/1440x1080/YphCwswGct8yPzpB.mp4?tag=14
2025-06-08 11:38:44,325 - __main__ - INFO - 使用 aria2c 进行下载: D:\Projects\X vedio downloader\aria2\aria2-1.36.0-win-64bit-build1\aria2c.exe --max-connection-per-server=32 --min-split-size=1M --split=32 --max-concurrent-downloads=32 --disk-cache=128M --file-allocation=none --summary-interval=1 --human-readable=true --download-result=full --console-log-level=notice --auto-file-renaming=false --allow-overwrite=true --continue=true --max-tries=10 --retry-wait=1 --connect-timeout=10 --timeout=10 --lowest-speed-limit=50K --max-file-not-found=5 --max-resume-failure-tries=5 --http-accept-gzip=true --stream-piece-selector=geom -x32 -s32 -j32 -o C:\Users\WINDOWS/Desktop\Paul Couvert - Copilot Vision is surprisingly good  AI can assist you in real time for free by seeing your screen.  Great for understanding everything you see, guiding you, or explaining anything.  - Open Msft Edge - Select Copilot in the corner - Click on the mic icon  And you're ready to go!.mp4 https://video.twimg.com/ext_tw_video/1908609337477541888/pu/vid/avc1/1440x1080/YphCwswGct8yPzpB.mp4?tag=14
2025-06-08 11:38:44,330 - werkzeug - INFO - 192.168.2.247 - - [08/Jun/2025 11:38:44] "GET /download?url=https://x.com/itsPaulAi/status/1908609887288066478 HTTP/1.1" 200 -
2025-06-08 11:38:44,330 - werkzeug - INFO - 192.168.2.247 - - [08/Jun/2025 11:38:44] "GET /download?url=https://x.com/itsPaulAi/status/1908609887288066478 HTTP/1.1" 200 -
2025-06-08 11:38:44,341 - __main__ - ERROR - Aria2c 下载失败，返回码: 28
2025-06-08 11:38:44,341 - __main__ - ERROR - Aria2c 下载失败，返回码: 28
2025-06-08 11:38:44,341 - __main__ - WARNING - Aria2c 路径失败 (Aria2c下载失败，转为使用yt-dlp下载。)，回退到 yt-dlp 直接下载。
2025-06-08 11:38:44,341 - __main__ - WARNING - Aria2c 路径失败 (Aria2c下载失败，转为使用yt-dlp下载。)，回退到 yt-dlp 直接下载。
2025-06-08 11:38:44,342 - __main__ - INFO - 使用 yt-dlp 进行下载: D:\conda\python.exe -m yt_dlp --progress --progress-template download-json:%(progress)j -f best[ext=mp4]/best -o C:\Users\WINDOWS/Desktop\%(title)s.%(ext)s https://twitter.com/itsPaulAi/status/1908609887288066478
2025-06-08 11:38:44,342 - __main__ - INFO - 使用 yt-dlp 进行下载: D:\conda\python.exe -m yt_dlp --progress --progress-template download-json:%(progress)j -f best[ext=mp4]/best -o C:\Users\WINDOWS/Desktop\%(title)s.%(ext)s https://twitter.com/itsPaulAi/status/1908609887288066478
2025-06-08 11:38:44,901 - __main__ - DEBUG - yt-dlp-raw-output: [twitter] Extracting URL: https://twitter.com/itsPaulAi/status/1908609887288066478
2025-06-08 11:38:44,901 - __main__ - DEBUG - yt-dlp-raw-output: [twitter] Extracting URL: https://twitter.com/itsPaulAi/status/1908609887288066478
2025-06-08 11:38:44,901 - __main__ - DEBUG - yt-dlp-raw-output: [twitter] 1908609887288066478: Downloading guest token
2025-06-08 11:38:44,901 - __main__ - DEBUG - yt-dlp-raw-output: [twitter] 1908609887288066478: Downloading guest token
2025-06-08 11:38:46,025 - __main__ - DEBUG - yt-dlp-raw-output: [twitter] 1908609887288066478: Downloading GraphQL JSON
2025-06-08 11:38:46,025 - __main__ - DEBUG - yt-dlp-raw-output: [twitter] 1908609887288066478: Downloading GraphQL JSON
2025-06-08 11:38:46,991 - __main__ - DEBUG - yt-dlp-raw-output: [twitter] 1908609887288066478: Downloading m3u8 information
2025-06-08 11:38:46,991 - __main__ - DEBUG - yt-dlp-raw-output: [twitter] 1908609887288066478: Downloading m3u8 information
2025-06-08 11:38:48,019 - __main__ - DEBUG - yt-dlp-raw-output: [info] 1908609337477541888: Downloading 1 format(s): http-10368
2025-06-08 11:38:48,019 - __main__ - DEBUG - yt-dlp-raw-output: [info] 1908609337477541888: Downloading 1 format(s): http-10368
2025-06-08 11:38:48,926 - __main__ - DEBUG - yt-dlp-raw-output: ERROR: unable to open for writing: [Errno 2] No such file or directory: "C:\\Users\\WINDOWS\\Desktop\\Paul Couvert - Copilot Vision is surprisingly good  AI can assist you in real time for free by seeing your screen.  Great for understanding everything you see, guiding you, or explaining anything.  - Open Msft Edge - Select Copilot in the corner - Click on the mic icon  And you're ready to go!.mp4.part"
2025-06-08 11:38:48,926 - __main__ - DEBUG - yt-dlp-raw-output: ERROR: unable to open for writing: [Errno 2] No such file or directory: "C:\\Users\\WINDOWS\\Desktop\\Paul Couvert - Copilot Vision is surprisingly good  AI can assist you in real time for free by seeing your screen.  Great for understanding everything you see, guiding you, or explaining anything.  - Open Msft Edge - Select Copilot in the corner - Click on the mic icon  And you're ready to go!.mp4.part"
2025-06-08 11:38:48,927 - __main__ - DEBUG - yt-dlp-raw-output: 
2025-06-08 11:38:48,927 - __main__ - DEBUG - yt-dlp-raw-output: 
2025-06-08 11:38:48,961 - __main__ - ERROR - yt-dlp 下载失败，返回码: 1
2025-06-08 11:38:48,961 - __main__ - ERROR - yt-dlp 下载失败，返回码: 1
2025-06-08 11:39:08,023 - werkzeug - INFO - 192.168.2.247 - - [08/Jun/2025 11:39:08] "GET / HTTP/1.1" 200 -
2025-06-08 11:39:08,023 - werkzeug - INFO - 192.168.2.247 - - [08/Jun/2025 11:39:08] "GET / HTTP/1.1" 200 -
2025-06-08 11:39:09,804 - __main__ - INFO - 下载请求 - URL: https://x.com/itsPaulAi/status/1907848213941596516
2025-06-08 11:39:09,804 - __main__ - INFO - 下载请求 - URL: https://x.com/itsPaulAi/status/1907848213941596516
2025-06-08 11:39:09,805 - __main__ - INFO - 尝试获取直接链接以使用 aria2c 下载...
2025-06-08 11:39:09,805 - __main__ - INFO - 尝试获取直接链接以使用 aria2c 下载...
2025-06-08 11:39:13,757 - __main__ - INFO - 使用 aria2c 进行下载: D:\Projects\X vedio downloader\aria2\aria2-1.36.0-win-64bit-build1\aria2c.exe --max-connection-per-server=32 --min-split-size=1M --split=32 --max-concurrent-downloads=32 --disk-cache=128M --file-allocation=none --summary-interval=1 --human-readable=true --download-result=full --console-log-level=notice --auto-file-renaming=false --allow-overwrite=true --continue=true --max-tries=10 --retry-wait=1 --connect-timeout=10 --timeout=10 --lowest-speed-limit=50K --max-file-not-found=5 --max-resume-failure-tries=5 --http-accept-gzip=true --stream-piece-selector=geom -x32 -s32 -j32 -o C:\Users\WINDOWS/Desktop\Paul Couvert - Ok Gemini with camera is wild  You can ask questions about anything around you, feels like a superpower.  Ask about any object or monument, translate on the fly, get tailor-made assistance...  Absolute game-changer..mp4 https://video.twimg.com/ext_tw_video/1907846857923112960/pu/vid/avc1/1080x1920/Ke0wgLtBEnqq_Zhq.mp4?tag=14
2025-06-08 11:39:13,757 - __main__ - INFO - 使用 aria2c 进行下载: D:\Projects\X vedio downloader\aria2\aria2-1.36.0-win-64bit-build1\aria2c.exe --max-connection-per-server=32 --min-split-size=1M --split=32 --max-concurrent-downloads=32 --disk-cache=128M --file-allocation=none --summary-interval=1 --human-readable=true --download-result=full --console-log-level=notice --auto-file-renaming=false --allow-overwrite=true --continue=true --max-tries=10 --retry-wait=1 --connect-timeout=10 --timeout=10 --lowest-speed-limit=50K --max-file-not-found=5 --max-resume-failure-tries=5 --http-accept-gzip=true --stream-piece-selector=geom -x32 -s32 -j32 -o C:\Users\WINDOWS/Desktop\Paul Couvert - Ok Gemini with camera is wild  You can ask questions about anything around you, feels like a superpower.  Ask about any object or monument, translate on the fly, get tailor-made assistance...  Absolute game-changer..mp4 https://video.twimg.com/ext_tw_video/1907846857923112960/pu/vid/avc1/1080x1920/Ke0wgLtBEnqq_Zhq.mp4?tag=14
2025-06-08 11:39:13,763 - werkzeug - INFO - 192.168.2.247 - - [08/Jun/2025 11:39:13] "GET /download?url=https://x.com/itsPaulAi/status/1907848213941596516 HTTP/1.1" 200 -
2025-06-08 11:39:13,763 - werkzeug - INFO - 192.168.2.247 - - [08/Jun/2025 11:39:13] "GET /download?url=https://x.com/itsPaulAi/status/1907848213941596516 HTTP/1.1" 200 -
2025-06-08 11:39:13,770 - __main__ - ERROR - Aria2c 下载失败，返回码: 28
2025-06-08 11:39:13,770 - __main__ - ERROR - Aria2c 下载失败，返回码: 28
2025-06-08 11:39:13,770 - __main__ - WARNING - Aria2c 路径失败 (Aria2c下载失败，转为使用yt-dlp下载。)，回退到 yt-dlp 直接下载。
2025-06-08 11:39:13,770 - __main__ - WARNING - Aria2c 路径失败 (Aria2c下载失败，转为使用yt-dlp下载。)，回退到 yt-dlp 直接下载。
2025-06-08 11:39:13,770 - __main__ - INFO - 使用 yt-dlp 进行下载: D:\conda\python.exe -m yt_dlp --progress --progress-template download-json:%(progress)j -f best[ext=mp4]/best -o C:\Users\WINDOWS/Desktop\%(title)s.%(ext)s https://twitter.com/itsPaulAi/status/1907848213941596516
2025-06-08 11:39:13,770 - __main__ - INFO - 使用 yt-dlp 进行下载: D:\conda\python.exe -m yt_dlp --progress --progress-template download-json:%(progress)j -f best[ext=mp4]/best -o C:\Users\WINDOWS/Desktop\%(title)s.%(ext)s https://twitter.com/itsPaulAi/status/1907848213941596516
2025-06-08 11:39:14,318 - __main__ - DEBUG - yt-dlp-raw-output: [twitter] Extracting URL: https://twitter.com/itsPaulAi/status/1907848213941596516
2025-06-08 11:39:14,318 - __main__ - DEBUG - yt-dlp-raw-output: [twitter] Extracting URL: https://twitter.com/itsPaulAi/status/1907848213941596516
2025-06-08 11:39:14,318 - __main__ - DEBUG - yt-dlp-raw-output: [twitter] 1907848213941596516: Downloading guest token
2025-06-08 11:39:14,318 - __main__ - DEBUG - yt-dlp-raw-output: [twitter] 1907848213941596516: Downloading guest token
2025-06-08 11:39:15,559 - __main__ - DEBUG - yt-dlp-raw-output: [twitter] 1907848213941596516: Downloading GraphQL JSON
2025-06-08 11:39:15,559 - __main__ - DEBUG - yt-dlp-raw-output: [twitter] 1907848213941596516: Downloading GraphQL JSON
2025-06-08 11:39:16,616 - __main__ - DEBUG - yt-dlp-raw-output: [twitter] 1907848213941596516: Downloading m3u8 information
2025-06-08 11:39:16,616 - __main__ - DEBUG - yt-dlp-raw-output: [twitter] 1907848213941596516: Downloading m3u8 information
2025-06-08 11:39:17,616 - __main__ - DEBUG - yt-dlp-raw-output: [info] 1907846857923112960: Downloading 1 format(s): http-10368
2025-06-08 11:39:17,616 - __main__ - DEBUG - yt-dlp-raw-output: [info] 1907846857923112960: Downloading 1 format(s): http-10368
2025-06-08 11:39:18,951 - __main__ - DEBUG - yt-dlp-raw-output: ERROR: unable to open for writing: [Errno 2] No such file or directory: 'C:\\Users\\WINDOWS\\Desktop\\Paul Couvert - Ok Gemini with camera is wild  You can ask questions about anything around you, feels like a superpower.  Ask about any object or monument, translate on the fly, get tailor-made assistance...  Absolute game-changer..mp4.part'
2025-06-08 11:39:18,951 - __main__ - DEBUG - yt-dlp-raw-output: ERROR: unable to open for writing: [Errno 2] No such file or directory: 'C:\\Users\\WINDOWS\\Desktop\\Paul Couvert - Ok Gemini with camera is wild  You can ask questions about anything around you, feels like a superpower.  Ask about any object or monument, translate on the fly, get tailor-made assistance...  Absolute game-changer..mp4.part'
2025-06-08 11:39:18,951 - __main__ - DEBUG - yt-dlp-raw-output: 
2025-06-08 11:39:18,951 - __main__ - DEBUG - yt-dlp-raw-output: 
2025-06-08 11:39:18,983 - __main__ - ERROR - yt-dlp 下载失败，返回码: 1
2025-06-08 11:39:18,983 - __main__ - ERROR - yt-dlp 下载失败，返回码: 1
2025-06-08 11:46:44,843 - werkzeug - INFO - [31m[1mWARNING: This is a development server. Do not use it in a production deployment. Use a production WSGI server instead.[0m
 * Running on all addresses (0.0.0.0)
 * Running on http://127.0.0.1:5000
 * Running on http://192.168.2.247:5000
2025-06-08 11:46:44,843 - werkzeug - INFO - [31m[1mWARNING: This is a development server. Do not use it in a production deployment. Use a production WSGI server instead.[0m
 * Running on all addresses (0.0.0.0)
 * Running on http://127.0.0.1:5000
 * Running on http://192.168.2.247:5000
2025-06-08 11:46:44,849 - werkzeug - INFO - [33mPress CTRL+C to quit[0m
2025-06-08 11:46:44,849 - werkzeug - INFO - [33mPress CTRL+C to quit[0m
2025-06-08 11:46:55,118 - werkzeug - INFO - 192.168.2.247 - - [08/Jun/2025 11:46:55] "GET / HTTP/1.1" 200 -
2025-06-08 11:46:55,118 - werkzeug - INFO - 192.168.2.247 - - [08/Jun/2025 11:46:55] "GET / HTTP/1.1" 200 -
2025-06-08 11:47:07,763 - __main__ - INFO - 下载请求 - URL: https://x.com/itsPaulAi/status/1904596098947440998
2025-06-08 11:47:07,763 - __main__ - INFO - 下载请求 - URL: https://x.com/itsPaulAi/status/1904596098947440998
2025-06-08 11:47:07,765 - __main__ - INFO - 尝试获取直接链接以使用 aria2c 下载...
2025-06-08 11:47:07,765 - __main__ - INFO - 尝试获取直接链接以使用 aria2c 下载...
2025-06-08 11:47:07,765 - __main__ - WARNING - Aria2c 路径失败 (name 'PROXY' is not defined)，回退到 yt-dlp 直接下载。
2025-06-08 11:47:07,765 - __main__ - WARNING - Aria2c 路径失败 (name 'PROXY' is not defined)，回退到 yt-dlp 直接下载。
2025-06-08 11:47:07,766 - __main__ - ERROR - 处理过程未知错误: name 'PROXY' is not defined
2025-06-08 11:47:07,766 - __main__ - ERROR - 处理过程未知错误: name 'PROXY' is not defined
2025-06-08 11:47:07,769 - __main__ - ERROR - 错误追踪: Traceback (most recent call last):
  File "D:\Projects\X vedio downloader\app.py", line 232, in generate
    if PROXY:
       ^^^^^
NameError: name 'PROXY' is not defined

During handling of the above exception, another exception occurred:

Traceback (most recent call last):
  File "D:\Projects\X vedio downloader\app.py", line 288, in generate
    if PROXY:
       ^^^^^
NameError: name 'PROXY' is not defined

2025-06-08 11:47:07,769 - __main__ - ERROR - 错误追踪: Traceback (most recent call last):
  File "D:\Projects\X vedio downloader\app.py", line 232, in generate
    if PROXY:
       ^^^^^
NameError: name 'PROXY' is not defined

During handling of the above exception, another exception occurred:

Traceback (most recent call last):
  File "D:\Projects\X vedio downloader\app.py", line 288, in generate
    if PROXY:
       ^^^^^
NameError: name 'PROXY' is not defined

2025-06-08 11:47:07,770 - werkzeug - INFO - 192.168.2.247 - - [08/Jun/2025 11:47:07] "GET /download?url=https://x.com/itsPaulAi/status/1904596098947440998 HTTP/1.1" 200 -
2025-06-08 11:47:07,770 - werkzeug - INFO - 192.168.2.247 - - [08/Jun/2025 11:47:07] "GET /download?url=https://x.com/itsPaulAi/status/1904596098947440998 HTTP/1.1" 200 -
2025-06-08 11:53:48,201 - werkzeug - INFO - [31m[1mWARNING: This is a development server. Do not use it in a production deployment. Use a production WSGI server instead.[0m
 * Running on all addresses (0.0.0.0)
 * Running on http://127.0.0.1:5000
 * Running on http://192.168.2.247:5000
2025-06-08 11:53:48,201 - werkzeug - INFO - [33mPress CTRL+C to quit[0m
2025-06-08 11:53:52,086 - werkzeug - INFO - 192.168.2.247 - - [08/Jun/2025 11:53:52] "GET / HTTP/1.1" 200 -
2025-06-08 11:53:57,673 - __main__ - INFO - 下载请求 - URL: https://x.com/itsPaulAi/status/1904596098947440998
2025-06-08 11:53:57,673 - __main__ - INFO - 尝试获取直接链接以使用 aria2c 下载...
2025-06-08 11:53:57,674 - __main__ - INFO - yt-dlp (获取链接) 将使用代理: http://127.0.0.1:33210
2025-06-08 11:54:01,562 - __main__ - INFO - Aria2c 将使用代理: http://127.0.0.1:33210
2025-06-08 11:54:01,563 - __main__ - INFO - 使用 aria2c 进行下载: D:\Projects\X vedio downloader\aria2\aria2-1.36.0-win-64bit-build1\aria2c.exe --max-connection-per-server=32 --min-split-size=1M --split=32 --max-concurrent-downloads=32 --disk-cache=128M --file-allocation=none --summary-interval=1 --human-readable=true --download-result=full --console-log-level=notice --auto-file-renaming=false --allow-overwrite=true --continue=true --max-tries=10 --retry-wait=1 --connect-timeout=20 --timeout=20 --lowest-speed-limit=50K --max-file-not-found=5 --max-resume-failure-tries=5 --http-accept-gzip=true --stream-piece-selector=geom -x32 -s32 -j32 -o C:\Users\WINDOWS/Desktop\Paul Couvert - OK it's a game changer  You can create and run an AI agent 100% locally on your laptop.  No need to connect or pay a provider like OpenAI or Anthropic.  Combine the open source Google Gemma 3 model, Smolagents and LM Studio and you're ready.  (Links and resources below) #gifted.mp4 https://video.twimg.com/amplify_video/1904593690376757248/vid/avc1/1920x1080/5bNfNM4Yipt8cBXQ.mp4?tag=16 --all-proxy http://127.0.0.1:33210
2025-06-08 11:54:01,575 - werkzeug - INFO - 192.168.2.247 - - [08/Jun/2025 11:54:01] "GET /download?url=https://x.com/itsPaulAi/status/1904596098947440998 HTTP/1.1" 200 -
2025-06-08 11:54:01,591 - __main__ - ERROR - Aria2c 下载失败，返回码: 28. 详细输出: 
2025-06-08 11:54:01,591 - __main__ - WARNING - Aria2c 路径失败 (Aria2c下载失败，转为使用yt-dlp下载。)，回退到 yt-dlp 直接下载。
2025-06-08 11:54:01,592 - __main__ - INFO - yt-dlp (下载) 将使用代理: http://127.0.0.1:33210
2025-06-08 11:54:01,592 - __main__ - INFO - 使用 yt-dlp 进行下载: D:\conda\python.exe -m yt_dlp --progress --progress-template download-json:%(progress)j -f best[ext=mp4]/best -o C:\Users\WINDOWS/Desktop\%(title)s.%(ext)s --proxy http://127.0.0.1:33210 https://twitter.com/itsPaulAi/status/1904596098947440998
2025-06-08 11:54:02,164 - __main__ - DEBUG - yt-dlp-raw-output: [twitter] Extracting URL: https://twitter.com/itsPaulAi/status/1904596098947440998
2025-06-08 11:54:02,164 - __main__ - DEBUG - yt-dlp-raw-output: [twitter] 1904596098947440998: Downloading guest token
2025-06-08 11:54:03,442 - __main__ - DEBUG - yt-dlp-raw-output: [twitter] 1904596098947440998: Downloading GraphQL JSON
2025-06-08 11:54:04,354 - __main__ - DEBUG - yt-dlp-raw-output: [twitter] 1904596098947440998: Downloading m3u8 information
2025-06-08 11:54:05,381 - __main__ - DEBUG - yt-dlp-raw-output: [info] 1904593690376757248: Downloading 1 format(s): http-10368
2025-06-08 11:54:06,609 - __main__ - DEBUG - yt-dlp-raw-output: ERROR: unable to open for writing: [Errno 2] No such file or directory: "C:\\Users\\WINDOWS\\Desktop\\Paul Couvert - OK it's a game changer  You can create and run an AI agent 100% locally on your laptop.  No need to connect or pay a provider like OpenAI or Anthropic.  Combine the open source Google Gemma 3 model, Smolagents and LM Studio and you're ready.  (Links and resources below) #gifted.mp4.part"
2025-06-08 11:54:06,609 - __main__ - DEBUG - yt-dlp-raw-output: 
2025-06-08 11:54:06,639 - __main__ - ERROR - yt-dlp 下载失败，返回码: 1. 详细输出: 
2025-06-08 11:56:27,493 - werkzeug - INFO - [31m[1mWARNING: This is a development server. Do not use it in a production deployment. Use a production WSGI server instead.[0m
 * Running on all addresses (0.0.0.0)
 * Running on http://127.0.0.1:5000
 * Running on http://192.168.2.247:5000
2025-06-08 11:56:27,493 - werkzeug - INFO - [33mPress CTRL+C to quit[0m
2025-06-08 11:56:34,191 - werkzeug - INFO - 192.168.2.247 - - [08/Jun/2025 11:56:34] "GET / HTTP/1.1" 200 -
2025-06-08 11:56:41,258 - __main__ - INFO - 下载请求 - URL: https://x.com/itsPaulAi/status/1904596098947440998
2025-06-08 11:56:41,259 - __main__ - INFO - 尝试获取直接链接以使用 aria2c 下载...
2025-06-08 11:56:41,259 - __main__ - INFO - yt-dlp (获取链接) 将使用代理: http://127.0.0.1:33210
2025-06-08 11:56:44,705 - __main__ - INFO - Aria2c 将使用代理: http://127.0.0.1:33210
2025-06-08 11:56:44,707 - __main__ - INFO - 使用 aria2c 进行下载: D:\Projects\X vedio downloader\aria2\aria2-1.36.0-win-64bit-build1\aria2c.exe --max-connection-per-server=32 --min-split-size=1M --split=32 --max-concurrent-downloads=32 --disk-cache=128M --file-allocation=none --summary-interval=1 --human-readable=true --download-result=full --console-log-level=notice --auto-file-renaming=false --allow-overwrite=true --continue=true --max-tries=10 --retry-wait=1 --connect-timeout=20 --timeout=20 --lowest-speed-limit=50K --max-file-not-found=5 --max-resume-failure-tries=5 --http-accept-gzip=true --stream-piece-selector=geom -x32 -s32 -j32 -o C:\Users\WINDOWS/Desktop\Paul Couvert - OK it's a game changer  You can create and run an AI agent 100% locally on your laptop.  No need to connect or pay a provider like OpenAI or Anthropic.  Combine the open source Google Gemma 3 model, Smolagents and LM Studio and you're ready.  (Links and resources below) #gifted.mp4 https://video.twimg.com/amplify_video/1904593690376757248/vid/avc1/1920x1080/5bNfNM4Yipt8cBXQ.mp4?tag=16 --all-proxy http://127.0.0.1:33210
2025-06-08 11:56:44,724 - werkzeug - INFO - 192.168.2.247 - - [08/Jun/2025 11:56:44] "GET /download?url=https://x.com/itsPaulAi/status/1904596098947440998 HTTP/1.1" 200 -
2025-06-08 11:56:44,737 - __main__ - ERROR - Aria2c 下载失败，返回码: 28. 详细输出:
Exception: [AbstractOptionHandler.cc:69] errorCode=28 We encountered a problem while processing the option '--max-connection-per-server'.
  -> [OptionHandlerImpl.cc:184] errorCode=1 max-connection-per-server must be between 1 and 16.
Usage:
 -x, --max-connection-per-server=NUM The maximum number of connections to one
                              server for each download.

                              Possible Values: 1-16
                              Default: 1
                              Tags: #basic, #http, #ftp

2025-06-08 11:56:44,738 - __main__ - WARNING - Aria2c 路径失败 (Aria2c下载失败，转为使用yt-dlp下载。)，回退到 yt-dlp 直接下载。
2025-06-08 11:56:44,738 - __main__ - INFO - yt-dlp (下载) 将使用代理: http://127.0.0.1:33210
2025-06-08 11:56:44,738 - __main__ - INFO - 使用 yt-dlp 进行下载: D:\conda\python.exe -m yt_dlp --progress --progress-template download-json:%(progress)j -f best[ext=mp4]/best -o C:\Users\WINDOWS/Desktop\%(title)s.%(ext)s --proxy http://127.0.0.1:33210 https://twitter.com/itsPaulAi/status/1904596098947440998
2025-06-08 11:56:45,308 - __main__ - DEBUG - yt-dlp-raw-output: [twitter] Extracting URL: https://twitter.com/itsPaulAi/status/1904596098947440998
2025-06-08 11:56:45,308 - __main__ - DEBUG - yt-dlp-raw-output: [twitter] 1904596098947440998: Downloading guest token
2025-06-08 11:56:46,411 - __main__ - DEBUG - yt-dlp-raw-output: [twitter] 1904596098947440998: Downloading GraphQL JSON
2025-06-08 11:56:47,343 - __main__ - DEBUG - yt-dlp-raw-output: [twitter] 1904596098947440998: Downloading m3u8 information
2025-06-08 11:56:48,265 - __main__ - DEBUG - yt-dlp-raw-output: [info] 1904593690376757248: Downloading 1 format(s): http-10368
2025-06-08 11:56:49,233 - __main__ - DEBUG - yt-dlp-raw-output: ERROR: unable to open for writing: [Errno 2] No such file or directory: "C:\\Users\\WINDOWS\\Desktop\\Paul Couvert - OK it's a game changer  You can create and run an AI agent 100% locally on your laptop.  No need to connect or pay a provider like OpenAI or Anthropic.  Combine the open source Google Gemma 3 model, Smolagents and LM Studio and you're ready.  (Links and resources below) #gifted.mp4.part"
2025-06-08 11:56:49,233 - __main__ - DEBUG - yt-dlp-raw-output: 
2025-06-08 11:56:49,263 - __main__ - ERROR - yt-dlp 下载失败，返回码: 1. 详细输出:
[twitter] Extracting URL: https://twitter.com/itsPaulAi/status/1904596098947440998
[twitter] 1904596098947440998: Downloading guest token
[twitter] 1904596098947440998: Downloading GraphQL JSON
[twitter] 1904596098947440998: Downloading m3u8 information
[info] 1904593690376757248: Downloading 1 format(s): http-10368
ERROR: unable to open for writing: [Errno 2] No such file or directory: "C:\\Users\\WINDOWS\\Desktop\\Paul Couvert - OK it's a game changer  You can create and run an AI agent 100% locally on your laptop.  No need to connect or pay a provider like OpenAI or Anthropic.  Combine the open source Google Gemma 3 model, Smolagents and LM Studio and you're ready.  (Links and resources below) #gifted.mp4.part"


2025-06-08 11:59:42,757 - werkzeug - INFO - [31m[1mWARNING: This is a development server. Do not use it in a production deployment. Use a production WSGI server instead.[0m
 * Running on all addresses (0.0.0.0)
 * Running on http://127.0.0.1:5000
 * Running on http://192.168.2.247:5000
2025-06-08 11:59:42,758 - werkzeug - INFO - [33mPress CTRL+C to quit[0m
2025-06-08 11:59:45,565 - werkzeug - INFO - 192.168.2.247 - - [08/Jun/2025 11:59:45] "GET / HTTP/1.1" 200 -
2025-06-08 11:59:50,941 - __main__ - INFO - 下载请求 - URL: https://x.com/itsPaulAi/status/1904596098947440998
2025-06-08 11:59:50,942 - __main__ - INFO - 尝试获取直接链接以使用 aria2c 下载...
2025-06-08 11:59:50,942 - __main__ - INFO - yt-dlp (获取链接) 将使用代理: http://127.0.0.1:33210
2025-06-08 11:59:56,689 - __main__ - INFO - Aria2c 将使用代理: http://127.0.0.1:33210
2025-06-08 11:59:56,689 - __main__ - INFO - 使用 aria2c 进行下载: D:\Projects\X vedio downloader\aria2\aria2-1.36.0-win-64bit-build1\aria2c.exe --max-connection-per-server=16 --min-split-size=1M --split=16 --max-concurrent-downloads=16 --disk-cache=128M --file-allocation=none --summary-interval=1 --human-readable=true --download-result=full --console-log-level=notice --auto-file-renaming=false --allow-overwrite=true --continue=true --max-tries=10 --retry-wait=1 --connect-timeout=20 --timeout=20 --lowest-speed-limit=50K --max-file-not-found=5 --max-resume-failure-tries=5 --http-accept-gzip=true --stream-piece-selector=geom -x16 -s16 -j16 -o C:\Users\WINDOWS/Desktop\Paul Couvert - OK it's a game changer  You can create and run an AI agent 100% locally on your laptop.  No need to connect or pay a provider like OpenAI or Anthropic.  Combine the open source Google Gemma 3 model, Smolagents and LM Studio and you're ready.  (Links and resources below) #gifted.mp4 https://video.twimg.com/amplify_video/1904593690376757248/vid/avc1/1920x1080/5bNfNM4Yipt8cBXQ.mp4?tag=16 --all-proxy http://127.0.0.1:33210
2025-06-08 11:59:56,702 - werkzeug - INFO - 192.168.2.247 - - [08/Jun/2025 11:59:56] "GET /download?url=https://x.com/itsPaulAi/status/1904596098947440998 HTTP/1.1" 200 -
2025-06-08 11:59:58,293 - __main__ - ERROR - Aria2c 下载失败，返回码: 18. 详细输出:

06/08 11:59:56 [[1;32mNOTICE[0m] Downloading 1 item(s)

                                                                               
 *** Download Progress Summary as of Sun Jun 08 11:59:57 2025 *** 
===============================================================================
[#e533d4 0B/0B CN:1 DL:0B]
FILE: D:/Projects/X vedio downloader/C:/Users/WINDOWS/Desktop/Paul Couvert - OK it's a game changer  You can create and run an AI agent 100% locally on your laptop.  No need to connect or pay a provider like OpenAI or Anthropic.  Combine the open source Google Gemma 3 model, Smolagents and LM Studio and you're ready.  (Links and resources below) #gifted.mp4
-------------------------------------------------------------------------------

[#e533d4 0B/0B CN:1 DL:0B]
06/08 11:59:58 [[1;31mERROR[0m] CUID#7 - Download aborted. URI=https://video.twimg.com/amplify_video/1904593690376757248/vid/avc1/1920x1080/5bNfNM4Yipt8cBXQ.mp4?tag=16
Exception: [AbstractCommand.cc:351] errorCode=18 URI=https://video.twimg.com/amplify_video/1904593690376757248/vid/avc1/1920x1080/5bNfNM4Yipt8cBXQ.mp4?tag=16
  -> [util.cc:1948] errNum=22 errorCode=18 Failed to make the directory D:/Projects/X vedio downloader/C:/Users/WINDOWS/Desktop, cause: Invalid argument

06/08 11:59:58 [[1;32mNOTICE[0m] Download GID#e533d4938963acec not complete: D:/Projects/X vedio downloader/C:/Users/WINDOWS/Desktop/Paul Couvert - OK it's a game changer  You can create and run an AI agent 100% locally on your laptop.  No need to connect or pay a provider like OpenAI or Anthropic.  Combine the open source Google Gemma 3 model, Smolagents and LM Studio and you're ready.  (Links and resources below) #gifted.mp4

Download Results:
gid   |stat|avg speed  |  %|path/URI
======+====+===========+===+===================================================
e533d4|ERR |       0B/s|  -|D:/Projects/X vedio downloader/C:/Users/WINDOWS/Desktop/Paul Couvert - OK it's a game changer  You can create and run an AI agent 100% locally on your laptop.  No need to connect or pay a provider like OpenAI or Anthropic.  Combine the open source Google Gemma 3 model, Smolagents and LM Studio and you're ready.  (Links and resources below) #gifted.mp4

Status Legend:
(ERR):error occurred.

aria2 will resume download if the transfer is restarted.
If there are any errors, then see the log file. See '-l' option in help/man page for details.

2025-06-08 11:59:58,293 - __main__ - WARNING - Aria2c 路径失败 (Aria2c下载失败，转为使用yt-dlp下载。)，回退到 yt-dlp 直接下载。
2025-06-08 11:59:58,294 - __main__ - INFO - yt-dlp (下载) 将使用代理: http://127.0.0.1:33210
2025-06-08 11:59:58,294 - __main__ - INFO - 使用 yt-dlp 进行下载: D:\conda\python.exe -m yt_dlp --progress --progress-template download-json:%(progress)j -f best[ext=mp4]/best -o C:\Users\WINDOWS/Desktop\%(title)s.%(ext)s --proxy http://127.0.0.1:33210 https://twitter.com/itsPaulAi/status/1904596098947440998
2025-06-08 11:59:58,838 - __main__ - DEBUG - yt-dlp-raw-output: [twitter] Extracting URL: https://twitter.com/itsPaulAi/status/1904596098947440998
2025-06-08 11:59:58,838 - __main__ - DEBUG - yt-dlp-raw-output: [twitter] 1904596098947440998: Downloading guest token
2025-06-08 12:00:00,072 - __main__ - DEBUG - yt-dlp-raw-output: [twitter] 1904596098947440998: Downloading GraphQL JSON
2025-06-08 12:00:00,944 - __main__ - DEBUG - yt-dlp-raw-output: [twitter] 1904596098947440998: Downloading m3u8 information
2025-06-08 12:00:02,039 - __main__ - DEBUG - yt-dlp-raw-output: [info] 1904593690376757248: Downloading 1 format(s): http-10368
2025-06-08 12:00:03,058 - __main__ - DEBUG - yt-dlp-raw-output: ERROR: unable to open for writing: [Errno 2] No such file or directory: "C:\\Users\\WINDOWS\\Desktop\\Paul Couvert - OK it's a game changer  You can create and run an AI agent 100% locally on your laptop.  No need to connect or pay a provider like OpenAI or Anthropic.  Combine the open source Google Gemma 3 model, Smolagents and LM Studio and you're ready.  (Links and resources below) #gifted.mp4.part"
2025-06-08 12:00:03,058 - __main__ - DEBUG - yt-dlp-raw-output: 
2025-06-08 12:00:03,088 - __main__ - ERROR - yt-dlp 下载失败，返回码: 1. 详细输出:
[twitter] Extracting URL: https://twitter.com/itsPaulAi/status/1904596098947440998
[twitter] 1904596098947440998: Downloading guest token
[twitter] 1904596098947440998: Downloading GraphQL JSON
[twitter] 1904596098947440998: Downloading m3u8 information
[info] 1904593690376757248: Downloading 1 format(s): http-10368
ERROR: unable to open for writing: [Errno 2] No such file or directory: "C:\\Users\\WINDOWS\\Desktop\\Paul Couvert - OK it's a game changer  You can create and run an AI agent 100% locally on your laptop.  No need to connect or pay a provider like OpenAI or Anthropic.  Combine the open source Google Gemma 3 model, Smolagents and LM Studio and you're ready.  (Links and resources below) #gifted.mp4.part"


2025-06-08 12:02:14,576 - werkzeug - INFO - [31m[1mWARNING: This is a development server. Do not use it in a production deployment. Use a production WSGI server instead.[0m
 * Running on all addresses (0.0.0.0)
 * Running on http://127.0.0.1:5000
 * Running on http://192.168.2.247:5000
2025-06-08 12:02:14,576 - werkzeug - INFO - [33mPress CTRL+C to quit[0m
2025-06-08 12:02:19,396 - werkzeug - INFO - 192.168.2.247 - - [08/Jun/2025 12:02:19] "GET / HTTP/1.1" 200 -
2025-06-08 12:02:24,320 - __main__ - INFO - 下载请求 - URL: https://x.com/itsPaulAi/status/1904596098947440998
2025-06-08 12:02:24,321 - __main__ - INFO - 正在获取视频信息以生成安全文件名...
2025-06-08 12:02:30,766 - __main__ - INFO - 将要保存的文件名: Paul Couvert - OK it's a game changer  You can create and run an AI agent 100% locally on your laptop.  No need to connect or pay a provider like Open.mp4
2025-06-08 12:02:30,767 - __main__ - INFO - 尝试使用 aria2c 下载...
2025-06-08 12:02:30,768 - __main__ - INFO - Aria2c 将使用代理: http://127.0.0.1:33210
2025-06-08 12:02:30,768 - __main__ - INFO - 使用 aria2c 进行下载: D:\Projects\X vedio downloader\aria2\aria2-1.36.0-win-64bit-build1\aria2c.exe --max-connection-per-server=16 --min-split-size=1M --split=16 --max-concurrent-downloads=16 --disk-cache=128M --file-allocation=none --summary-interval=1 --human-readable=true --download-result=full --console-log-level=notice --auto-file-renaming=false --allow-overwrite=true --continue=true --max-tries=10 --retry-wait=1 --connect-timeout=20 --timeout=20 --lowest-speed-limit=50K --max-file-not-found=5 --max-resume-failure-tries=5 --http-accept-gzip=true --stream-piece-selector=geom -x16 -s16 -j16 -d C:\Users\WINDOWS/Desktop -o Paul Couvert - OK it's a game changer  You can create and run an AI agent 100% locally on your laptop.  No need to connect or pay a provider like Open.mp4 --all-proxy http://127.0.0.1:33210 https://video.twimg.com/amplify_video/1904593690376757248/pl/avc1/1920x1080/PkNGquQR7HL_0ysL.m3u8
2025-06-08 12:02:30,772 - werkzeug - INFO - 192.168.2.247 - - [08/Jun/2025 12:02:30] "GET /download?url=https://x.com/itsPaulAi/status/1904596098947440998 HTTP/1.1" 200 -
2025-06-08 12:02:32,222 - __main__ - INFO - Aria2c 下载完成: C:\Users\WINDOWS/Desktop\Paul Couvert - OK it's a game changer  You can create and run an AI agent 100% locally on your laptop.  No need to connect or pay a provider like Open.mp4
2025-06-08 12:05:10,740 - werkzeug - INFO - 192.168.2.247 - - [08/Jun/2025 12:05:10] "GET / HTTP/1.1" 200 -
2025-06-08 12:05:12,984 - __main__ - INFO - 下载请求 - URL: https://x.com/itsPaulAi/status/1904596098947440998
2025-06-08 12:05:12,985 - __main__ - INFO - 正在获取视频信息以生成安全文件名...
2025-06-08 12:05:15,968 - __main__ - INFO - 将要保存的文件名: Paul Couvert - OK it's a game changer  You can create and run an AI agent 100% locally on your laptop.  No need to connect or pay a provider like Open.mp4
2025-06-08 12:05:15,969 - __main__ - INFO - 尝试使用 aria2c 下载...
2025-06-08 12:05:15,969 - __main__ - INFO - Aria2c 将使用代理: http://127.0.0.1:33210
2025-06-08 12:05:15,969 - __main__ - INFO - 使用 aria2c 进行下载: D:\Projects\X vedio downloader\aria2\aria2-1.36.0-win-64bit-build1\aria2c.exe --max-connection-per-server=16 --min-split-size=1M --split=16 --max-concurrent-downloads=16 --disk-cache=128M --file-allocation=none --summary-interval=1 --human-readable=true --download-result=full --console-log-level=notice --auto-file-renaming=false --allow-overwrite=true --continue=true --max-tries=10 --retry-wait=1 --connect-timeout=20 --timeout=20 --lowest-speed-limit=50K --max-file-not-found=5 --max-resume-failure-tries=5 --http-accept-gzip=true --stream-piece-selector=geom -x16 -s16 -j16 -d C:\Users\WINDOWS/Desktop -o Paul Couvert - OK it's a game changer  You can create and run an AI agent 100% locally on your laptop.  No need to connect or pay a provider like Open.mp4 --all-proxy http://127.0.0.1:33210 https://video.twimg.com/amplify_video/1904593690376757248/pl/avc1/1920x1080/PkNGquQR7HL_0ysL.m3u8
2025-06-08 12:05:15,971 - werkzeug - INFO - 192.168.2.247 - - [08/Jun/2025 12:05:15] "GET /download?url=https://x.com/itsPaulAi/status/1904596098947440998 HTTP/1.1" 200 -
2025-06-08 12:05:17,391 - __main__ - INFO - Aria2c 下载完成: C:\Users\WINDOWS/Desktop\Paul Couvert - OK it's a game changer  You can create and run an AI agent 100% locally on your laptop.  No need to connect or pay a provider like Open.mp4
2025-06-08 12:05:57,762 - __main__ - INFO - 下载请求 - URL: https://x.com/itsPaulAi/status/1904596098947440998
2025-06-08 12:05:57,762 - __main__ - INFO - 正在获取视频信息以生成安全文件名...
2025-06-08 12:06:00,539 - __main__ - INFO - 将要保存的文件名: Paul Couvert - OK it's a game changer  You can create and run an AI agent 100% locally on your laptop.  No need to connect or pay a provider like Open.mp4
2025-06-08 12:06:00,539 - __main__ - INFO - 尝试使用 aria2c 下载...
2025-06-08 12:06:00,540 - __main__ - INFO - Aria2c 将使用代理: http://127.0.0.1:33210
2025-06-08 12:06:00,541 - __main__ - INFO - 使用 aria2c 进行下载: D:\Projects\X vedio downloader\aria2\aria2-1.36.0-win-64bit-build1\aria2c.exe --max-connection-per-server=16 --min-split-size=1M --split=16 --max-concurrent-downloads=16 --disk-cache=128M --file-allocation=none --summary-interval=1 --human-readable=true --download-result=full --console-log-level=notice --auto-file-renaming=false --allow-overwrite=true --continue=true --max-tries=10 --retry-wait=1 --connect-timeout=20 --timeout=20 --lowest-speed-limit=50K --max-file-not-found=5 --max-resume-failure-tries=5 --http-accept-gzip=true --stream-piece-selector=geom -x16 -s16 -j16 -d C:\Users\WINDOWS/Desktop -o Paul Couvert - OK it's a game changer  You can create and run an AI agent 100% locally on your laptop.  No need to connect or pay a provider like Open.mp4 --all-proxy http://127.0.0.1:33210 https://video.twimg.com/amplify_video/1904593690376757248/pl/avc1/1920x1080/PkNGquQR7HL_0ysL.m3u8
2025-06-08 12:06:00,542 - werkzeug - INFO - 192.168.2.247 - - [08/Jun/2025 12:06:00] "GET /download?url=https://x.com/itsPaulAi/status/1904596098947440998 HTTP/1.1" 200 -
2025-06-08 12:06:01,622 - __main__ - INFO - Aria2c 下载完成: C:\Users\WINDOWS/Desktop\Paul Couvert - OK it's a game changer  You can create and run an AI agent 100% locally on your laptop.  No need to connect or pay a provider like Open.mp4
2025-06-08 12:08:07,068 - __main__ - INFO - 下载请求 - URL: https://x.com/itsPaulAi/status/1904596098947440998
2025-06-08 12:08:07,068 - __main__ - INFO - 正在获取视频信息以生成安全文件名...
2025-06-08 12:08:10,452 - __main__ - INFO - 将要保存的文件名: Paul Couvert - OK it's a game changer  You can create and run an AI agent 100% locally on your laptop.  No need to connect or pay a provider like Open.mp4
2025-06-08 12:08:10,452 - __main__ - INFO - 尝试使用 aria2c 下载...
2025-06-08 12:08:10,452 - __main__ - INFO - Aria2c 将使用代理: http://127.0.0.1:33210
2025-06-08 12:08:10,452 - __main__ - INFO - 使用 aria2c 进行下载: D:\Projects\X vedio downloader\aria2\aria2-1.36.0-win-64bit-build1\aria2c.exe --max-connection-per-server=16 --min-split-size=1M --split=16 --max-concurrent-downloads=16 --disk-cache=128M --file-allocation=none --summary-interval=1 --human-readable=true --download-result=full --console-log-level=notice --auto-file-renaming=false --allow-overwrite=true --continue=true --max-tries=10 --retry-wait=1 --connect-timeout=20 --timeout=20 --lowest-speed-limit=50K --max-file-not-found=5 --max-resume-failure-tries=5 --http-accept-gzip=true --stream-piece-selector=geom -x16 -s16 -j16 -d C:\Users\WINDOWS/Desktop -o Paul Couvert - OK it's a game changer  You can create and run an AI agent 100% locally on your laptop.  No need to connect or pay a provider like Open.mp4 --all-proxy http://127.0.0.1:33210 https://video.twimg.com/amplify_video/1904593690376757248/pl/avc1/1920x1080/PkNGquQR7HL_0ysL.m3u8
2025-06-08 12:08:10,454 - werkzeug - INFO - 192.168.2.247 - - [08/Jun/2025 12:08:10] "GET /download?url=https://x.com/itsPaulAi/status/1904596098947440998 HTTP/1.1" 200 -
2025-06-08 12:08:11,705 - __main__ - INFO - Aria2c 下载完成: C:\Users\WINDOWS/Desktop\Paul Couvert - OK it's a game changer  You can create and run an AI agent 100% locally on your laptop.  No need to connect or pay a provider like Open.mp4
2025-06-08 12:10:59,353 - werkzeug - INFO - [31m[1mWARNING: This is a development server. Do not use it in a production deployment. Use a production WSGI server instead.[0m
 * Running on all addresses (0.0.0.0)
 * Running on http://127.0.0.1:5000
 * Running on http://192.168.2.247:5000
2025-06-08 12:10:59,353 - werkzeug - INFO - [33mPress CTRL+C to quit[0m
2025-06-08 12:11:04,510 - werkzeug - INFO - 192.168.2.247 - - [08/Jun/2025 12:11:04] "GET / HTTP/1.1" 200 -
2025-06-08 12:11:25,864 - __main__ - INFO - 下载请求 - URL: https://x.com/itsPaulAi/status/1904596098947440998
2025-06-08 12:11:25,864 - __main__ - INFO - 正在获取视频信息...
2025-06-08 12:11:29,315 - __main__ - INFO - 将要保存的文件名: Paul Couvert - OK it's a game changer  You can create and run an AI agent 100% locally on your laptop.  No need to connect or pay a provider like Open.mp4
2025-06-08 12:11:29,315 - __main__ - INFO - 检测到MP4直接链接，尝试使用 aria2c 高速下载...
2025-06-08 12:11:29,315 - __main__ - INFO - Aria2c 将使用代理: http://127.0.0.1:33210
2025-06-08 12:11:29,315 - __main__ - INFO - 使用 aria2c 进行下载: D:\Projects\X vedio downloader\aria2\aria2-1.36.0-win-64bit-build1\aria2c.exe --max-connection-per-server=16 --min-split-size=1M --split=16 --max-concurrent-downloads=16 --disk-cache=128M --file-allocation=none --summary-interval=1 --human-readable=true --download-result=full --console-log-level=notice --auto-file-renaming=false --allow-overwrite=true --continue=true --max-tries=10 --retry-wait=1 --connect-timeout=20 --timeout=20 --lowest-speed-limit=50K --max-file-not-found=5 --max-resume-failure-tries=5 --http-accept-gzip=true --stream-piece-selector=geom -x16 -s16 -j16 -d C:\Users\WINDOWS/Desktop -o Paul Couvert - OK it's a game changer  You can create and run an AI agent 100% locally on your laptop.  No need to connect or pay a provider like Open.mp4 --all-proxy http://127.0.0.1:33210 https://video.twimg.com/amplify_video/1904593690376757248/vid/avc1/1920x1080/5bNfNM4Yipt8cBXQ.mp4?tag=16
2025-06-08 12:11:29,317 - werkzeug - INFO - 192.168.2.247 - - [08/Jun/2025 12:11:29] "GET /download?url=https://x.com/itsPaulAi/status/1904596098947440998 HTTP/1.1" 200 -
2025-06-08 12:11:38,002 - __main__ - INFO - Aria2c 下载完成: C:\Users\WINDOWS/Desktop\Paul Couvert - OK it's a game changer  You can create and run an AI agent 100% locally on your laptop.  No need to connect or pay a provider like Open.mp4
2025-06-08 12:14:05,286 - werkzeug - INFO - 192.168.2.247 - - [08/Jun/2025 12:14:05] "GET / HTTP/1.1" 200 -
2025-06-08 12:14:07,280 - __main__ - INFO - 下载请求 - URL: https://x.com/lexfridman/status/1919482655126782273
2025-06-08 12:14:07,280 - __main__ - INFO - 正在获取视频信息...
2025-06-08 12:14:10,747 - __main__ - INFO - 将要保存的文件名: Lex Fridman - Here's my conversation with astrophysicist @JannaLevin all about black holes, information paradox, general relativity, quantum mechanics.mp4
2025-06-08 12:14:10,747 - __main__ - INFO - 检测到MP4直接链接，尝试使用 aria2c 高速下载...
2025-06-08 12:14:10,747 - __main__ - INFO - Aria2c 将使用代理: http://127.0.0.1:33210
2025-06-08 12:14:10,747 - __main__ - INFO - 使用 aria2c 进行下载: D:\Projects\X vedio downloader\aria2\aria2-1.36.0-win-64bit-build1\aria2c.exe --max-connection-per-server=16 --min-split-size=1M --split=16 --max-concurrent-downloads=16 --disk-cache=128M --file-allocation=none --summary-interval=1 --human-readable=true --download-result=full --console-log-level=notice --auto-file-renaming=false --allow-overwrite=true --continue=true --max-tries=10 --retry-wait=1 --connect-timeout=20 --timeout=20 --lowest-speed-limit=50K --max-file-not-found=5 --max-resume-failure-tries=5 --http-accept-gzip=true --stream-piece-selector=geom -x16 -s16 -j16 -d C:\Users\WINDOWS/Desktop -o Lex Fridman - Here's my conversation with astrophysicist @JannaLevin all about black holes, information paradox, general relativity, quantum mechanics.mp4 --all-proxy http://127.0.0.1:33210 https://video.twimg.com/amplify_video/1919481065778847744/vid/avc1/1280x720/tAOZX_Vyx5sHCC5u.mp4?tag=16
2025-06-08 12:14:10,750 - werkzeug - INFO - 192.168.2.247 - - [08/Jun/2025 12:14:10] "GET /download?url=https://x.com/lexfridman/status/1919482655126782273 HTTP/1.1" 200 -
2025-06-08 12:14:12,982 - __main__ - INFO - Aria2c 下载进度: 0%
2025-06-08 12:14:13,303 - __main__ - INFO - Aria2c 下载进度: 0%
2025-06-08 12:14:13,980 - __main__ - INFO - Aria2c 下载进度: 0%
2025-06-08 12:14:14,712 - __main__ - INFO - Aria2c 下载进度: 0%
2025-06-08 12:14:14,978 - __main__ - INFO - Aria2c 下载进度: 5%
2025-06-08 12:14:15,970 - __main__ - INFO - Aria2c 下载进度: 5%
2025-06-08 12:14:15,970 - __main__ - INFO - Aria2c 下载进度: 15%
2025-06-08 12:14:16,998 - __main__ - INFO - Aria2c 下载进度: 15%
2025-06-08 12:14:16,999 - __main__ - INFO - Aria2c 下载进度: 24%
2025-06-08 12:14:18,441 - __main__ - INFO - Aria2c 下载进度: 24%
2025-06-08 12:14:18,441 - __main__ - INFO - Aria2c 下载进度: 28%
2025-06-08 12:14:19,431 - __main__ - INFO - Aria2c 下载进度: 28%
2025-06-08 12:14:19,431 - __main__ - INFO - Aria2c 下载进度: 32%
2025-06-08 12:14:20,426 - __main__ - INFO - Aria2c 下载进度: 32%
2025-06-08 12:14:20,427 - __main__ - INFO - Aria2c 下载进度: 43%
2025-06-08 12:14:21,416 - __main__ - INFO - Aria2c 下载进度: 43%
2025-06-08 12:14:21,417 - __main__ - INFO - Aria2c 下载进度: 53%
2025-06-08 12:14:22,412 - __main__ - INFO - Aria2c 下载进度: 53%
2025-06-08 12:14:22,412 - __main__ - INFO - Aria2c 下载进度: 64%
2025-06-08 12:14:23,403 - __main__ - INFO - Aria2c 下载进度: 64%
2025-06-08 12:14:23,403 - __main__ - INFO - Aria2c 下载进度: 70%
2025-06-08 12:14:24,393 - __main__ - INFO - Aria2c 下载进度: 70%
2025-06-08 12:14:24,394 - __main__ - INFO - Aria2c 下载进度: 79%
2025-06-08 12:14:25,384 - __main__ - INFO - Aria2c 下载进度: 79%
2025-06-08 12:14:25,384 - __main__ - INFO - Aria2c 下载进度: 89%
2025-06-08 12:14:26,376 - __main__ - INFO - Aria2c 下载进度: 89%
2025-06-08 12:14:26,377 - __main__ - INFO - Aria2c 下载进度: 97%
2025-06-08 12:14:27,370 - __main__ - INFO - Aria2c 下载进度: 97%
2025-06-08 12:14:27,371 - __main__ - INFO - Aria2c 下载进度: 99%
2025-06-08 12:14:27,373 - __main__ - INFO - Aria2c 下载进度: 99%
2025-06-08 12:14:27,649 - __main__ - INFO - Aria2c 下载完成: C:\Users\WINDOWS/Desktop\Lex Fridman - Here's my conversation with astrophysicist @JannaLevin all about black holes, information paradox, general relativity, quantum mechanics.mp4
2025-06-08 12:25:32,651 - __main__ - INFO - 下载请求 - URL: https://www.bbc.co.uk/news/articles/c4gkyggekgyo
2025-06-08 12:25:32,651 - __main__ - INFO - 正在获取视频信息...
2025-06-08 12:26:48,667 - werkzeug - INFO - 192.168.2.247 - - [08/Jun/2025 12:26:48] "GET / HTTP/1.1" 200 -
2025-06-08 12:27:13,040 - __main__ - INFO - 下载请求 - URL: https://cn.pornhub.com/view_video.php?viewkey=680a923a0c412
2025-06-08 12:27:13,041 - __main__ - INFO - 正在获取视频信息...
2025-06-08 12:27:20,063 - __main__ - INFO - 将要保存的文件名: Step Mom Says, _Now You Can Fuck My Ass_ - Taboo Heat - Cory Chase_.mp4
2025-06-08 12:27:20,063 - __main__ - INFO - 检测到MP4直接链接，尝试使用 aria2c 高速下载...
2025-06-08 12:27:20,063 - __main__ - INFO - Aria2c 将使用代理: http://127.0.0.1:33210
2025-06-08 12:27:20,063 - __main__ - INFO - 使用 aria2c 进行下载: D:\Projects\X vedio downloader\aria2\aria2-1.36.0-win-64bit-build1\aria2c.exe --max-connection-per-server=16 --min-split-size=1M --split=16 --max-concurrent-downloads=16 --disk-cache=128M --file-allocation=none --summary-interval=1 --human-readable=true --download-result=full --console-log-level=notice --auto-file-renaming=false --allow-overwrite=true --continue=true --max-tries=10 --retry-wait=1 --connect-timeout=20 --timeout=20 --lowest-speed-limit=50K --max-file-not-found=5 --max-resume-failure-tries=5 --http-accept-gzip=true --stream-piece-selector=geom -x16 -s16 -j16 -d C:\Users\WINDOWS/Desktop -o Step Mom Says, _Now You Can Fuck My Ass_ - Taboo Heat - Cory Chase_.mp4 --all-proxy http://127.0.0.1:33210 https://kv-h.phncdn.com/hls/videos/202504/24/467728125/1080P_4000K_467728125.mp4/index-v1-a1.m3u8?hdnea=st=1749356831~exp=1749360431~hdl=-1~hmac=a0895eee6ea03b063d15d7177c7a9c27c07a48b6
2025-06-08 12:27:20,333 - werkzeug - INFO - 192.168.2.247 - - [08/Jun/2025 12:27:20] "GET /download?url=https://cn.pornhub.com/view_video.php?viewkey%3D680a923a0c412 HTTP/1.1" 200 -
2025-06-08 12:27:21,815 - __main__ - INFO - Aria2c 下载完成: C:\Users\WINDOWS/Desktop\Step Mom Says, _Now You Can Fuck My Ass_ - Taboo Heat - Cory Chase_.mp4
2025-06-08 12:27:53,189 - werkzeug - INFO - [31m[1mWARNING: This is a development server. Do not use it in a production deployment. Use a production WSGI server instead.[0m
 * Running on all addresses (0.0.0.0)
 * Running on http://127.0.0.1:5000
 * Running on http://192.168.2.247:5000
2025-06-08 12:27:53,190 - werkzeug - INFO - [33mPress CTRL+C to quit[0m
2025-06-08 12:28:09,013 - __main__ - INFO - 下载请求 - URL: https://cn.pornhub.com/view_video.php?viewkey=680a923a0c412
2025-06-08 12:28:09,013 - __main__ - INFO - 正在获取视频信息...
2025-06-08 12:28:22,616 - __main__ - INFO - 将要保存的文件名: Step Mom Says, _Now You Can Fuck My Ass_ - Taboo Heat - Cory Chase_.mp4
2025-06-08 12:28:22,616 - __main__ - INFO - 检测到MP4直接链接，尝试使用 aria2c 高速下载...
2025-06-08 12:28:22,616 - __main__ - INFO - Aria2c 将使用代理: http://127.0.0.1:33210
2025-06-08 12:28:22,616 - __main__ - INFO - 使用 aria2c 进行下载: D:\Projects\X vedio downloader\aria2\aria2-1.36.0-win-64bit-build1\aria2c.exe --max-connection-per-server=16 --min-split-size=1M --split=16 --max-concurrent-downloads=16 --disk-cache=128M --file-allocation=none --summary-interval=1 --human-readable=true --download-result=full --console-log-level=notice --auto-file-renaming=false --allow-overwrite=true --continue=true --max-tries=10 --retry-wait=1 --connect-timeout=20 --timeout=20 --lowest-speed-limit=50K --max-file-not-found=5 --max-resume-failure-tries=5 --http-accept-gzip=true --stream-piece-selector=geom -x16 -s16 -j16 -d C:\Users\WINDOWS/Desktop -o Step Mom Says, _Now You Can Fuck My Ass_ - Taboo Heat - Cory Chase_.mp4 --all-proxy http://127.0.0.1:33210 https://ev-h.phncdn.com/hls/videos/202504/24/467728125/1080P_4000K_467728125.mp4/index-v1-a1.m3u8?validfrom=1749353288&validto=1749360488&ipa=162.243.2.227&hdl=-1&hash=a1mYeYi7QPbkxUFUFlyyVs7gZvM%3D
2025-06-08 12:28:22,619 - werkzeug - INFO - 192.168.2.247 - - [08/Jun/2025 12:28:22] "GET /download?url=https://cn.pornhub.com/view_video.php?viewkey%3D680a923a0c412 HTTP/1.1" 200 -
2025-06-08 12:28:25,352 - __main__ - INFO - Aria2c 下载进度: 63%
2025-06-08 12:28:25,828 - __main__ - INFO - Aria2c 下载进度: 63%
2025-06-08 12:28:25,835 - __main__ - ERROR - Aria2c 下载失败，返回码: 22. 详细输出:

06/08 12:28:22 [[1;32mNOTICE[0m] Downloading 1 item(s)

                                                                               
 *** Download Progress Summary as of Sun Jun 08 12:28:23 2025 *** 
===============================================================================
[#ee7da8 0B/0B CN:1 DL:0B]
FILE: C:/Users/WINDOWS/Desktop/Step Mom Says, _Now You Can Fuck My Ass_ - Taboo Heat - Cory Chase_.mp4
-------------------------------------------------------------------------------

[#ee7da8 0B/0B CN:1 DL:0B]
                                                                               
 *** Download Progress Summary as of Sun Jun 08 12:28:25 2025 *** 
===============================================================================
[#ee7da8 16KiB/25KiB(63%) CN:1 DL:0B]
FILE: C:/Users/WINDOWS/Desktop/Step Mom Says, _Now You Can Fuck My Ass_ - Taboo Heat - Cory Chase_.mp4
-------------------------------------------------------------------------------

[#ee7da8 16KiB/25KiB(63%) CN:1 DL:0B]
06/08 12:28:25 [[1;31mERROR[0m] CUID#8 - Download aborted. URI=https://ev-h.phncdn.com/hls/videos/202504/24/467728125/1080P_4000K_467728125.mp4/index-v1-a1.m3u8?validfrom=1749353288&validto=1749360488&ipa=162.243.2.227&hdl=-1&hash=a1mYeYi7QPbkxUFUFlyyVs7gZvM%3D
Exception: [AbstractCommand.cc:351] errorCode=22 URI=https://ev-h.phncdn.com/hls/videos/202504/24/467728125/1080P_4000K_467728125.mp4/index-v1-a1.m3u8?validfrom=1749353288&validto=1749360488&ipa=162.243.2.227&hdl=-1&hash=a1mYeYi7QPbkxUFUFlyyVs7gZvM%3D
  -> [HttpSkipResponseCommand.cc:239] errorCode=22 The response status is not successful. status=416

06/08 12:28:25 [[1;32mNOTICE[0m] Download GID#ee7da8fcce88d068 not complete: C:/Users/WINDOWS/Desktop/Step Mom Says, _Now You Can Fuck My Ass_ - Taboo Heat - Cory Chase_.mp4

Download Results:
gid   |stat|avg speed  |  %|path/URI
======+====+===========+===+===================================================
ee7da8|ERR |       0B/s|  0|C:/Users/WINDOWS/Desktop/Step Mom Says, _Now You Can Fuck My Ass_ - Taboo Heat - Cory Chase_.mp4

Status Legend:
(ERR):error occurred.

aria2 will resume download if the transfer is restarted.
If there are any errors, then see the log file. See '-l' option in help/man page for details.

2025-06-08 12:28:25,835 - __main__ - WARNING - Aria2c 下载路径出错 (Aria2c下载失败。)，将回退到 yt-dlp。
2025-06-08 12:28:25,836 - __main__ - WARNING - 使用 yt-dlp 进行下载 (处理M3U8或作为备用方案)。
2025-06-08 12:28:25,836 - __main__ - INFO - 使用 yt-dlp 进行下载: D:\conda\python.exe -m yt_dlp --progress --progress-template download-json:%(progress)j --no-overwrites -f bestvideo[ext=mp4]+bestaudio[ext=m4a]/best[ext=mp4]/best -o C:\Users\WINDOWS/Desktop\Step Mom Says, _Now You Can Fuck My Ass_ - Taboo Heat - Cory Chase_.mp4 --proxy http://127.0.0.1:33210 https://cn.pornhub.com/view_video.php?viewkey=680a923a0c412
2025-06-08 12:28:33,788 - __main__ - INFO - yt-dlp 下载完成。
2025-06-08 12:29:08,853 - werkzeug - INFO - 192.168.2.247 - - [08/Jun/2025 12:29:08] "GET / HTTP/1.1" 200 -
2025-06-08 12:29:10,668 - __main__ - INFO - 下载请求 - URL: https://cn.pornhub.com/view_video.php?viewkey=65e0227d09486
2025-06-08 12:29:10,668 - __main__ - INFO - 正在获取视频信息...
2025-06-08 12:29:18,389 - __main__ - INFO - 将要保存的文件名: COW STEPMOMS VISITS HE WHO SHALL NOT BE NAMED.mp4
2025-06-08 12:29:18,390 - __main__ - INFO - 检测到MP4直接链接，尝试使用 aria2c 高速下载...
2025-06-08 12:29:18,390 - __main__ - INFO - Aria2c 将使用代理: http://127.0.0.1:33210
2025-06-08 12:29:18,390 - __main__ - INFO - 使用 aria2c 进行下载: D:\Projects\X vedio downloader\aria2\aria2-1.36.0-win-64bit-build1\aria2c.exe --max-connection-per-server=16 --min-split-size=1M --split=16 --max-concurrent-downloads=16 --disk-cache=128M --file-allocation=none --summary-interval=1 --human-readable=true --download-result=full --console-log-level=notice --auto-file-renaming=false --allow-overwrite=true --continue=true --max-tries=10 --retry-wait=1 --connect-timeout=20 --timeout=20 --lowest-speed-limit=50K --max-file-not-found=5 --max-resume-failure-tries=5 --http-accept-gzip=true --stream-piece-selector=geom -x16 -s16 -j16 -d C:\Users\WINDOWS/Desktop -o COW STEPMOMS VISITS HE WHO SHALL NOT BE NAMED.mp4 --all-proxy http://127.0.0.1:33210 https://ev-h.phncdn.com/hls/videos/202402/29/448862811/1080P_4000K_448862811.mp4/index-v1-a1.m3u8?validfrom=1749353349&validto=1749360549&ipa=162.243.18.141&hdl=-1&hash=cVMaG3DaToOELTIIJ%2Bml0o%2B4w4I%3D
2025-06-08 12:29:18,395 - werkzeug - INFO - 192.168.2.247 - - [08/Jun/2025 12:29:18] "GET /download?url=https://cn.pornhub.com/view_video.php?viewkey%3D65e0227d09486 HTTP/1.1" 200 -
2025-06-08 12:29:20,119 - __main__ - INFO - Aria2c 下载完成: C:\Users\WINDOWS/Desktop\COW STEPMOMS VISITS HE WHO SHALL NOT BE NAMED.mp4
2025-06-08 12:30:40,876 - werkzeug - INFO - 192.168.2.247 - - [08/Jun/2025 12:30:40] "GET / HTTP/1.1" 200 -
2025-06-08 12:30:42,395 - __main__ - INFO - 下载请求 - URL: https://cn.pornhub.com/view_video.php?viewkey=67fd63b03fbf0
2025-06-08 12:30:42,396 - __main__ - INFO - 正在获取视频信息...
2025-06-08 12:30:49,388 - __main__ - INFO - 将要保存的文件名: MILF w_ Breeding Fetish Jennifer White asks Stepson, _Can You Cum Inside Me_ Please._ S1_E6.mp4
2025-06-08 12:30:49,388 - __main__ - INFO - 检测到MP4直接链接，尝试使用 aria2c 高速下载...
2025-06-08 12:30:49,388 - __main__ - INFO - Aria2c 将使用代理: http://127.0.0.1:33210
2025-06-08 12:30:49,388 - __main__ - INFO - 使用 aria2c 进行下载: D:\Projects\X vedio downloader\aria2\aria2-1.36.0-win-64bit-build1\aria2c.exe --max-connection-per-server=16 --min-split-size=1M --split=16 --max-concurrent-downloads=16 --disk-cache=128M --file-allocation=none --summary-interval=1 --human-readable=true --download-result=full --console-log-level=notice --auto-file-renaming=false --allow-overwrite=true --continue=true --max-tries=10 --retry-wait=1 --connect-timeout=20 --timeout=20 --lowest-speed-limit=50K --max-file-not-found=5 --max-resume-failure-tries=5 --http-accept-gzip=true --stream-piece-selector=geom -x16 -s16 -j16 -d C:\Users\WINDOWS/Desktop -o MILF w_ Breeding Fetish Jennifer White asks Stepson, _Can You Cum Inside Me_ Please._ S1_E6.mp4 --all-proxy http://127.0.0.1:33210 https://ev-h.phncdn.com/hls/videos/202504/14/467266325/1080P_4000K_467266325.mp4/index-v1-a1.m3u8?validfrom=1749353441&validto=1749360641&ipa=162.243.18.141&hdl=-1&hash=zBAP8UOMPqFeF2YzRnx3ZByNzEU%3D
2025-06-08 12:30:49,391 - werkzeug - INFO - 192.168.2.247 - - [08/Jun/2025 12:30:49] "GET /download?url=https://cn.pornhub.com/view_video.php?viewkey%3D67fd63b03fbf0 HTTP/1.1" 200 -
2025-06-08 12:30:51,112 - __main__ - INFO - Aria2c 下载完成: C:\Users\WINDOWS/Desktop\MILF w_ Breeding Fetish Jennifer White asks Stepson, _Can You Cum Inside Me_ Please._ S1_E6.mp4
2025-06-08 12:32:08,696 - __main__ - INFO - 下载请求 - URL: https://x.com/lexfridman/status/1915492594567799193
2025-06-08 12:32:08,697 - __main__ - INFO - 正在获取视频信息...
2025-06-08 12:32:11,828 - __main__ - INFO - 将要保存的文件名: Lex Fridman - Here's my conversation with Jeffrey Wasserstrom, a historian of modern China. We talk about China under Xi Jinping, Trump &amp; US-China.mp4
2025-06-08 12:32:11,828 - __main__ - INFO - 检测到MP4直接链接，尝试使用 aria2c 高速下载...
2025-06-08 12:32:11,828 - __main__ - INFO - Aria2c 将使用代理: http://127.0.0.1:33210
2025-06-08 12:32:11,828 - __main__ - INFO - 使用 aria2c 进行下载: D:\Projects\X vedio downloader\aria2\aria2-1.36.0-win-64bit-build1\aria2c.exe --max-connection-per-server=16 --min-split-size=1M --split=16 --max-concurrent-downloads=16 --disk-cache=128M --file-allocation=none --summary-interval=1 --human-readable=true --download-result=full --console-log-level=notice --auto-file-renaming=false --allow-overwrite=true --continue=true --max-tries=10 --retry-wait=1 --connect-timeout=20 --timeout=20 --lowest-speed-limit=50K --max-file-not-found=5 --max-resume-failure-tries=5 --http-accept-gzip=true --stream-piece-selector=geom -x16 -s16 -j16 -d C:\Users\WINDOWS/Desktop -o Lex Fridman - Here's my conversation with Jeffrey Wasserstrom, a historian of modern China. We talk about China under Xi Jinping, Trump &amp; US-China.mp4 --all-proxy http://127.0.0.1:33210 https://video.twimg.com/amplify_video/1915490919316410368/vid/avc1/1920x1080/pEbe5ydXjYfWbwew.mp4?tag=16
2025-06-08 12:32:11,831 - werkzeug - INFO - 192.168.2.247 - - [08/Jun/2025 12:32:11] "GET /download?url=https://x.com/lexfridman/status/1915492594567799193 HTTP/1.1" 200 -
2025-06-08 12:33:25,053 - werkzeug - INFO - 192.168.2.247 - - [08/Jun/2025 12:33:25] "GET / HTTP/1.1" 200 -
2025-06-08 12:33:28,456 - __main__ - INFO - 下载请求 - URL: https://x.com/lexfridman/status/1915492594567799193
2025-06-08 12:33:28,456 - __main__ - INFO - 正在获取视频信息...
2025-06-08 12:33:33,365 - __main__ - INFO - 将要保存的文件名: Lex Fridman - Here's my conversation with Jeffrey Wasserstrom, a historian of modern China. We talk about China under Xi Jinping, Trump &amp; US-China.mp4
2025-06-08 12:33:33,366 - __main__ - INFO - 检测到MP4直接链接，尝试使用 aria2c 高速下载...
2025-06-08 12:33:33,367 - __main__ - INFO - Aria2c 将使用代理: http://127.0.0.1:33210
2025-06-08 12:33:33,367 - __main__ - INFO - 使用 aria2c 进行下载: D:\Projects\X vedio downloader\aria2\aria2-1.36.0-win-64bit-build1\aria2c.exe --max-connection-per-server=16 --min-split-size=1M --split=16 --max-concurrent-downloads=16 --disk-cache=128M --file-allocation=none --summary-interval=1 --human-readable=true --download-result=full --console-log-level=notice --auto-file-renaming=false --allow-overwrite=true --continue=true --max-tries=10 --retry-wait=1 --connect-timeout=20 --timeout=20 --lowest-speed-limit=50K --max-file-not-found=5 --max-resume-failure-tries=5 --http-accept-gzip=true --stream-piece-selector=geom -x16 -s16 -j16 -d C:\Users\WINDOWS/Desktop -o Lex Fridman - Here's my conversation with Jeffrey Wasserstrom, a historian of modern China. We talk about China under Xi Jinping, Trump &amp; US-China.mp4 --all-proxy http://127.0.0.1:33210 https://video.twimg.com/amplify_video/1915490919316410368/vid/avc1/1920x1080/pEbe5ydXjYfWbwew.mp4?tag=16
2025-06-08 12:33:33,372 - werkzeug - INFO - 192.168.2.247 - - [08/Jun/2025 12:33:33] "GET /download?url=https://x.com/lexfridman/status/1915492594567799193 HTTP/1.1" 200 -
2025-06-08 12:33:56,508 - werkzeug - INFO - 192.168.2.247 - - [08/Jun/2025 12:33:56] "GET / HTTP/1.1" 200 -
2025-06-08 12:33:59,224 - __main__ - INFO - 下载请求 - URL: https://x.com/lexfridman/status/1915492594567799193
2025-06-08 12:33:59,224 - __main__ - INFO - 正在获取视频信息...
2025-06-08 12:34:00,742 - __main__ - INFO - 将要保存的文件名: Lex Fridman - Here's my conversation with Jeffrey Wasserstrom, a historian of modern China. We talk about China under Xi Jinping, Trump &amp; US-China.mp4
2025-06-08 12:34:00,743 - __main__ - INFO - 检测到MP4直接链接，尝试使用 aria2c 高速下载...
2025-06-08 12:34:00,743 - __main__ - INFO - Aria2c 将使用代理: http://127.0.0.1:33210
2025-06-08 12:34:00,743 - __main__ - INFO - 使用 aria2c 进行下载: D:\Projects\X vedio downloader\aria2\aria2-1.36.0-win-64bit-build1\aria2c.exe --max-connection-per-server=16 --min-split-size=1M --split=16 --max-concurrent-downloads=16 --disk-cache=128M --file-allocation=none --summary-interval=1 --human-readable=true --download-result=full --console-log-level=notice --auto-file-renaming=false --allow-overwrite=true --continue=true --max-tries=10 --retry-wait=1 --connect-timeout=20 --timeout=20 --lowest-speed-limit=50K --max-file-not-found=5 --max-resume-failure-tries=5 --http-accept-gzip=true --stream-piece-selector=geom -x16 -s16 -j16 -d C:\Users\WINDOWS/Desktop -o Lex Fridman - Here's my conversation with Jeffrey Wasserstrom, a historian of modern China. We talk about China under Xi Jinping, Trump &amp; US-China.mp4 --all-proxy http://127.0.0.1:33210 https://video.twimg.com/amplify_video/1915490919316410368/vid/avc1/1920x1080/pEbe5ydXjYfWbwew.mp4?tag=16
2025-06-08 12:34:00,744 - werkzeug - INFO - 192.168.2.247 - - [08/Jun/2025 12:34:00] "GET /download?url=https://x.com/lexfridman/status/1915492594567799193 HTTP/1.1" 200 -
2025-06-08 12:34:01,840 - __main__ - INFO - Aria2c 下载进度: 85%
2025-06-08 12:34:02,830 - __main__ - INFO - Aria2c 下载进度: 85%
2025-06-08 12:34:02,830 - __main__ - INFO - Aria2c 下载进度: 89%
2025-06-08 12:34:03,827 - __main__ - INFO - Aria2c 下载进度: 89%
2025-06-08 12:34:03,827 - __main__ - INFO - Aria2c 下载进度: 97%
2025-06-08 12:34:04,817 - __main__ - INFO - Aria2c 下载进度: 97%
2025-06-08 12:34:04,818 - __main__ - INFO - Aria2c 下载进度: 99%
2025-06-08 12:34:05,418 - __main__ - INFO - Aria2c 下载进度: 99%
2025-06-08 12:34:05,422 - __main__ - INFO - Aria2c 下载完成: C:\Users\WINDOWS/Desktop\Lex Fridman - Here's my conversation with Jeffrey Wasserstrom, a historian of modern China. We talk about China under Xi Jinping, Trump &amp; US-China.mp4
2025-06-08 12:34:18,197 - __main__ - INFO - Aria2c 下载完成: C:\Users\WINDOWS/Desktop\Lex Fridman - Here's my conversation with Jeffrey Wasserstrom, a historian of modern China. We talk about China under Xi Jinping, Trump &amp; US-China.mp4
2025-06-08 12:34:33,657 - __main__ - INFO - 下载请求 - URL: https://x.com/lexfridman/status/1915492594567799193
2025-06-08 12:34:33,657 - __main__ - INFO - 正在获取视频信息...
2025-06-08 12:34:35,188 - __main__ - INFO - 将要保存的文件名: Lex Fridman - Here's my conversation with Jeffrey Wasserstrom, a historian of modern China. We talk about China under Xi Jinping, Trump &amp; US-China.mp4
2025-06-08 12:34:35,188 - __main__ - INFO - 检测到MP4直接链接，尝试使用 aria2c 高速下载...
2025-06-08 12:34:35,190 - __main__ - INFO - Aria2c 将使用代理: http://127.0.0.1:33210
2025-06-08 12:34:35,190 - __main__ - INFO - 使用 aria2c 进行下载: D:\Projects\X vedio downloader\aria2\aria2-1.36.0-win-64bit-build1\aria2c.exe --max-connection-per-server=16 --min-split-size=1M --split=16 --max-concurrent-downloads=16 --disk-cache=128M --file-allocation=none --summary-interval=1 --human-readable=true --download-result=full --console-log-level=notice --auto-file-renaming=false --allow-overwrite=true --continue=true --max-tries=10 --retry-wait=1 --connect-timeout=20 --timeout=20 --lowest-speed-limit=50K --max-file-not-found=5 --max-resume-failure-tries=5 --http-accept-gzip=true --stream-piece-selector=geom -x16 -s16 -j16 -d C:\Users\WINDOWS/Desktop -o Lex Fridman - Here's my conversation with Jeffrey Wasserstrom, a historian of modern China. We talk about China under Xi Jinping, Trump &amp; US-China.mp4 --all-proxy http://127.0.0.1:33210 https://video.twimg.com/amplify_video/1915490919316410368/vid/avc1/1920x1080/pEbe5ydXjYfWbwew.mp4?tag=16
2025-06-08 12:34:35,195 - werkzeug - INFO - 192.168.2.247 - - [08/Jun/2025 12:34:35] "GET /download?url=https://x.com/lexfridman/status/1915492594567799193 HTTP/1.1" 200 -
2025-06-08 12:34:35,712 - __main__ - INFO - Aria2c 下载完成: C:\Users\WINDOWS/Desktop\Lex Fridman - Here's my conversation with Jeffrey Wasserstrom, a historian of modern China. We talk about China under Xi Jinping, Trump &amp; US-China.mp4
2025-06-08 12:35:11,447 - werkzeug - INFO - 192.168.2.247 - - [08/Jun/2025 12:35:11] "GET / HTTP/1.1" 200 -
2025-06-08 12:35:13,235 - __main__ - INFO - 下载请求 - URL: https://x.com/lexfridman/status/1912635743261937868
2025-06-08 12:35:13,235 - __main__ - INFO - 正在获取视频信息...
2025-06-08 12:35:14,870 - __main__ - INFO - 将要保存的文件名: Lex Fridman - Here's my conversation with Robert Rodriguez (@Rodriguez), a legendary filmmaker and creator of Sin City, El Mariachi, Desperado, Spy Ki.mp4
2025-06-08 12:35:14,870 - __main__ - INFO - 检测到MP4直接链接，尝试使用 aria2c 高速下载...
2025-06-08 12:35:14,870 - __main__ - INFO - Aria2c 将使用代理: http://127.0.0.1:33210
2025-06-08 12:35:14,870 - __main__ - INFO - 使用 aria2c 进行下载: D:\Projects\X vedio downloader\aria2\aria2-1.36.0-win-64bit-build1\aria2c.exe --max-connection-per-server=16 --min-split-size=1M --split=16 --max-concurrent-downloads=16 --disk-cache=128M --file-allocation=none --summary-interval=1 --human-readable=true --download-result=full --console-log-level=notice --auto-file-renaming=false --allow-overwrite=true --continue=true --max-tries=10 --retry-wait=1 --connect-timeout=20 --timeout=20 --lowest-speed-limit=50K --max-file-not-found=5 --max-resume-failure-tries=5 --http-accept-gzip=true --stream-piece-selector=geom -x16 -s16 -j16 -d C:\Users\WINDOWS/Desktop -o Lex Fridman - Here's my conversation with Robert Rodriguez (@Rodriguez), a legendary filmmaker and creator of Sin City, El Mariachi, Desperado, Spy Ki.mp4 --all-proxy http://127.0.0.1:33210 https://video.twimg.com/amplify_video/1912629947413192704/vid/avc1/1920x1080/4IDK9n3esswQdZo3.mp4?tag=16
2025-06-08 12:35:14,874 - werkzeug - INFO - 192.168.2.247 - - [08/Jun/2025 12:35:14] "GET /download?url=https://x.com/lexfridman/status/1912635743261937868 HTTP/1.1" 200 -
2025-06-08 12:35:15,876 - __main__ - INFO - Aria2c 下载进度: 0%
2025-06-08 12:35:16,867 - __main__ - INFO - Aria2c 下载进度: 0%
2025-06-08 12:35:16,867 - __main__ - INFO - Aria2c 下载进度: 5%
2025-06-08 12:35:17,864 - __main__ - INFO - Aria2c 下载进度: 5%
2025-06-08 12:35:17,864 - __main__ - INFO - Aria2c 下载进度: 12%
2025-06-08 12:35:18,875 - __main__ - INFO - Aria2c 下载进度: 12%
2025-06-08 12:35:18,875 - __main__ - INFO - Aria2c 下载进度: 19%
2025-06-08 12:35:19,958 - __main__ - INFO - Aria2c 下载进度: 19%
2025-06-08 12:35:19,958 - __main__ - INFO - Aria2c 下载进度: 25%
2025-06-08 12:35:20,955 - __main__ - INFO - Aria2c 下载进度: 25%
2025-06-08 12:35:20,955 - __main__ - INFO - Aria2c 下载进度: 32%
2025-06-08 12:35:21,946 - __main__ - INFO - Aria2c 下载进度: 32%
2025-06-08 12:35:21,947 - __main__ - INFO - Aria2c 下载进度: 38%
2025-06-08 12:35:22,937 - __main__ - INFO - Aria2c 下载进度: 38%
2025-06-08 12:35:22,937 - __main__ - INFO - Aria2c 下载进度: 44%
2025-06-08 12:35:23,928 - __main__ - INFO - Aria2c 下载进度: 44%
2025-06-08 12:35:23,928 - __main__ - INFO - Aria2c 下载进度: 51%
2025-06-08 12:35:24,918 - __main__ - INFO - Aria2c 下载进度: 51%
2025-06-08 12:35:24,918 - __main__ - INFO - Aria2c 下载进度: 57%
2025-06-08 12:35:25,909 - __main__ - INFO - Aria2c 下载进度: 57%
2025-06-08 12:35:25,909 - __main__ - INFO - Aria2c 下载进度: 65%
2025-06-08 12:35:26,899 - __main__ - INFO - Aria2c 下载进度: 65%
2025-06-08 12:35:26,899 - __main__ - INFO - Aria2c 下载进度: 71%
2025-06-08 12:35:27,894 - __main__ - INFO - Aria2c 下载进度: 71%
2025-06-08 12:35:27,894 - __main__ - INFO - Aria2c 下载进度: 78%
2025-06-08 12:35:28,885 - __main__ - INFO - Aria2c 下载进度: 78%
2025-06-08 12:35:28,885 - __main__ - INFO - Aria2c 下载进度: 83%
2025-06-08 12:35:29,880 - __main__ - INFO - Aria2c 下载进度: 83%
2025-06-08 12:35:29,880 - __main__ - INFO - Aria2c 下载进度: 90%
2025-06-08 12:35:30,870 - __main__ - INFO - Aria2c 下载进度: 90%
2025-06-08 12:35:30,870 - __main__ - INFO - Aria2c 下载进度: 96%
2025-06-08 12:35:31,861 - __main__ - INFO - Aria2c 下载进度: 96%
2025-06-08 12:35:31,862 - __main__ - INFO - Aria2c 下载进度: 99%
2025-06-08 12:35:32,570 - __main__ - ERROR - Aria2c 下载失败，返回码: 5. 详细输出:

06/08 12:33:33 [[1;32mNOTICE[0m] Downloading 1 item(s)

                                                                               
 *** Download Progress Summary as of Sun Jun 08 12:33:34 2025 *** 
===============================================================================
[#653a92 0B/0B CN:1 DL:0B]
FILE: C:/Users/WINDOWS/Desktop/Lex Fridman - Here's my conversation with Jeffrey Wasserstrom, a historian of modern China. We talk about China under Xi Jinping, Trump &amp; US-China.mp4
-------------------------------------------------------------------------------

[#653a92 0B/0B CN:1 DL:0B]
                                                                               
 *** Download Progress Summary as of Sun Jun 08 12:33:35 2025 *** 
===============================================================================
[#653a92 95KiB/0B CN:1 DL:164KiB]
FILE: C:/Users/WINDOWS/Desktop/Lex Fridman - Here's my conversation with Jeffrey Wasserstrom, a historian of modern China. We talk about China under Xi Jinping, Trump &amp; US-China.mp4
-------------------------------------------------------------------------------

[#653a92 95KiB/0B CN:1 DL:164KiB]
                                                                               
 *** Download Progress Summary as of Sun Jun 08 12:33:36 2025 *** 
===============================================================================
[#653a92 863KiB/0B CN:1 DL:548KiB]
FILE: C:/Users/WINDOWS/Desktop/Lex Fridman - Here's my conversation with Jeffrey Wasserstrom, a historian of modern China. We talk about China under Xi Jinping, Trump &amp; US-China.mp4
-------------------------------------------------------------------------------

[#653a92 863KiB/0B CN:1 DL:548KiB]
                                                                               
 *** Download Progress Summary as of Sun Jun 08 12:33:37 2025 *** 
===============================================================================
[#653a92 9.8MiB/0B CN:1 DL:3.5MiB]
FILE: C:/Users/WINDOWS/Desktop/Lex Fridman - Here's my conversation with Jeffrey Wasserstrom, a historian of modern China. We talk about China under Xi Jinping, Trump &amp; US-China.mp4
-------------------------------------------------------------------------------

[#653a92 9.8MiB/0B CN:1 DL:3.5MiB]
                                                                               
 *** Download Progress Summary as of Sun Jun 08 12:33:38 2025 *** 
===============================================================================
[#653a92 21MiB/0B CN:1 DL:5.8MiB]
FILE: C:/Users/WINDOWS/Desktop/Lex Fridman - Here's my conversation with Jeffrey Wasserstrom, a historian of modern China. We talk about China under Xi Jinping, Trump &amp; US-China.mp4
-------------------------------------------------------------------------------

[#653a92 21MiB/0B CN:1 DL:5.8MiB]
                                                                               
 *** Download Progress Summary as of Sun Jun 08 12:33:39 2025 *** 
===============================================================================
[#653a92 31MiB/0B CN:1 DL:6.6MiB]
FILE: C:/Users/WINDOWS/Desktop/Lex Fridman - Here's my conversation with Jeffrey Wasserstrom, a historian of modern China. We talk about China under Xi Jinping, Trump &amp; US-China.mp4
-------------------------------------------------------------------------------

[#653a92 31MiB/0B CN:1 DL:6.6MiB]
                                                                               
 *** Download Progress Summary as of Sun Jun 08 12:33:40 2025 *** 
===============================================================================
[#653a92 42MiB/0B CN:1 DL:7.3MiB]
FILE: C:/Users/WINDOWS/Desktop/Lex Fridman - Here's my conversation with Jeffrey Wasserstrom, a historian of modern China. We talk about China under Xi Jinping, Trump &amp; US-China.mp4
-------------------------------------------------------------------------------

[#653a92 42MiB/0B CN:1 DL:7.3MiB]
                                                                               
 *** Download Progress Summary as of Sun Jun 08 12:33:41 2025 *** 
===============================================================================
[#653a92 52MiB/0B CN:1 DL:7.8MiB]
FILE: C:/Users/WINDOWS/Desktop/Lex Fridman - Here's my conversation with Jeffrey Wasserstrom, a historian of modern China. We talk about China under Xi Jinping, Trump &amp; US-China.mp4
-------------------------------------------------------------------------------

[#653a92 52MiB/0B CN:1 DL:7.8MiB]
                                                                               
 *** Download Progress Summary as of Sun Jun 08 12:33:42 2025 *** 
===============================================================================
[#653a92 63MiB/0B CN:1 DL:8.2MiB]
FILE: C:/Users/WINDOWS/Desktop/Lex Fridman - Here's my conversation with Jeffrey Wasserstrom, a historian of modern China. We talk about China under Xi Jinping, Trump &amp; US-China.mp4
-------------------------------------------------------------------------------

[#653a92 63MiB/0B CN:1 DL:8.2MiB]
                                                                               
 *** Download Progress Summary as of Sun Jun 08 12:33:43 2025 *** 
===============================================================================
[#653a92 74MiB/0B CN:1 DL:8.5MiB]
FILE: C:/Users/WINDOWS/Desktop/Lex Fridman - Here's my conversation with Jeffrey Wasserstrom, a historian of modern China. We talk about China under Xi Jinping, Trump &amp; US-China.mp4
-------------------------------------------------------------------------------

[#653a92 74MiB/0B CN:1 DL:8.5MiB]
                                                                               
 *** Download Progress Summary as of Sun Jun 08 12:33:44 2025 *** 
===============================================================================
[#653a92 85MiB/0B CN:1 DL:8.8MiB]
FILE: C:/Users/WINDOWS/Desktop/Lex Fridman - Here's my conversation with Jeffrey Wasserstrom, a historian of modern China. We talk about China under Xi Jinping, Trump &amp; US-China.mp4
-------------------------------------------------------------------------------

[#653a92 85MiB/0B CN:1 DL:8.8MiB]
                                                                               
 *** Download Progress Summary as of Sun Jun 08 12:33:45 2025 *** 
===============================================================================
[#653a92 96MiB/0B CN:1 DL:9.9MiB]
FILE: C:/Users/WINDOWS/Desktop/Lex Fridman - Here's my conversation with Jeffrey Wasserstrom, a historian of modern China. We talk about China under Xi Jinping, Trump &amp; US-China.mp4
-------------------------------------------------------------------------------

[#653a92 96MiB/0B CN:1 DL:9.9MiB]
                                                                               
 *** Download Progress Summary as of Sun Jun 08 12:33:46 2025 *** 
===============================================================================
[#653a92 108MiB/0B CN:1 DL:10MiB]
FILE: C:/Users/WINDOWS/Desktop/Lex Fridman - Here's my conversation with Jeffrey Wasserstrom, a historian of modern China. We talk about China under Xi Jinping, Trump &amp; US-China.mp4
-------------------------------------------------------------------------------

[#653a92 108MiB/0B CN:1 DL:10MiB]
                                                                               
 *** Download Progress Summary as of Sun Jun 08 12:33:47 2025 *** 
===============================================================================
[#653a92 119MiB/0B CN:1 DL:10MiB]
FILE: C:/Users/WINDOWS/Desktop/Lex Fridman - Here's my conversation with Jeffrey Wasserstrom, a historian of modern China. We talk about China under Xi Jinping, Trump &amp; US-China.mp4
-------------------------------------------------------------------------------

[#653a92 119MiB/0B CN:1 DL:10MiB]
                                                                               
 *** Download Progress Summary as of Sun Jun 08 12:33:48 2025 *** 
===============================================================================
[#653a92 130MiB/0B CN:1 DL:10MiB]
FILE: C:/Users/WINDOWS/Desktop/Lex Fridman - Here's my conversation with Jeffrey Wasserstrom, a historian of modern China. We talk about China under Xi Jinping, Trump &amp; US-China.mp4
-------------------------------------------------------------------------------

[#653a92 130MiB/0B CN:1 DL:10MiB]
                                                                               
 *** Download Progress Summary as of Sun Jun 08 12:33:49 2025 *** 
===============================================================================
[#653a92 141MiB/0B CN:1 DL:11MiB]
FILE: C:/Users/WINDOWS/Desktop/Lex Fridman - Here's my conversation with Jeffrey Wasserstrom, a historian of modern China. We talk about China under Xi Jinping, Trump &amp; US-China.mp4
-------------------------------------------------------------------------------

[#653a92 141MiB/0B CN:1 DL:11MiB]
                                                                               
 *** Download Progress Summary as of Sun Jun 08 12:33:50 2025 *** 
===============================================================================
[#653a92 153MiB/0B CN:1 DL:11MiB]
FILE: C:/Users/WINDOWS/Desktop/Lex Fridman - Here's my conversation with Jeffrey Wasserstrom, a historian of modern China. We talk about China under Xi Jinping, Trump &amp; US-China.mp4
-------------------------------------------------------------------------------

[#653a92 153MiB/0B CN:1 DL:11MiB]
                                                                               
 *** Download Progress Summary as of Sun Jun 08 12:33:51 2025 *** 
===============================================================================
[#653a92 164MiB/0B CN:1 DL:11MiB]
FILE: C:/Users/WINDOWS/Desktop/Lex Fridman - Here's my conversation with Jeffrey Wasserstrom, a historian of modern China. We talk about China under Xi Jinping, Trump &amp; US-China.mp4
-------------------------------------------------------------------------------

[#653a92 164MiB/0B CN:1 DL:11MiB]
                                                                               
 *** Download Progress Summary as of Sun Jun 08 12:33:52 2025 *** 
===============================================================================
[#653a92 176MiB/0B CN:1 DL:11MiB]
FILE: C:/Users/WINDOWS/Desktop/Lex Fridman - Here's my conversation with Jeffrey Wasserstrom, a historian of modern China. We talk about China under Xi Jinping, Trump &amp; US-China.mp4
-------------------------------------------------------------------------------

[#653a92 176MiB/0B CN:1 DL:11MiB]
                                                                               
 *** Download Progress Summary as of Sun Jun 08 12:33:53 2025 *** 
===============================================================================
[#653a92 188MiB/0B CN:1 DL:11MiB]
FILE: C:/Users/WINDOWS/Desktop/Lex Fridman - Here's my conversation with Jeffrey Wasserstrom, a historian of modern China. We talk about China under Xi Jinping, Trump &amp; US-China.mp4
-------------------------------------------------------------------------------

[#653a92 188MiB/0B CN:1 DL:11MiB]
                                                                               
 *** Download Progress Summary as of Sun Jun 08 12:33:54 2025 *** 
===============================================================================
[#653a92 200MiB/0B CN:1 DL:11MiB]
FILE: C:/Users/WINDOWS/Desktop/Lex Fridman - Here's my conversation with Jeffrey Wasserstrom, a historian of modern China. We talk about China under Xi Jinping, Trump &amp; US-China.mp4
-------------------------------------------------------------------------------

[#653a92 200MiB/0B CN:1 DL:11MiB]
                                                                               
 *** Download Progress Summary as of Sun Jun 08 12:33:55 2025 *** 
===============================================================================
[#653a92 213MiB/0B CN:1 DL:11MiB]
FILE: C:/Users/WINDOWS/Desktop/Lex Fridman - Here's my conversation with Jeffrey Wasserstrom, a historian of modern China. We talk about China under Xi Jinping, Trump &amp; US-China.mp4
-------------------------------------------------------------------------------

[#653a92 213MiB/0B CN:1 DL:11MiB]
                                                                               
 *** Download Progress Summary as of Sun Jun 08 12:33:56 2025 *** 
===============================================================================
[#653a92 227MiB/0B CN:1 DL:12MiB]
FILE: C:/Users/WINDOWS/Desktop/Lex Fridman - Here's my conversation with Jeffrey Wasserstrom, a historian of modern China. We talk about China under Xi Jinping, Trump &amp; US-China.mp4
-------------------------------------------------------------------------------

[#653a92 227MiB/0B CN:1 DL:12MiB]
                                                                               
 *** Download Progress Summary as of Sun Jun 08 12:33:57 2025 *** 
===============================================================================
[#653a92 242MiB/0B CN:1 DL:12MiB]
FILE: C:/Users/WINDOWS/Desktop/Lex Fridman - Here's my conversation with Jeffrey Wasserstrom, a historian of modern China. We talk about China under Xi Jinping, Trump &amp; US-China.mp4
-------------------------------------------------------------------------------

[#653a92 242MiB/0B CN:1 DL:12MiB]
                                                                               
 *** Download Progress Summary as of Sun Jun 08 12:33:58 2025 *** 
===============================================================================
[#653a92 258MiB/0B CN:1 DL:12MiB]
FILE: C:/Users/WINDOWS/Desktop/Lex Fridman - Here's my conversation with Jeffrey Wasserstrom, a historian of modern China. We talk about China under Xi Jinping, Trump &amp; US-China.mp4
-------------------------------------------------------------------------------

[#653a92 258MiB/0B CN:1 DL:12MiB]
                                                                               
 *** Download Progress Summary as of Sun Jun 08 12:33:59 2025 *** 
===============================================================================
[#653a92 274MiB/0B CN:1 DL:13MiB]
FILE: C:/Users/WINDOWS/Desktop/Lex Fridman - Here's my conversation with Jeffrey Wasserstrom, a historian of modern China. We talk about China under Xi Jinping, Trump &amp; US-China.mp4
-------------------------------------------------------------------------------

[#653a92 274MiB/0B CN:1 DL:13MiB]
                                                                               
 *** Download Progress Summary as of Sun Jun 08 12:34:00 2025 *** 
===============================================================================
[#653a92 292MiB/0B CN:1 DL:14MiB]
FILE: C:/Users/WINDOWS/Desktop/Lex Fridman - Here's my conversation with Jeffrey Wasserstrom, a historian of modern China. We talk about China under Xi Jinping, Trump &amp; US-China.mp4
-------------------------------------------------------------------------------

[#653a92 292MiB/0B CN:1 DL:14MiB]
                                                                               
 *** Download Progress Summary as of Sun Jun 08 12:34:01 2025 *** 
===============================================================================
[#653a92 308MiB/0B CN:1 DL:14MiB]
FILE: C:/Users/WINDOWS/Desktop/Lex Fridman - Here's my conversation with Jeffrey Wasserstrom, a historian of modern China. We talk about China under Xi Jinping, Trump &amp; US-China.mp4
-------------------------------------------------------------------------------

[#653a92 308MiB/0B CN:1 DL:14MiB]
                                                                               
 *** Download Progress Summary as of Sun Jun 08 12:34:02 2025 *** 
===============================================================================
[#653a92 320MiB/0B CN:1 DL:14MiB]
FILE: C:/Users/WINDOWS/Desktop/Lex Fridman - Here's my conversation with Jeffrey Wasserstrom, a historian of modern China. We talk about China under Xi Jinping, Trump &amp; US-China.mp4
-------------------------------------------------------------------------------

[#653a92 320MiB/0B CN:1 DL:14MiB]
                                                                               
 *** Download Progress Summary as of Sun Jun 08 12:34:03 2025 *** 
===============================================================================
[#653a92 331MiB/0B CN:1 DL:14MiB]
FILE: C:/Users/WINDOWS/Desktop/Lex Fridman - Here's my conversation with Jeffrey Wasserstrom, a historian of modern China. We talk about China under Xi Jinping, Trump &amp; US-China.mp4
-------------------------------------------------------------------------------

[#653a92 331MiB/0B CN:1 DL:14MiB]
                                                                               
 *** Download Progress Summary as of Sun Jun 08 12:34:04 2025 *** 
===============================================================================
[#653a92 345MiB/0B CN:1 DL:14MiB]
FILE: C:/Users/WINDOWS/Desktop/Lex Fridman - Here's my conversation with Jeffrey Wasserstrom, a historian of modern China. We talk about China under Xi Jinping, Trump &amp; US-China.mp4
-------------------------------------------------------------------------------

[#653a92 345MiB/0B CN:1 DL:14MiB]
                                                                               
 *** Download Progress Summary as of Sun Jun 08 12:34:05 2025 *** 
===============================================================================
[#653a92 357MiB/0B CN:1 DL:14MiB]
FILE: C:/Users/WINDOWS/Desktop/Lex Fridman - Here's my conversation with Jeffrey Wasserstrom, a historian of modern China. We talk about China under Xi Jinping, Trump &amp; US-China.mp4
-------------------------------------------------------------------------------

[#653a92 357MiB/0B CN:1 DL:14MiB]
                                                                               
 *** Download Progress Summary as of Sun Jun 08 12:34:06 2025 *** 
===============================================================================
[#653a92 369MiB/0B CN:1 DL:13MiB]
FILE: C:/Users/WINDOWS/Desktop/Lex Fridman - Here's my conversation with Jeffrey Wasserstrom, a historian of modern China. We talk about China under Xi Jinping, Trump &amp; US-China.mp4
-------------------------------------------------------------------------------

[#653a92 369MiB/0B CN:1 DL:13MiB]
                                                                               
 *** Download Progress Summary as of Sun Jun 08 12:34:07 2025 *** 
===============================================================================
[#653a92 380MiB/0B CN:1 DL:13MiB]
FILE: C:/Users/WINDOWS/Desktop/Lex Fridman - Here's my conversation with Jeffrey Wasserstrom, a historian of modern China. We talk about China under Xi Jinping, Trump &amp; US-China.mp4
-------------------------------------------------------------------------------

[#653a92 380MiB/0B CN:1 DL:13MiB]
                                                                               
 *** Download Progress Summary as of Sun Jun 08 12:34:08 2025 *** 
===============================================================================
[#653a92 392MiB/0B CN:1 DL:12MiB]
FILE: C:/Users/WINDOWS/Desktop/Lex Fridman - Here's my conversation with Jeffrey Wasserstrom, a historian of modern China. We talk about China under Xi Jinping, Trump &amp; US-China.mp4
-------------------------------------------------------------------------------

[#653a92 392MiB/0B CN:1 DL:12MiB]
                                                                               
 *** Download Progress Summary as of Sun Jun 08 12:34:09 2025 *** 
===============================================================================
[#653a92 404MiB/0B CN:1 DL:12MiB]
FILE: C:/Users/WINDOWS/Desktop/Lex Fridman - Here's my conversation with Jeffrey Wasserstrom, a historian of modern China. We talk about China under Xi Jinping, Trump &amp; US-China.mp4
-------------------------------------------------------------------------------

[#653a92 404MiB/0B CN:1 DL:12MiB]
                                                                               
 *** Download Progress Summary as of Sun Jun 08 12:34:10 2025 *** 
===============================================================================
[#653a92 416MiB/0B CN:1 DL:11MiB]
FILE: C:/Users/WINDOWS/Desktop/Lex Fridman - Here's my conversation with Jeffrey Wasserstrom, a historian of modern China. We talk about China under Xi Jinping, Trump &amp; US-China.mp4
-------------------------------------------------------------------------------

[#653a92 416MiB/0B CN:1 DL:11MiB]
                                                                               
 *** Download Progress Summary as of Sun Jun 08 12:34:11 2025 *** 
===============================================================================
[#653a92 428MiB/0B CN:1 DL:11MiB]
FILE: C:/Users/WINDOWS/Desktop/Lex Fridman - Here's my conversation with Jeffrey Wasserstrom, a historian of modern China. We talk about China under Xi Jinping, Trump &amp; US-China.mp4
-------------------------------------------------------------------------------

[#653a92 428MiB/0B CN:1 DL:11MiB]
                                                                               
 *** Download Progress Summary as of Sun Jun 08 12:34:12 2025 *** 
===============================================================================
[#653a92 440MiB/0B CN:1 DL:11MiB]
FILE: C:/Users/WINDOWS/Desktop/Lex Fridman - Here's my conversation with Jeffrey Wasserstrom, a historian of modern China. We talk about China under Xi Jinping, Trump &amp; US-China.mp4
-------------------------------------------------------------------------------

[#653a92 440MiB/0B CN:1 DL:11MiB]
                                                                               
 *** Download Progress Summary as of Sun Jun 08 12:34:13 2025 *** 
===============================================================================
[#653a92 452MiB/0B CN:1 DL:12MiB]
FILE: C:/Users/WINDOWS/Desktop/Lex Fridman - Here's my conversation with Jeffrey Wasserstrom, a historian of modern China. We talk about China under Xi Jinping, Trump &amp; US-China.mp4
-------------------------------------------------------------------------------

[#653a92 452MiB/0B CN:1 DL:12MiB]
                                                                               
 *** Download Progress Summary as of Sun Jun 08 12:34:14 2025 *** 
===============================================================================
[#653a92 464MiB/0B CN:1 DL:11MiB]
FILE: C:/Users/WINDOWS/Desktop/Lex Fridman - Here's my conversation with Jeffrey Wasserstrom, a historian of modern China. We talk about China under Xi Jinping, Trump &amp; US-China.mp4
-------------------------------------------------------------------------------

[#653a92 464MiB/0B CN:1 DL:11MiB]
                                                                               
 *** Download Progress Summary as of Sun Jun 08 12:34:15 2025 *** 
===============================================================================
[#653a92 470MiB/0B CN:1 DL:11MiB]
FILE: C:/Users/WINDOWS/Desktop/Lex Fridman - Here's my conversation with Jeffrey Wasserstrom, a historian of modern China. We talk about China under Xi Jinping, Trump &amp; US-China.mp4
-------------------------------------------------------------------------------

[#653a92 470MiB/0B CN:1 DL:11MiB]
                                                                               
 *** Download Progress Summary as of Sun Jun 08 12:34:16 2025 *** 
===============================================================================
[#653a92 482MiB/0B CN:1 DL:10MiB]
FILE: C:/Users/WINDOWS/Desktop/Lex Fridman - Here's my conversation with Jeffrey Wasserstrom, a historian of modern China. We talk about China under Xi Jinping, Trump &amp; US-China.mp4
-------------------------------------------------------------------------------

[#653a92 482MiB/0B CN:1 DL:10MiB]
                                                                               
 *** Download Progress Summary as of Sun Jun 08 12:34:17 2025 *** 
===============================================================================
[#653a92 494MiB/0B CN:1 DL:10MiB]
FILE: C:/Users/WINDOWS/Desktop/Lex Fridman - Here's my conversation with Jeffrey Wasserstrom, a historian of modern China. We talk about China under Xi Jinping, Trump &amp; US-China.mp4
-------------------------------------------------------------------------------

[#653a92 494MiB/0B CN:1 DL:10MiB]
                                                                               
 *** Download Progress Summary as of Sun Jun 08 12:34:18 2025 *** 
===============================================================================
[#653a92 502MiB/0B CN:1 DL:10MiB]
FILE: C:/Users/WINDOWS/Desktop/Lex Fridman - Here's my conversation with Jeffrey Wasserstrom, a historian of modern China. We talk about China under Xi Jinping, Trump &amp; US-China.mp4
-------------------------------------------------------------------------------

[#653a92 502MiB/0B CN:1 DL:10MiB]
                                                                               
 *** Download Progress Summary as of Sun Jun 08 12:34:19 2025 *** 
===============================================================================
[#653a92 516MiB/0B CN:1 DL:10MiB]
FILE: C:/Users/WINDOWS/Desktop/Lex Fridman - Here's my conversation with Jeffrey Wasserstrom, a historian of modern China. We talk about China under Xi Jinping, Trump &amp; US-China.mp4
-------------------------------------------------------------------------------

[#653a92 516MiB/0B CN:1 DL:10MiB]
                                                                               
 *** Download Progress Summary as of Sun Jun 08 12:34:20 2025 *** 
===============================================================================
[#653a92 538MiB/0B CN:1 DL:11MiB]
FILE: C:/Users/WINDOWS/Desktop/Lex Fridman - Here's my conversation with Jeffrey Wasserstrom, a historian of modern China. We talk about China under Xi Jinping, Trump &amp; US-China.mp4
-------------------------------------------------------------------------------

[#653a92 538MiB/0B CN:1 DL:11MiB]
                                                                               
 *** Download Progress Summary as of Sun Jun 08 12:34:21 2025 *** 
===============================================================================
[#653a92 549MiB/0B CN:1 DL:11MiB]
FILE: C:/Users/WINDOWS/Desktop/Lex Fridman - Here's my conversation with Jeffrey Wasserstrom, a historian of modern China. We talk about China under Xi Jinping, Trump &amp; US-China.mp4
-------------------------------------------------------------------------------

[#653a92 549MiB/0B CN:1 DL:11MiB]
                                                                               
 *** Download Progress Summary as of Sun Jun 08 12:34:22 2025 *** 
===============================================================================
[#653a92 561MiB/0B CN:1 DL:11MiB]
FILE: C:/Users/WINDOWS/Desktop/Lex Fridman - Here's my conversation with Jeffrey Wasserstrom, a historian of modern China. We talk about China under Xi Jinping, Trump &amp; US-China.mp4
-------------------------------------------------------------------------------

[#653a92 561MiB/0B CN:1 DL:11MiB]
                                                                               
 *** Download Progress Summary as of Sun Jun 08 12:34:24 2025 *** 
===============================================================================
[#653a92 573MiB/0B CN:1 DL:11MiB]
FILE: C:/Users/WINDOWS/Desktop/Lex Fridman - Here's my conversation with Jeffrey Wasserstrom, a historian of modern China. We talk about China under Xi Jinping, Trump &amp; US-China.mp4
-------------------------------------------------------------------------------

[#653a92 573MiB/0B CN:1 DL:11MiB]
                                                                               
 *** Download Progress Summary as of Sun Jun 08 12:34:25 2025 *** 
===============================================================================
[#653a92 582MiB/0B CN:1 DL:12MiB]
FILE: C:/Users/WINDOWS/Desktop/Lex Fridman - Here's my conversation with Jeffrey Wasserstrom, a historian of modern China. We talk about China under Xi Jinping, Trump &amp; US-China.mp4
-------------------------------------------------------------------------------

[#653a92 582MiB/0B CN:1 DL:12MiB]
                                                                               
 *** Download Progress Summary as of Sun Jun 08 12:34:26 2025 *** 
===============================================================================
[#653a92 591MiB/0B CN:1 DL:11MiB]
FILE: C:/Users/WINDOWS/Desktop/Lex Fridman - Here's my conversation with Jeffrey Wasserstrom, a historian of modern China. We talk about China under Xi Jinping, Trump &amp; US-China.mp4
-------------------------------------------------------------------------------

[#653a92 591MiB/0B CN:1 DL:11MiB]
                                                                               
 *** Download Progress Summary as of Sun Jun 08 12:34:27 2025 *** 
===============================================================================
[#653a92 600MiB/0B CN:1 DL:11MiB]
FILE: C:/Users/WINDOWS/Desktop/Lex Fridman - Here's my conversation with Jeffrey Wasserstrom, a historian of modern China. We talk about China under Xi Jinping, Trump &amp; US-China.mp4
-------------------------------------------------------------------------------

[#653a92 600MiB/0B CN:1 DL:11MiB]
                                                                               
 *** Download Progress Summary as of Sun Jun 08 12:34:28 2025 *** 
===============================================================================
[#653a92 600MiB/0B CN:1 DL:10MiB]
FILE: C:/Users/WINDOWS/Desktop/Lex Fridman - Here's my conversation with Jeffrey Wasserstrom, a historian of modern China. We talk about China under Xi Jinping, Trump &amp; US-China.mp4
-------------------------------------------------------------------------------

[#653a92 600MiB/0B CN:1 DL:10MiB]
                                                                               
 *** Download Progress Summary as of Sun Jun 08 12:34:29 2025 *** 
===============================================================================
[#653a92 631MiB/0B CN:1 DL:12MiB]
FILE: C:/Users/WINDOWS/Desktop/Lex Fridman - Here's my conversation with Jeffrey Wasserstrom, a historian of modern China. We talk about China under Xi Jinping, Trump &amp; US-China.mp4
-------------------------------------------------------------------------------

[#653a92 631MiB/0B CN:1 DL:12MiB]
                                                                               
 *** Download Progress Summary as of Sun Jun 08 12:34:30 2025 *** 
===============================================================================
[#653a92 643MiB/0B CN:1 DL:11MiB]
FILE: C:/Users/WINDOWS/Desktop/Lex Fridman - Here's my conversation with Jeffrey Wasserstrom, a historian of modern China. We talk about China under Xi Jinping, Trump &amp; US-China.mp4
-------------------------------------------------------------------------------

[#653a92 643MiB/0B CN:1 DL:11MiB]
                                                                               
 *** Download Progress Summary as of Sun Jun 08 12:34:31 2025 *** 
===============================================================================
[#653a92 655MiB/0B CN:1 DL:11MiB]
FILE: C:/Users/WINDOWS/Desktop/Lex Fridman - Here's my conversation with Jeffrey Wasserstrom, a historian of modern China. We talk about China under Xi Jinping, Trump &amp; US-China.mp4
-------------------------------------------------------------------------------

[#653a92 655MiB/0B CN:1 DL:11MiB]
                                                                               
 *** Download Progress Summary as of Sun Jun 08 12:34:32 2025 *** 
===============================================================================
[#653a92 664MiB/0B CN:1 DL:11MiB]
FILE: C:/Users/WINDOWS/Desktop/Lex Fridman - Here's my conversation with Jeffrey Wasserstrom, a historian of modern China. We talk about China under Xi Jinping, Trump &amp; US-China.mp4
-------------------------------------------------------------------------------

[#653a92 664MiB/0B CN:1 DL:11MiB]
                                                                               
 *** Download Progress Summary as of Sun Jun 08 12:34:33 2025 *** 
===============================================================================
[#653a92 679MiB/0B CN:1 DL:11MiB]
FILE: C:/Users/WINDOWS/Desktop/Lex Fridman - Here's my conversation with Jeffrey Wasserstrom, a historian of modern China. We talk about China under Xi Jinping, Trump &amp; US-China.mp4
-------------------------------------------------------------------------------

[#653a92 679MiB/0B CN:1 DL:11MiB]
                                                                               
 *** Download Progress Summary as of Sun Jun 08 12:34:34 2025 *** 
===============================================================================
[#653a92 691MiB/0B CN:1 DL:11MiB]
FILE: C:/Users/WINDOWS/Desktop/Lex Fridman - Here's my conversation with Jeffrey Wasserstrom, a historian of modern China. We talk about China under Xi Jinping, Trump &amp; US-China.mp4
-------------------------------------------------------------------------------

[#653a92 691MiB/0B CN:1 DL:11MiB]
                                                                               
 *** Download Progress Summary as of Sun Jun 08 12:34:35 2025 *** 
===============================================================================
[#653a92 702MiB/0B CN:1 DL:12MiB]
FILE: C:/Users/WINDOWS/Desktop/Lex Fridman - Here's my conversation with Jeffrey Wasserstrom, a historian of modern China. We talk about China under Xi Jinping, Trump &amp; US-China.mp4
-------------------------------------------------------------------------------

[#653a92 702MiB/0B CN:1 DL:12MiB]
                                                                               
 *** Download Progress Summary as of Sun Jun 08 12:34:36 2025 *** 
===============================================================================
[#653a92 714MiB/0B CN:1 DL:12MiB]
FILE: C:/Users/WINDOWS/Desktop/Lex Fridman - Here's my conversation with Jeffrey Wasserstrom, a historian of modern China. We talk about China under Xi Jinping, Trump &amp; US-China.mp4
-------------------------------------------------------------------------------

[#653a92 714MiB/0B CN:1 DL:12MiB]
                                                                               
 *** Download Progress Summary as of Sun Jun 08 12:34:37 2025 *** 
===============================================================================
[#653a92 725MiB/0B CN:1 DL:13MiB]
FILE: C:/Users/WINDOWS/Desktop/Lex Fridman - Here's my conversation with Jeffrey Wasserstrom, a historian of modern China. We talk about China under Xi Jinping, Trump &amp; US-China.mp4
-------------------------------------------------------------------------------

[#653a92 725MiB/0B CN:1 DL:13MiB]
                                                                               
 *** Download Progress Summary as of Sun Jun 08 12:34:38 2025 *** 
===============================================================================
[#653a92 735MiB/0B CN:1 DL:11MiB]
FILE: C:/Users/WINDOWS/Desktop/Lex Fridman - Here's my conversation with Jeffrey Wasserstrom, a historian of modern China. We talk about China under Xi Jinping, Trump &amp; US-China.mp4
-------------------------------------------------------------------------------

[#653a92 735MiB/0B CN:1 DL:11MiB]
                                                                               
 *** Download Progress Summary as of Sun Jun 08 12:34:39 2025 *** 
===============================================================================
[#653a92 749MiB/0B CN:1 DL:11MiB]
FILE: C:/Users/WINDOWS/Desktop/Lex Fridman - Here's my conversation with Jeffrey Wasserstrom, a historian of modern China. We talk about China under Xi Jinping, Trump &amp; US-China.mp4
-------------------------------------------------------------------------------

[#653a92 749MiB/0B CN:1 DL:11MiB]
                                                                               
 *** Download Progress Summary as of Sun Jun 08 12:34:40 2025 *** 
===============================================================================
[#653a92 757MiB/0B CN:1 DL:11MiB]
FILE: C:/Users/WINDOWS/Desktop/Lex Fridman - Here's my conversation with Jeffrey Wasserstrom, a historian of modern China. We talk about China under Xi Jinping, Trump &amp; US-China.mp4
-------------------------------------------------------------------------------

[#653a92 757MiB/0B CN:1 DL:11MiB]
                                                                               
 *** Download Progress Summary as of Sun Jun 08 12:34:41 2025 *** 
===============================================================================
[#653a92 761MiB/0B CN:1 DL:10MiB]
FILE: C:/Users/WINDOWS/Desktop/Lex Fridman - Here's my conversation with Jeffrey Wasserstrom, a historian of modern China. We talk about China under Xi Jinping, Trump &amp; US-China.mp4
-------------------------------------------------------------------------------

[#653a92 761MiB/0B CN:1 DL:10MiB]
                                                                               
 *** Download Progress Summary as of Sun Jun 08 12:34:42 2025 *** 
===============================================================================
[#653a92 771MiB/0B CN:1 DL:10MiB]
FILE: C:/Users/WINDOWS/Desktop/Lex Fridman - Here's my conversation with Jeffrey Wasserstrom, a historian of modern China. We talk about China under Xi Jinping, Trump &amp; US-China.mp4
-------------------------------------------------------------------------------

[#653a92 771MiB/0B CN:1 DL:10MiB]
                                                                               
 *** Download Progress Summary as of Sun Jun 08 12:34:43 2025 *** 
===============================================================================
[#653a92 782MiB/0B CN:1 DL:10MiB]
FILE: C:/Users/WINDOWS/Desktop/Lex Fridman - Here's my conversation with Jeffrey Wasserstrom, a historian of modern China. We talk about China under Xi Jinping, Trump &amp; US-China.mp4
-------------------------------------------------------------------------------

[#653a92 782MiB/0B CN:1 DL:10MiB]
                                                                               
 *** Download Progress Summary as of Sun Jun 08 12:34:44 2025 *** 
===============================================================================
[#653a92 794MiB/0B CN:1 DL:10MiB]
FILE: C:/Users/WINDOWS/Desktop/Lex Fridman - Here's my conversation with Jeffrey Wasserstrom, a historian of modern China. We talk about China under Xi Jinping, Trump &amp; US-China.mp4
-------------------------------------------------------------------------------

[#653a92 794MiB/0B CN:1 DL:10MiB]
                                                                               
 *** Download Progress Summary as of Sun Jun 08 12:34:45 2025 *** 
===============================================================================
[#653a92 806MiB/0B CN:1 DL:10MiB]
FILE: C:/Users/WINDOWS/Desktop/Lex Fridman - Here's my conversation with Jeffrey Wasserstrom, a historian of modern China. We talk about China under Xi Jinping, Trump &amp; US-China.mp4
-------------------------------------------------------------------------------

[#653a92 806MiB/0B CN:1 DL:10MiB]
                                                                               
 *** Download Progress Summary as of Sun Jun 08 12:34:46 2025 *** 
===============================================================================
[#653a92 819MiB/0B CN:1 DL:10MiB]
FILE: C:/Users/WINDOWS/Desktop/Lex Fridman - Here's my conversation with Jeffrey Wasserstrom, a historian of modern China. We talk about China under Xi Jinping, Trump &amp; US-China.mp4
-------------------------------------------------------------------------------

[#653a92 819MiB/0B CN:1 DL:10MiB]
                                                                               
 *** Download Progress Summary as of Sun Jun 08 12:34:47 2025 *** 
===============================================================================
[#653a92 832MiB/0B CN:1 DL:10MiB]
FILE: C:/Users/WINDOWS/Desktop/Lex Fridman - Here's my conversation with Jeffrey Wasserstrom, a historian of modern China. We talk about China under Xi Jinping, Trump &amp; US-China.mp4
-------------------------------------------------------------------------------

[#653a92 832MiB/0B CN:1 DL:10MiB]
                                                                               
 *** Download Progress Summary as of Sun Jun 08 12:34:48 2025 *** 
===============================================================================
[#653a92 845MiB/0B CN:1 DL:10MiB]
FILE: C:/Users/WINDOWS/Desktop/Lex Fridman - Here's my conversation with Jeffrey Wasserstrom, a historian of modern China. We talk about China under Xi Jinping, Trump &amp; US-China.mp4
-------------------------------------------------------------------------------

[#653a92 845MiB/0B CN:1 DL:10MiB]
                                                                               
 *** Download Progress Summary as of Sun Jun 08 12:34:49 2025 *** 
===============================================================================
[#653a92 857MiB/0B CN:1 DL:10MiB]
FILE: C:/Users/WINDOWS/Desktop/Lex Fridman - Here's my conversation with Jeffrey Wasserstrom, a historian of modern China. We talk about China under Xi Jinping, Trump &amp; US-China.mp4
-------------------------------------------------------------------------------

[#653a92 857MiB/0B CN:1 DL:10MiB]
                                                                               
 *** Download Progress Summary as of Sun Jun 08 12:34:50 2025 *** 
===============================================================================
[#653a92 870MiB/0B CN:1 DL:11MiB]
FILE: C:/Users/WINDOWS/Desktop/Lex Fridman - Here's my conversation with Jeffrey Wasserstrom, a historian of modern China. We talk about China under Xi Jinping, Trump &amp; US-China.mp4
-------------------------------------------------------------------------------

[#653a92 870MiB/0B CN:1 DL:11MiB]
                                                                               
 *** Download Progress Summary as of Sun Jun 08 12:34:51 2025 *** 
===============================================================================
[#653a92 883MiB/0B CN:1 DL:12MiB]
FILE: C:/Users/WINDOWS/Desktop/Lex Fridman - Here's my conversation with Jeffrey Wasserstrom, a historian of modern China. We talk about China under Xi Jinping, Trump &amp; US-China.mp4
-------------------------------------------------------------------------------

[#653a92 883MiB/0B CN:1 DL:12MiB]
                                                                               
 *** Download Progress Summary as of Sun Jun 08 12:34:52 2025 *** 
===============================================================================
[#653a92 896MiB/0B CN:1 DL:12MiB]
FILE: C:/Users/WINDOWS/Desktop/Lex Fridman - Here's my conversation with Jeffrey Wasserstrom, a historian of modern China. We talk about China under Xi Jinping, Trump &amp; US-China.mp4
-------------------------------------------------------------------------------

[#653a92 896MiB/0B CN:1 DL:12MiB]
                                                                               
 *** Download Progress Summary as of Sun Jun 08 12:34:53 2025 *** 
===============================================================================
[#653a92 909MiB/0B CN:1 DL:12MiB]
FILE: C:/Users/WINDOWS/Desktop/Lex Fridman - Here's my conversation with Jeffrey Wasserstrom, a historian of modern China. We talk about China under Xi Jinping, Trump &amp; US-China.mp4
-------------------------------------------------------------------------------

[#653a92 909MiB/0B CN:1 DL:12MiB]
                                                                               
 *** Download Progress Summary as of Sun Jun 08 12:34:54 2025 *** 
===============================================================================
[#653a92 920MiB/0B CN:1 DL:12MiB]
FILE: C:/Users/WINDOWS/Desktop/Lex Fridman - Here's my conversation with Jeffrey Wasserstrom, a historian of modern China. We talk about China under Xi Jinping, Trump &amp; US-China.mp4
-------------------------------------------------------------------------------

[#653a92 920MiB/0B CN:1 DL:12MiB]
                                                                               
 *** Download Progress Summary as of Sun Jun 08 12:34:55 2025 *** 
===============================================================================
[#653a92 0.9GiB/0B CN:1 DL:12MiB]
FILE: C:/Users/WINDOWS/Desktop/Lex Fridman - Here's my conversation with Jeffrey Wasserstrom, a historian of modern China. We talk about China under Xi Jinping, Trump &amp; US-China.mp4
-------------------------------------------------------------------------------

[#653a92 0.9GiB/0B CN:1 DL:12MiB]
                                                                               
 *** Download Progress Summary as of Sun Jun 08 12:34:56 2025 *** 
===============================================================================
[#653a92 0.9GiB/0B CN:1 DL:12MiB]
FILE: C:/Users/WINDOWS/Desktop/Lex Fridman - Here's my conversation with Jeffrey Wasserstrom, a historian of modern China. We talk about China under Xi Jinping, Trump &amp; US-China.mp4
-------------------------------------------------------------------------------

[#653a92 0.9GiB/0B CN:1 DL:12MiB]
                                                                               
 *** Download Progress Summary as of Sun Jun 08 12:34:57 2025 *** 
===============================================================================
[#653a92 0.9GiB/0B CN:1 DL:11MiB]
FILE: C:/Users/WINDOWS/Desktop/Lex Fridman - Here's my conversation with Jeffrey Wasserstrom, a historian of modern China. We talk about China under Xi Jinping, Trump &amp; US-China.mp4
-------------------------------------------------------------------------------

[#653a92 0.9GiB/0B CN:1 DL:11MiB]
                                                                               
 *** Download Progress Summary as of Sun Jun 08 12:34:58 2025 *** 
===============================================================================
[#653a92 0.9GiB/0B CN:1 DL:12MiB]
FILE: C:/Users/WINDOWS/Desktop/Lex Fridman - Here's my conversation with Jeffrey Wasserstrom, a historian of modern China. We talk about China under Xi Jinping, Trump &amp; US-China.mp4
-------------------------------------------------------------------------------

[#653a92 0.9GiB/0B CN:1 DL:12MiB]
                                                                               
 *** Download Progress Summary as of Sun Jun 08 12:34:59 2025 *** 
===============================================================================
[#653a92 0.9GiB/0B CN:1 DL:11MiB]
FILE: C:/Users/WINDOWS/Desktop/Lex Fridman - Here's my conversation with Jeffrey Wasserstrom, a historian of modern China. We talk about China under Xi Jinping, Trump &amp; US-China.mp4
-------------------------------------------------------------------------------

[#653a92 0.9GiB/0B CN:1 DL:11MiB]
                                                                               
 *** Download Progress Summary as of Sun Jun 08 12:35:00 2025 *** 
===============================================================================
[#653a92 0.9GiB/0B CN:1 DL:11MiB]
FILE: C:/Users/WINDOWS/Desktop/Lex Fridman - Here's my conversation with Jeffrey Wasserstrom, a historian of modern China. We talk about China under Xi Jinping, Trump &amp; US-China.mp4
-------------------------------------------------------------------------------

[#653a92 0.9GiB/0B CN:1 DL:11MiB]
                                                                               
 *** Download Progress Summary as of Sun Jun 08 12:35:01 2025 *** 
===============================================================================
[#653a92 0.9GiB/0B CN:1 DL:11MiB]
FILE: C:/Users/WINDOWS/Desktop/Lex Fridman - Here's my conversation with Jeffrey Wasserstrom, a historian of modern China. We talk about China under Xi Jinping, Trump &amp; US-China.mp4
-------------------------------------------------------------------------------

[#653a92 0.9GiB/0B CN:1 DL:11MiB]
                                                                               
 *** Download Progress Summary as of Sun Jun 08 12:35:02 2025 *** 
===============================================================================
[#653a92 0.9GiB/0B CN:1 DL:11MiB]
FILE: C:/Users/WINDOWS/Desktop/Lex Fridman - Here's my conversation with Jeffrey Wasserstrom, a historian of modern China. We talk about China under Xi Jinping, Trump &amp; US-China.mp4
-------------------------------------------------------------------------------

[#653a92 0.9GiB/0B CN:1 DL:11MiB]
                                                                               
 *** Download Progress Summary as of Sun Jun 08 12:35:03 2025 *** 
===============================================================================
[#653a92 1.0GiB/0B CN:1 DL:11MiB]
FILE: C:/Users/WINDOWS/Desktop/Lex Fridman - Here's my conversation with Jeffrey Wasserstrom, a historian of modern China. We talk about China under Xi Jinping, Trump &amp; US-China.mp4
-------------------------------------------------------------------------------

[#653a92 1.0GiB/0B CN:1 DL:11MiB]
                                                                               
 *** Download Progress Summary as of Sun Jun 08 12:35:04 2025 *** 
===============================================================================
[#653a92 1.0GiB/0B CN:1 DL:11MiB]
FILE: C:/Users/WINDOWS/Desktop/Lex Fridman - Here's my conversation with Jeffrey Wasserstrom, a historian of modern China. We talk about China under Xi Jinping, Trump &amp; US-China.mp4
-------------------------------------------------------------------------------

[#653a92 1.0GiB/0B CN:1 DL:11MiB]
                                                                               
 *** Download Progress Summary as of Sun Jun 08 12:35:05 2025 *** 
===============================================================================
[#653a92 1.0GiB/0B CN:1 DL:11MiB]
FILE: C:/Users/WINDOWS/Desktop/Lex Fridman - Here's my conversation with Jeffrey Wasserstrom, a historian of modern China. We talk about China under Xi Jinping, Trump &amp; US-China.mp4
-------------------------------------------------------------------------------

[#653a92 1.0GiB/0B CN:1 DL:11MiB]
                                                                               
 *** Download Progress Summary as of Sun Jun 08 12:35:06 2025 *** 
===============================================================================
[#653a92 1.0GiB/0B CN:1 DL:11MiB]
FILE: C:/Users/WINDOWS/Desktop/Lex Fridman - Here's my conversation with Jeffrey Wasserstrom, a historian of modern China. We talk about China under Xi Jinping, Trump &amp; US-China.mp4
-------------------------------------------------------------------------------

[#653a92 1.0GiB/0B CN:1 DL:11MiB]
                                                                               
 *** Download Progress Summary as of Sun Jun 08 12:35:07 2025 *** 
===============================================================================
[#653a92 1.0GiB/0B CN:1 DL:11MiB]
FILE: C:/Users/WINDOWS/Desktop/Lex Fridman - Here's my conversation with Jeffrey Wasserstrom, a historian of modern China. We talk about China under Xi Jinping, Trump &amp; US-China.mp4
-------------------------------------------------------------------------------

[#653a92 1.0GiB/0B CN:1 DL:11MiB]
                                                                               
 *** Download Progress Summary as of Sun Jun 08 12:35:08 2025 *** 
===============================================================================
[#653a92 1.0GiB/0B CN:1 DL:11MiB]
FILE: C:/Users/WINDOWS/Desktop/Lex Fridman - Here's my conversation with Jeffrey Wasserstrom, a historian of modern China. We talk about China under Xi Jinping, Trump &amp; US-China.mp4
-------------------------------------------------------------------------------

[#653a92 1.0GiB/0B CN:1 DL:11MiB]
                                                                               
 *** Download Progress Summary as of Sun Jun 08 12:35:09 2025 *** 
===============================================================================
[#653a92 1.0GiB/0B CN:1 DL:11MiB]
FILE: C:/Users/WINDOWS/Desktop/Lex Fridman - Here's my conversation with Jeffrey Wasserstrom, a historian of modern China. We talk about China under Xi Jinping, Trump &amp; US-China.mp4
-------------------------------------------------------------------------------

[#653a92 1.0GiB/0B CN:1 DL:11MiB]
                                                                               
 *** Download Progress Summary as of Sun Jun 08 12:35:10 2025 *** 
===============================================================================
[#653a92 1.0GiB/0B CN:1 DL:11MiB]
FILE: C:/Users/WINDOWS/Desktop/Lex Fridman - Here's my conversation with Jeffrey Wasserstrom, a historian of modern China. We talk about China under Xi Jinping, Trump &amp; US-China.mp4
-------------------------------------------------------------------------------

[#653a92 1.0GiB/0B CN:1 DL:11MiB]
                                                                               
 *** Download Progress Summary as of Sun Jun 08 12:35:11 2025 *** 
===============================================================================
[#653a92 1.0GiB/0B CN:1 DL:11MiB]
FILE: C:/Users/WINDOWS/Desktop/Lex Fridman - Here's my conversation with Jeffrey Wasserstrom, a historian of modern China. We talk about China under Xi Jinping, Trump &amp; US-China.mp4
-------------------------------------------------------------------------------

[#653a92 1.0GiB/0B CN:1 DL:11MiB]
                                                                               
 *** Download Progress Summary as of Sun Jun 08 12:35:12 2025 *** 
===============================================================================
[#653a92 1.1GiB/0B CN:1 DL:11MiB]
FILE: C:/Users/WINDOWS/Desktop/Lex Fridman - Here's my conversation with Jeffrey Wasserstrom, a historian of modern China. We talk about China under Xi Jinping, Trump &amp; US-China.mp4
-------------------------------------------------------------------------------

[#653a92 1.1GiB/0B CN:1 DL:11MiB]
                                                                               
 *** Download Progress Summary as of Sun Jun 08 12:35:13 2025 *** 
===============================================================================
[#653a92 1.1GiB/0B CN:1 DL:11MiB]
FILE: C:/Users/WINDOWS/Desktop/Lex Fridman - Here's my conversation with Jeffrey Wasserstrom, a historian of modern China. We talk about China under Xi Jinping, Trump &amp; US-China.mp4
-------------------------------------------------------------------------------

[#653a92 1.1GiB/0B CN:1 DL:11MiB]
                                                                               
 *** Download Progress Summary as of Sun Jun 08 12:35:14 2025 *** 
===============================================================================
[#653a92 1.1GiB/0B CN:1 DL:11MiB]
FILE: C:/Users/WINDOWS/Desktop/Lex Fridman - Here's my conversation with Jeffrey Wasserstrom, a historian of modern China. We talk about China under Xi Jinping, Trump &amp; US-China.mp4
-------------------------------------------------------------------------------

[#653a92 1.1GiB/0B CN:1 DL:11MiB]
                                                                               
 *** Download Progress Summary as of Sun Jun 08 12:35:15 2025 *** 
===============================================================================
[#653a92 1.1GiB/0B CN:1 DL:11MiB]
FILE: C:/Users/WINDOWS/Desktop/Lex Fridman - Here's my conversation with Jeffrey Wasserstrom, a historian of modern China. We talk about China under Xi Jinping, Trump &amp; US-China.mp4
-------------------------------------------------------------------------------

[#653a92 1.1GiB/0B CN:1 DL:11MiB]
                                                                               
 *** Download Progress Summary as of Sun Jun 08 12:35:16 2025 *** 
===============================================================================
[#653a92 1.1GiB/0B CN:1 DL:11MiB]
FILE: C:/Users/WINDOWS/Desktop/Lex Fridman - Here's my conversation with Jeffrey Wasserstrom, a historian of modern China. We talk about China under Xi Jinping, Trump &amp; US-China.mp4
-------------------------------------------------------------------------------

[#653a92 1.1GiB/0B CN:1 DL:11MiB]
                                                                               
 *** Download Progress Summary as of Sun Jun 08 12:35:17 2025 *** 
===============================================================================
[#653a92 1.1GiB/0B CN:1 DL:11MiB]
FILE: C:/Users/WINDOWS/Desktop/Lex Fridman - Here's my conversation with Jeffrey Wasserstrom, a historian of modern China. We talk about China under Xi Jinping, Trump &amp; US-China.mp4
-------------------------------------------------------------------------------

[#653a92 1.1GiB/0B CN:1 DL:11MiB]
                                                                               
 *** Download Progress Summary as of Sun Jun 08 12:35:18 2025 *** 
===============================================================================
[#653a92 1.1GiB/0B CN:1 DL:11MiB]
FILE: C:/Users/WINDOWS/Desktop/Lex Fridman - Here's my conversation with Jeffrey Wasserstrom, a historian of modern China. We talk about China under Xi Jinping, Trump &amp; US-China.mp4
-------------------------------------------------------------------------------

[#653a92 1.1GiB/0B CN:1 DL:11MiB]
                                                                               
 *** Download Progress Summary as of Sun Jun 08 12:35:19 2025 *** 
===============================================================================
[#653a92 1.1GiB/0B CN:1 DL:11MiB]
FILE: C:/Users/WINDOWS/Desktop/Lex Fridman - Here's my conversation with Jeffrey Wasserstrom, a historian of modern China. We talk about China under Xi Jinping, Trump &amp; US-China.mp4
-------------------------------------------------------------------------------

[#653a92 1.1GiB/0B CN:1 DL:11MiB]
                                                                               
 *** Download Progress Summary as of Sun Jun 08 12:35:20 2025 *** 
===============================================================================
[#653a92 1.1GiB/0B CN:1 DL:11MiB]
FILE: C:/Users/WINDOWS/Desktop/Lex Fridman - Here's my conversation with Jeffrey Wasserstrom, a historian of modern China. We talk about China under Xi Jinping, Trump &amp; US-China.mp4
-------------------------------------------------------------------------------

[#653a92 1.1GiB/0B CN:1 DL:11MiB]
                                                                               
 *** Download Progress Summary as of Sun Jun 08 12:35:21 2025 *** 
===============================================================================
[#653a92 1.2GiB/0B CN:1 DL:11MiB]
FILE: C:/Users/WINDOWS/Desktop/Lex Fridman - Here's my conversation with Jeffrey Wasserstrom, a historian of modern China. We talk about China under Xi Jinping, Trump &amp; US-China.mp4
-------------------------------------------------------------------------------

[#653a92 1.2GiB/0B CN:1 DL:11MiB]
                                                                               
 *** Download Progress Summary as of Sun Jun 08 12:35:23 2025 *** 
===============================================================================
[#653a92 1.2GiB/0B CN:1 DL:10MiB]
FILE: C:/Users/WINDOWS/Desktop/Lex Fridman - Here's my conversation with Jeffrey Wasserstrom, a historian of modern China. We talk about China under Xi Jinping, Trump &amp; US-China.mp4
-------------------------------------------------------------------------------

[#653a92 1.2GiB/0B CN:1 DL:10MiB]
                                                                               
 *** Download Progress Summary as of Sun Jun 08 12:35:24 2025 *** 
===============================================================================
[#653a92 1.2GiB/0B CN:1 DL:8.8MiB]
FILE: C:/Users/WINDOWS/Desktop/Lex Fridman - Here's my conversation with Jeffrey Wasserstrom, a historian of modern China. We talk about China under Xi Jinping, Trump &amp; US-China.mp4
-------------------------------------------------------------------------------

[#653a92 1.2GiB/0B CN:1 DL:8.8MiB]
                                                                               
 *** Download Progress Summary as of Sun Jun 08 12:35:25 2025 *** 
===============================================================================
[#653a92 1.2GiB/0B CN:1 DL:7.8MiB]
FILE: C:/Users/WINDOWS/Desktop/Lex Fridman - Here's my conversation with Jeffrey Wasserstrom, a historian of modern China. We talk about China under Xi Jinping, Trump &amp; US-China.mp4
-------------------------------------------------------------------------------

[#653a92 1.2GiB/0B CN:1 DL:7.8MiB]
                                                                               
 *** Download Progress Summary as of Sun Jun 08 12:35:26 2025 *** 
===============================================================================
[#653a92 1.2GiB/0B CN:1 DL:6.3MiB]
FILE: C:/Users/WINDOWS/Desktop/Lex Fridman - Here's my conversation with Jeffrey Wasserstrom, a historian of modern China. We talk about China under Xi Jinping, Trump &amp; US-China.mp4
-------------------------------------------------------------------------------

[#653a92 1.2GiB/0B CN:1 DL:6.3MiB]
                                                                               
 *** Download Progress Summary as of Sun Jun 08 12:35:27 2025 *** 
===============================================================================
[#653a92 1.2GiB/0B CN:1 DL:5.1MiB]
FILE: C:/Users/WINDOWS/Desktop/Lex Fridman - Here's my conversation with Jeffrey Wasserstrom, a historian of modern China. We talk about China under Xi Jinping, Trump &amp; US-China.mp4
-------------------------------------------------------------------------------

[#653a92 1.2GiB/0B CN:1 DL:5.1MiB]
                                                                               
 *** Download Progress Summary as of Sun Jun 08 12:35:28 2025 *** 
===============================================================================
[#653a92 1.2GiB/0B CN:1 DL:4.1MiB]
FILE: C:/Users/WINDOWS/Desktop/Lex Fridman - Here's my conversation with Jeffrey Wasserstrom, a historian of modern China. We talk about China under Xi Jinping, Trump &amp; US-China.mp4
-------------------------------------------------------------------------------

[#653a92 1.2GiB/0B CN:1 DL:4.1MiB]
                                                                               
 *** Download Progress Summary as of Sun Jun 08 12:35:29 2025 *** 
===============================================================================
[#653a92 1.2GiB/0B CN:1 DL:2.5MiB]
FILE: C:/Users/WINDOWS/Desktop/Lex Fridman - Here's my conversation with Jeffrey Wasserstrom, a historian of modern China. We talk about China under Xi Jinping, Trump &amp; US-China.mp4
-------------------------------------------------------------------------------

[#653a92 1.2GiB/0B CN:1 DL:2.5MiB]
                                                                               
 *** Download Progress Summary as of Sun Jun 08 12:35:30 2025 *** 
===============================================================================
[#653a92 1.2GiB/0B CN:1 DL:1.6MiB]
FILE: C:/Users/WINDOWS/Desktop/Lex Fridman - Here's my conversation with Jeffrey Wasserstrom, a historian of modern China. We talk about China under Xi Jinping, Trump &amp; US-China.mp4
-------------------------------------------------------------------------------

[#653a92 1.2GiB/0B CN:1 DL:1.6MiB]
                                                                               
 *** Download Progress Summary as of Sun Jun 08 12:35:31 2025 *** 
===============================================================================
[#653a92 1.2GiB/0B CN:1 DL:438KiB]
FILE: C:/Users/WINDOWS/Desktop/Lex Fridman - Here's my conversation with Jeffrey Wasserstrom, a historian of modern China. We talk about China under Xi Jinping, Trump &amp; US-China.mp4
-------------------------------------------------------------------------------

[#653a92 1.2GiB/0B CN:1 DL:438KiB]
                                                                               
 *** Download Progress Summary as of Sun Jun 08 12:35:32 2025 *** 
===============================================================================
[#653a92 1.2GiB/0B CN:1 DL:0B]
FILE: C:/Users/WINDOWS/Desktop/Lex Fridman - Here's my conversation with Jeffrey Wasserstrom, a historian of modern China. We talk about China under Xi Jinping, Trump &amp; US-China.mp4
-------------------------------------------------------------------------------

[#653a92 1.2GiB/0B CN:1 DL:0B]
06/08 12:35:32 [[1;31mERROR[0m] CUID#7 - Download aborted. URI=https://video.twimg.com/amplify_video/1915490919316410368/vid/avc1/1920x1080/pEbe5ydXjYfWbwew.mp4?tag=16
Exception: [AbstractCommand.cc:351] errorCode=5 URI=https://video.twimg.com/amplify_video/1915490919316410368/vid/avc1/1920x1080/pEbe5ydXjYfWbwew.mp4?tag=16
  -> [DownloadCommand.cc:309] errorCode=5 Too slow Downloading speed: 0 <= 51200(B/s), host:video.twimg.com

06/08 12:35:32 [[1;32mNOTICE[0m] Download GID#653a9205b70b5a15 not complete: C:/Users/WINDOWS/Desktop/Lex Fridman - Here's my conversation with Jeffrey Wasserstrom, a historian of modern China. We talk about China under Xi Jinping, Trump &amp; US-China.mp4

Download Results:
gid   |stat|avg speed  |  %|path/URI
======+====+===========+===+===================================================
653a92|ERR |    10MiB/s|  -|C:/Users/WINDOWS/Desktop/Lex Fridman - Here's my conversation with Jeffrey Wasserstrom, a historian of modern China. We talk about China under Xi Jinping, Trump &amp; US-China.mp4

Status Legend:
(ERR):error occurred.

aria2 will resume download if the transfer is restarted.
If there are any errors, then see the log file. See '-l' option in help/man page for details.

2025-06-08 12:35:32,575 - __main__ - WARNING - Aria2c 下载路径出错 (Aria2c下载失败。)，将回退到 yt-dlp。
2025-06-08 12:35:32,575 - __main__ - WARNING - 使用 yt-dlp 进行下载 (处理M3U8或作为备用方案)。
2025-06-08 12:35:32,575 - __main__ - INFO - 使用 yt-dlp 进行下载: D:\conda\python.exe -m yt_dlp --progress --progress-template download-json:%(progress)j --no-overwrites -f bestvideo[ext=mp4]+bestaudio[ext=m4a]/best[ext=mp4]/best -o C:\Users\WINDOWS/Desktop\Lex Fridman - Here's my conversation with Jeffrey Wasserstrom, a historian of modern China. We talk about China under Xi Jinping, Trump &amp; US-China.mp4 --proxy http://127.0.0.1:33210 https://twitter.com/lexfridman/status/1915492594567799193
2025-06-08 12:35:32,853 - __main__ - INFO - Aria2c 下载进度: 99%
2025-06-08 12:35:32,854 - __main__ - INFO - Aria2c 下载进度: 99%
2025-06-08 12:35:33,946 - __main__ - INFO - Aria2c 下载进度: 99%
2025-06-08 12:35:33,947 - __main__ - INFO - Aria2c 下载进度: 99%
2025-06-08 12:35:34,960 - __main__ - INFO - Aria2c 下载进度: 99%
2025-06-08 12:35:34,960 - __main__ - INFO - Aria2c 下载进度: 99%
2025-06-08 12:35:35,969 - __main__ - INFO - Aria2c 下载进度: 99%
2025-06-08 12:35:35,972 - __main__ - INFO - Aria2c 下载进度: 99%
2025-06-08 12:35:36,981 - __main__ - INFO - Aria2c 下载进度: 99%
2025-06-08 12:35:36,981 - __main__ - INFO - Aria2c 下载进度: 99%
2025-06-08 12:35:37,994 - __main__ - INFO - Aria2c 下载进度: 99%
2025-06-08 12:35:37,994 - __main__ - INFO - Aria2c 下载进度: 99%
2025-06-08 12:35:39,000 - __main__ - INFO - Aria2c 下载进度: 99%
2025-06-08 12:35:39,001 - __main__ - INFO - Aria2c 下载进度: 99%
2025-06-08 12:35:40,014 - __main__ - INFO - Aria2c 下载进度: 99%
2025-06-08 12:35:40,018 - __main__ - INFO - Aria2c 下载进度: 99%
2025-06-08 12:35:40,556 - __main__ - INFO - Aria2c 下载进度: 99%
2025-06-08 12:35:40,561 - __main__ - INFO - Aria2c 下载完成: C:\Users\WINDOWS/Desktop\Lex Fridman - Here's my conversation with Robert Rodriguez (@Rodriguez), a legendary filmmaker and creator of Sin City, El Mariachi, Desperado, Spy Ki.mp4
2025-06-08 12:36:31,536 - werkzeug - INFO - 192.168.2.247 - - [08/Jun/2025 12:36:31] "GET / HTTP/1.1" 200 -
2025-06-08 12:36:34,898 - __main__ - INFO - 下载请求 - URL: https://cn.pornhub.com/view_video.php?viewkey=680a073189eb8
2025-06-08 12:36:34,898 - __main__ - INFO - 正在获取视频信息...
2025-06-08 12:36:41,509 - __main__ - INFO - 将要保存的文件名: Hardest I’ve Ever Cum - I Creampie My Cute Horny Step Mommy ~ Free Movie.mp4
2025-06-08 12:36:41,509 - __main__ - INFO - 检测到MP4直接链接，尝试使用 aria2c 高速下载...
2025-06-08 12:36:41,509 - __main__ - INFO - Aria2c 将使用代理: http://127.0.0.1:33210
2025-06-08 12:36:41,509 - __main__ - INFO - 使用 aria2c 进行下载: D:\Projects\X vedio downloader\aria2\aria2-1.36.0-win-64bit-build1\aria2c.exe --max-connection-per-server=16 --min-split-size=1M --split=16 --max-concurrent-downloads=16 --disk-cache=128M --file-allocation=none --summary-interval=1 --human-readable=true --download-result=full --console-log-level=notice --auto-file-renaming=false --allow-overwrite=true --continue=true --max-tries=10 --retry-wait=1 --connect-timeout=20 --timeout=20 --lowest-speed-limit=50K --max-file-not-found=5 --max-resume-failure-tries=5 --http-accept-gzip=true --stream-piece-selector=geom -x16 -s16 -j16 -d C:\Users\WINDOWS/Desktop -o Hardest I’ve Ever Cum - I Creampie My Cute Horny Step Mommy ~ Free Movie.mp4 --all-proxy http://127.0.0.1:33210 https://ev-h.phncdn.com/hls/videos/202504/24/467706135/1080P_4000K_467706135.mp4/index-v1-a1.m3u8?validfrom=1749353793&validto=1749360993&ipa=57.180.7.167&hdl=-1&hash=nj%2BtWhk5JPssOJxi81mv0OrGaO4%3D
2025-06-08 12:36:41,512 - werkzeug - INFO - 192.168.2.247 - - [08/Jun/2025 12:36:41] "GET /download?url=https://cn.pornhub.com/view_video.php?viewkey%3D680a073189eb8 HTTP/1.1" 200 -
2025-06-08 12:36:43,705 - __main__ - INFO - Aria2c 下载完成: C:\Users\WINDOWS/Desktop\Hardest I’ve Ever Cum - I Creampie My Cute Horny Step Mommy ~ Free Movie.mp4
2025-06-08 12:43:02,568 - werkzeug - INFO - [31m[1mWARNING: This is a development server. Do not use it in a production deployment. Use a production WSGI server instead.[0m
 * Running on all addresses (0.0.0.0)
 * Running on http://127.0.0.1:5000
 * Running on http://192.168.2.247:5000
2025-06-08 12:43:02,568 - werkzeug - INFO - [33mPress CTRL+C to quit[0m
2025-06-08 12:43:05,204 - werkzeug - INFO - 192.168.2.247 - - [08/Jun/2025 12:43:05] "GET / HTTP/1.1" 200 -
2025-06-08 12:43:17,929 - __main__ - INFO - 下载请求 - URL: https://cn.pornhub.com/view_video.php?viewkey=682e866406f37
2025-06-08 12:43:17,929 - __main__ - INFO - 正在获取视频信息...
2025-06-08 12:43:23,900 - __main__ - INFO - 将要保存的文件名: Horny StepMILF Smashed In All Her Holes By Big Cocked College Stepson - MyPervyFamily.mp4
2025-06-08 12:43:23,900 - __main__ - INFO - 找到高质量MP4直接链接: https://ev.phncdn.com/videos/202505/22/468979635/1080P_4000K_468979635...
2025-06-08 12:43:23,900 - __main__ - INFO - 检测到MP4直接链接，尝试使用 aria2c 高速下载...
2025-06-08 12:43:23,904 - werkzeug - INFO - 192.168.2.247 - - [08/Jun/2025 12:43:23] "GET /download?url=https://cn.pornhub.com/view_video.php?viewkey%3D682e866406f37 HTTP/1.1" 200 -
2025-06-08 12:43:24,905 - __main__ - INFO - Aria2c下载中 进度: 1.0%
2025-06-08 12:43:25,463 - __main__ - INFO - Aria2c下载中 进度: 1.0%
2025-06-08 12:43:25,896 - __main__ - INFO - Aria2c下载中 进度: 22.0%
2025-06-08 12:43:26,455 - __main__ - INFO - Aria2c下载中 进度: 22.0%
2025-06-08 12:43:26,887 - __main__ - INFO - Aria2c下载中 进度: 58.0%
2025-06-08 12:43:26,967 - __main__ - INFO - Aria2c下载中 进度: 58.0%
2025-06-08 12:43:27,877 - __main__ - INFO - Aria2c下载中 进度: 88.0%
2025-06-08 12:43:28,261 - __main__ - INFO - Aria2c下载中 进度: 88.0%
2025-06-08 12:43:28,868 - __main__ - INFO - Aria2c下载中 进度: 99.0%
2025-06-08 12:43:29,208 - __main__ - INFO - Aria2c下载中 进度: 99.0%
2025-06-08 12:43:29,214 - __main__ - INFO - Aria2c下载完成。
2025-06-08 12:44:26,540 - __main__ - INFO - 下载请求 - URL: https://www.youtube.com/watch?v=H52VQbqUIF0
2025-06-08 12:44:26,540 - __main__ - INFO - 正在获取视频信息...
2025-06-08 12:44:29,697 - __main__ - ERROR - 处理过程未知错误: [0;31mERROR:[0m [youtube] H52VQbqUIF0: Sign in to confirm you’re not a bot. Use --cookies-from-browser or --cookies for the authentication. See  https://github.com/yt-dlp/yt-dlp/wiki/FAQ#how-do-i-pass-cookies-to-yt-dlp  for how to manually pass cookies. Also see  https://github.com/yt-dlp/yt-dlp/wiki/Extractors#exporting-youtube-cookies  for tips on effectively exporting YouTube cookies
Traceback (most recent call last):
  File "D:\conda\Lib\site-packages\yt_dlp\YoutubeDL.py", line 1624, in wrapper
    return func(self, *args, **kwargs)
           ^^^^^^^^^^^^^^^^^^^^^^^^^^^
  File "D:\conda\Lib\site-packages\yt_dlp\YoutubeDL.py", line 1759, in __extract_info
    ie_result = ie.extract(url)
                ^^^^^^^^^^^^^^^
  File "D:\conda\Lib\site-packages\yt_dlp\extractor\common.py", line 742, in extract
    ie_result = self._real_extract(url)
                ^^^^^^^^^^^^^^^^^^^^^^^
  File "D:\conda\Lib\site-packages\yt_dlp\extractor\youtube.py", line 4492, in _real_extract
    self.raise_no_formats(reason, expected=True)
  File "D:\conda\Lib\site-packages\yt_dlp\extractor\common.py", line 1276, in raise_no_formats
    raise ExtractorError(msg, expected=expected, video_id=video_id)
yt_dlp.utils.ExtractorError: [youtube] H52VQbqUIF0: Sign in to confirm you’re not a bot. Use --cookies-from-browser or --cookies for the authentication. See  https://github.com/yt-dlp/yt-dlp/wiki/FAQ#how-do-i-pass-cookies-to-yt-dlp  for how to manually pass cookies. Also see  https://github.com/yt-dlp/yt-dlp/wiki/Extractors#exporting-youtube-cookies  for tips on effectively exporting YouTube cookies

During handling of the above exception, another exception occurred:

Traceback (most recent call last):
  File "D:\Projects\X vedio downloader\app.py", line 143, in generate
    info_dict = ydl.extract_info(generic_url, download=False)
                ^^^^^^^^^^^^^^^^^^^^^^^^^^^^^^^^^^^^^^^^^^^^^
  File "D:\conda\Lib\site-packages\yt_dlp\YoutubeDL.py", line 1613, in extract_info
    return self.__extract_info(url, self.get_info_extractor(key), download, extra_info, process)
           ^^^^^^^^^^^^^^^^^^^^^^^^^^^^^^^^^^^^^^^^^^^^^^^^^^^^^^^^^^^^^^^^^^^^^^^^^^^^^^^^^^^^^
  File "D:\conda\Lib\site-packages\yt_dlp\YoutubeDL.py", line 1642, in wrapper
    self.report_error(str(e), e.format_traceback())
  File "D:\conda\Lib\site-packages\yt_dlp\YoutubeDL.py", line 1090, in report_error
    self.trouble(f'{self._format_err("ERROR:", self.Styles.ERROR)} {message}', *args, **kwargs)
  File "D:\conda\Lib\site-packages\yt_dlp\YoutubeDL.py", line 1029, in trouble
    raise DownloadError(message, exc_info)
yt_dlp.utils.DownloadError: [0;31mERROR:[0m [youtube] H52VQbqUIF0: Sign in to confirm you’re not a bot. Use --cookies-from-browser or --cookies for the authentication. See  https://github.com/yt-dlp/yt-dlp/wiki/FAQ#how-do-i-pass-cookies-to-yt-dlp  for how to manually pass cookies. Also see  https://github.com/yt-dlp/yt-dlp/wiki/Extractors#exporting-youtube-cookies  for tips on effectively exporting YouTube cookies

2025-06-08 12:44:29,697 - werkzeug - INFO - 192.168.2.247 - - [08/Jun/2025 12:44:29] "GET /download?url=https://www.youtube.com/watch?v%3DH52VQbqUIF0 HTTP/1.1" 200 -
2025-06-08 12:44:46,787 - werkzeug - INFO - 192.168.2.247 - - [08/Jun/2025 12:44:46] "GET / HTTP/1.1" 200 -
2025-06-08 12:44:51,480 - __main__ - INFO - 下载请求 - URL: https://www.youtube.com/watch?v=H52VQbqUIF0
2025-06-08 12:44:51,481 - __main__ - INFO - 正在获取视频信息...
2025-06-08 12:44:55,669 - __main__ - INFO - 将要保存的文件名: Highlights Sabalenka vs Gauff Final _ Roland-Garros 2025.mp4
2025-06-08 12:44:55,669 - __main__ - WARNING - 使用 yt-dlp 进行下载 (处理M3U8或作为备用方案)。
2025-06-08 12:44:55,672 - werkzeug - INFO - 192.168.2.247 - - [08/Jun/2025 12:44:55] "GET /download?url=https://www.youtube.com/watch?v%3DH52VQbqUIF0 HTTP/1.1" 200 -
2025-06-08 12:47:01,931 - __main__ - INFO - yt-dlp下载中 进度: 99.5%
2025-06-08 12:47:02,389 - __main__ - INFO - yt-dlp下载完成。
2025-06-08 14:46:56,008 - werkzeug - INFO - 192.168.2.247 - - [08/Jun/2025 14:46:56] "GET / HTTP/1.1" 200 -
2025-06-08 14:46:59,180 - __main__ - INFO - 下载请求 - URL: https://x.com/lexfridman/status/1906440627614625963
2025-06-08 14:46:59,181 - __main__ - INFO - 正在获取视频信息...
2025-06-08 14:47:01,413 - __main__ - INFO - 将要保存的文件名: Lex Fridman - Here's my conversation with @DouglasKMurray about Russia-Ukraine, Israel-Palestine, Putin, Zelenskyy, Trump, Netanyahu, Hamas, and Gaza..mp4
2025-06-08 14:47:01,413 - __main__ - INFO - 找到高质量MP4直接链接: https://video.twimg.com/amplify_video/1906429869375860736/vid/avc1/128...
2025-06-08 14:47:01,413 - __main__ - INFO - 检测到MP4直接链接，尝试使用 aria2c 高速下载...
2025-06-08 14:47:01,416 - werkzeug - INFO - 192.168.2.247 - - [08/Jun/2025 14:47:01] "GET /download?url=https://x.com/lexfridman/status/1906440627614625963 HTTP/1.1" 200 -
2025-06-08 14:47:02,419 - __main__ - INFO - Aria2c下载中 进度: 0.0%
2025-06-08 14:47:03,433 - __main__ - INFO - Aria2c下载中 进度: 0.0%
2025-06-08 14:47:03,433 - __main__ - INFO - Aria2c下载中 进度: 14.0%
2025-06-08 14:47:04,444 - __main__ - INFO - Aria2c下载中 进度: 14.0%
2025-06-08 14:47:04,445 - __main__ - INFO - Aria2c下载中 进度: 33.0%
2025-06-08 14:47:05,435 - __main__ - INFO - Aria2c下载中 进度: 33.0%
2025-06-08 14:47:05,435 - __main__ - INFO - Aria2c下载中 进度: 51.0%
2025-06-08 14:47:06,506 - __main__ - INFO - Aria2c下载中 进度: 51.0%
2025-06-08 14:47:06,508 - __main__ - INFO - Aria2c下载中 进度: 70.0%
2025-06-08 14:47:07,497 - __main__ - INFO - Aria2c下载中 进度: 70.0%
2025-06-08 14:47:07,497 - __main__ - INFO - Aria2c下载中 进度: 90.0%
2025-06-08 14:47:08,487 - __main__ - INFO - Aria2c下载中 进度: 90.0%
2025-06-08 14:47:08,488 - __main__ - INFO - Aria2c下载中 进度: 99.0%
2025-06-08 14:47:09,334 - __main__ - INFO - Aria2c下载中 进度: 99.0%
2025-06-08 14:47:09,340 - __main__ - INFO - Aria2c下载完成。
2025-06-08 14:50:23,388 - werkzeug - INFO - 192.168.2.247 - - [08/Jun/2025 14:50:23] "GET / HTTP/1.1" 200 -
2025-06-08 14:50:26,728 - __main__ - INFO - 下载请求 - URL: https://x.com/lexfridman/status/1903503253209251870
2025-06-08 14:50:26,729 - __main__ - INFO - 正在获取视频信息...
2025-06-08 14:50:28,454 - __main__ - INFO - 将要保存的文件名: Lex Fridman - Here's my conversation with @ThePrimeagen, a programmer who has educated, entertained, and inspired millions of people to build software.mp4
2025-06-08 14:50:28,455 - __main__ - INFO - 找到高质量MP4直接链接: https://video.twimg.com/amplify_video/1903495882953072640/vid/avc1/128...
2025-06-08 14:50:28,455 - __main__ - INFO - 检测到MP4直接链接，尝试使用 aria2c 高速下载...
2025-06-08 14:50:28,466 - werkzeug - INFO - 192.168.2.247 - - [08/Jun/2025 14:50:28] "GET /download?url=https://x.com/lexfridman/status/1903503253209251870 HTTP/1.1" 200 -
2025-06-08 14:52:08,522 - werkzeug - INFO - 192.168.2.247 - - [08/Jun/2025 14:52:08] "GET / HTTP/1.1" 200 -
2025-06-08 14:52:12,003 - __main__ - INFO - 下载请求 - URL: https://x.com/lexfridman/status/1903503253209251870
2025-06-08 14:52:12,003 - __main__ - INFO - 正在获取视频信息...
2025-06-08 14:52:13,927 - __main__ - INFO - 将要保存的文件名: Lex Fridman - Here's my conversation with @ThePrimeagen, a programmer who has educated, entertained, and inspired millions of people to build software.mp4
2025-06-08 14:52:13,927 - __main__ - INFO - 找到高质量MP4直接链接: https://video.twimg.com/amplify_video/1903495882953072640/vid/avc1/128...
2025-06-08 14:52:13,928 - __main__ - INFO - 检测到MP4直接链接，尝试使用 aria2c 高速下载...
2025-06-08 14:52:13,933 - werkzeug - INFO - 192.168.2.247 - - [08/Jun/2025 14:52:13] "GET /download?url=https://x.com/lexfridman/status/1903503253209251870 HTTP/1.1" 200 -
2025-06-08 14:52:19,680 - __main__ - INFO - Aria2c下载完成。
2025-06-08 14:52:37,594 - __main__ - INFO - Aria2c下载完成。
2025-06-08 14:54:39,390 - werkzeug - INFO - 192.168.2.247 - - [08/Jun/2025 14:54:39] "GET / HTTP/1.1" 200 -
2025-06-08 14:54:41,067 - __main__ - INFO - 下载请求 - URL: https://jable.tv/videos/ipzz-583/
2025-06-08 14:54:41,067 - __main__ - INFO - 正在获取视频信息...
2025-06-08 14:54:41,119 - __main__ - ERROR - 处理过程未知错误: [0;31mERROR:[0m [Piracy] This website is no longer supported since it has been determined to be primarily used for piracy.
       [0;31mDO NOT[0m open issues for it
Traceback (most recent call last):
  File "D:\conda\Lib\site-packages\yt_dlp\YoutubeDL.py", line 1624, in wrapper
    return func(self, *args, **kwargs)
           ^^^^^^^^^^^^^^^^^^^^^^^^^^^
  File "D:\conda\Lib\site-packages\yt_dlp\YoutubeDL.py", line 1759, in __extract_info
    ie_result = ie.extract(url)
                ^^^^^^^^^^^^^^^
  File "D:\conda\Lib\site-packages\yt_dlp\extractor\common.py", line 742, in extract
    ie_result = self._real_extract(url)
                ^^^^^^^^^^^^^^^^^^^^^^^
  File "D:\conda\Lib\site-packages\yt_dlp\extractor\unsupported.py", line 205, in _real_extract
    raise ExtractorError(
yt_dlp.utils.ExtractorError: [Piracy] This website is no longer supported since it has been determined to be primarily used for piracy.
       [0;31mDO NOT[0m open issues for it

During handling of the above exception, another exception occurred:

Traceback (most recent call last):
  File "D:\Projects\X vedio downloader\app.py", line 143, in generate
    info_dict = ydl.extract_info(generic_url, download=False)
                ^^^^^^^^^^^^^^^^^^^^^^^^^^^^^^^^^^^^^^^^^^^^^
  File "D:\conda\Lib\site-packages\yt_dlp\YoutubeDL.py", line 1613, in extract_info
    return self.__extract_info(url, self.get_info_extractor(key), download, extra_info, process)
           ^^^^^^^^^^^^^^^^^^^^^^^^^^^^^^^^^^^^^^^^^^^^^^^^^^^^^^^^^^^^^^^^^^^^^^^^^^^^^^^^^^^^^
  File "D:\conda\Lib\site-packages\yt_dlp\YoutubeDL.py", line 1642, in wrapper
    self.report_error(str(e), e.format_traceback())
  File "D:\conda\Lib\site-packages\yt_dlp\YoutubeDL.py", line 1090, in report_error
    self.trouble(f'{self._format_err("ERROR:", self.Styles.ERROR)} {message}', *args, **kwargs)
  File "D:\conda\Lib\site-packages\yt_dlp\YoutubeDL.py", line 1029, in trouble
    raise DownloadError(message, exc_info)
yt_dlp.utils.DownloadError: [0;31mERROR:[0m [Piracy] This website is no longer supported since it has been determined to be primarily used for piracy.
       [0;31mDO NOT[0m open issues for it

2025-06-08 14:54:41,119 - werkzeug - INFO - 192.168.2.247 - - [08/Jun/2025 14:54:41] "GET /download?url=https://jable.tv/videos/ipzz-583/ HTTP/1.1" 200 -
2025-06-08 14:56:23,537 - __main__ - INFO - 下载请求 - URL: https://missav.fans/prst-019-uncensored-leak
2025-06-08 14:56:23,537 - __main__ - INFO - 正在获取视频信息...
2025-06-08 14:56:25,530 - __main__ - ERROR - 处理过程未知错误: [0;31mERROR:[0m Unsupported URL: https://missav.fans/prst-019-uncensored-leak
Traceback (most recent call last):
  File "D:\conda\Lib\site-packages\yt_dlp\YoutubeDL.py", line 1624, in wrapper
    return func(self, *args, **kwargs)
           ^^^^^^^^^^^^^^^^^^^^^^^^^^^
  File "D:\conda\Lib\site-packages\yt_dlp\YoutubeDL.py", line 1759, in __extract_info
    ie_result = ie.extract(url)
                ^^^^^^^^^^^^^^^
  File "D:\conda\Lib\site-packages\yt_dlp\extractor\common.py", line 742, in extract
    ie_result = self._real_extract(url)
                ^^^^^^^^^^^^^^^^^^^^^^^
  File "D:\conda\Lib\site-packages\yt_dlp\extractor\generic.py", line 2553, in _real_extract
    raise UnsupportedError(url)
yt_dlp.utils.UnsupportedError: Unsupported URL: https://missav.fans/prst-019-uncensored-leak

During handling of the above exception, another exception occurred:

Traceback (most recent call last):
  File "D:\Projects\X vedio downloader\app.py", line 143, in generate
    info_dict = ydl.extract_info(generic_url, download=False)
                ^^^^^^^^^^^^^^^^^^^^^^^^^^^^^^^^^^^^^^^^^^^^^
  File "D:\conda\Lib\site-packages\yt_dlp\YoutubeDL.py", line 1613, in extract_info
    return self.__extract_info(url, self.get_info_extractor(key), download, extra_info, process)
           ^^^^^^^^^^^^^^^^^^^^^^^^^^^^^^^^^^^^^^^^^^^^^^^^^^^^^^^^^^^^^^^^^^^^^^^^^^^^^^^^^^^^^
  File "D:\conda\Lib\site-packages\yt_dlp\YoutubeDL.py", line 1642, in wrapper
    self.report_error(str(e), e.format_traceback())
  File "D:\conda\Lib\site-packages\yt_dlp\YoutubeDL.py", line 1090, in report_error
    self.trouble(f'{self._format_err("ERROR:", self.Styles.ERROR)} {message}', *args, **kwargs)
  File "D:\conda\Lib\site-packages\yt_dlp\YoutubeDL.py", line 1029, in trouble
    raise DownloadError(message, exc_info)
yt_dlp.utils.DownloadError: [0;31mERROR:[0m Unsupported URL: https://missav.fans/prst-019-uncensored-leak

2025-06-08 14:56:25,531 - werkzeug - INFO - 192.168.2.247 - - [08/Jun/2025 14:56:25] "GET /download?url=https://missav.fans/prst-019-uncensored-leak HTTP/1.1" 200 -
2025-06-08 14:58:54,733 - werkzeug - INFO - 192.168.2.247 - - [08/Jun/2025 14:58:54] "GET / HTTP/1.1" 200 -
2025-06-08 15:01:09,500 - werkzeug - INFO - [31m[1mWARNING: This is a development server. Do not use it in a production deployment. Use a production WSGI server instead.[0m
 * Running on all addresses (0.0.0.0)
 * Running on http://127.0.0.1:5000
 * Running on http://192.168.2.247:5000
2025-06-08 15:01:09,500 - werkzeug - INFO - [33mPress CTRL+C to quit[0m
2025-06-08 15:02:13,029 - werkzeug - INFO - 192.168.2.247 - - [08/Jun/2025 15:02:13] "GET / HTTP/1.1" 200 -
2025-06-08 15:02:21,034 - __main__ - INFO - 下载请求 - URL: https://x.com/lexfridman/status/1924557716866937140
2025-06-08 15:02:21,035 - __main__ - INFO - 正在获取视频信息...
2025-06-08 15:02:23,993 - __main__ - INFO - 将要保存的文件名: Lex Fridman - Here's my conversation with Oliver Anthony, country singer-songwriter, who first gained worldwide recognition with his song Rich Men Nor.mp4
2025-06-08 15:02:23,994 - __main__ - INFO - 找到高质量MP4直接链接: https://video.twimg.com/amplify_video/1924555580850540544/vid/avc1/128...
2025-06-08 15:02:23,994 - __main__ - INFO - 检测到MP4直接链接，尝试使用 aria2c 高速下载...
2025-06-08 15:02:24,001 - werkzeug - INFO - 192.168.2.247 - - [08/Jun/2025 15:02:24] "GET /download?url=https://x.com/lexfridman/status/1924557716866937140 HTTP/1.1" 200 -
2025-06-08 15:03:19,138 - __main__ - INFO - Aria2c下载完成。
2025-06-08 15:08:18,608 - werkzeug - INFO - 192.168.2.247 - - [08/Jun/2025 15:08:18] "GET / HTTP/1.1" 200 -
2025-06-08 15:08:24,665 - werkzeug - INFO - 192.168.2.247 - - [08/Jun/2025 15:08:24] "GET / HTTP/1.1" 200 -
2025-06-08 15:08:25,438 - werkzeug - INFO - 192.168.2.247 - - [08/Jun/2025 15:08:25] "GET / HTTP/1.1" 200 -
2025-06-08 15:08:25,683 - werkzeug - INFO - 192.168.2.247 - - [08/Jun/2025 15:08:25] "GET / HTTP/1.1" 200 -
2025-06-08 15:08:25,875 - werkzeug - INFO - 192.168.2.247 - - [08/Jun/2025 15:08:25] "GET / HTTP/1.1" 200 -
2025-06-08 15:08:26,072 - werkzeug - INFO - 192.168.2.247 - - [08/Jun/2025 15:08:26] "GET / HTTP/1.1" 200 -
2025-06-08 15:08:26,259 - werkzeug - INFO - 192.168.2.247 - - [08/Jun/2025 15:08:26] "GET / HTTP/1.1" 200 -
2025-06-08 15:08:59,821 - werkzeug - INFO - 192.168.2.247 - - [08/Jun/2025 15:08:59] "GET / HTTP/1.1" 200 -
2025-06-08 15:09:01,243 - werkzeug - INFO - 192.168.2.247 - - [08/Jun/2025 15:09:01] "GET / HTTP/1.1" 200 -
2025-06-08 15:09:02,076 - werkzeug - INFO - 192.168.2.247 - - [08/Jun/2025 15:09:02] "GET / HTTP/1.1" 200 -
2025-06-08 15:09:02,286 - werkzeug - INFO - 192.168.2.247 - - [08/Jun/2025 15:09:02] "GET / HTTP/1.1" 200 -
2025-06-08 15:09:02,475 - werkzeug - INFO - 192.168.2.247 - - [08/Jun/2025 15:09:02] "GET / HTTP/1.1" 200 -
2025-06-08 15:09:02,637 - werkzeug - INFO - 192.168.2.247 - - [08/Jun/2025 15:09:02] "GET / HTTP/1.1" 200 -
2025-06-08 15:09:15,983 - werkzeug - INFO - 192.168.2.247 - - [08/Jun/2025 15:09:15] "GET / HTTP/1.1" 200 -
2025-06-08 15:10:43,616 - werkzeug - INFO - [31m[1mWARNING: This is a development server. Do not use it in a production deployment. Use a production WSGI server instead.[0m
 * Running on all addresses (0.0.0.0)
 * Running on http://127.0.0.1:5000
 * Running on http://192.168.2.247:5000
2025-06-08 15:10:43,616 - werkzeug - INFO - [33mPress CTRL+C to quit[0m
2025-06-08 15:10:50,782 - werkzeug - INFO - 192.168.2.247 - - [08/Jun/2025 15:10:50] "GET / HTTP/1.1" 200 -
2025-06-08 15:11:01,987 - __main__ - INFO - 收到下载请求 - URL: https://x.com/lexfridman/status/1919482655126782273
2025-06-08 15:11:01,988 - werkzeug - INFO - 192.168.2.247 - - [08/Jun/2025 15:11:01] "GET /download?url=https://x.com/lexfridman/status/1919482655126782273 HTTP/1.1" 200 -
2025-06-08 15:11:01,988 - __main__ - INFO - 正在获取视频信息: https://twitter.com/lexfridman/status/1919482655126782273
2025-06-08 15:11:04,314 - __main__ - INFO - 将保存至: C:\Users\WINDOWS\Desktop\Lex Fridman - Here's my conversation with astrophysicist @JannaLevin all about black holes, information paradox, general relativity, quantum mechanics.mp4
2025-06-08 15:11:04,315 - __main__ - INFO - 找到高质量MP4直接链接: https://video.twimg.com/amplify_video/1919481065778847744/vid/avc1/1280x720/tAOZ...
2025-06-08 15:11:04,315 - __main__ - INFO - 检测到MP4直接链接，尝试使用 aria2c 高速下载...
2025-06-08 15:12:17,094 - __main__ - INFO - Aria2c 下载完成: Lex Fridman - Here's my conversation with astrophysicist @JannaLevin all about black holes, information paradox, general relativity, quantum mechanics.mp4
2025-06-08 15:17:40,064 - werkzeug - INFO - [31m[1mWARNING: This is a development server. Do not use it in a production deployment. Use a production WSGI server instead.[0m
 * Running on all addresses (0.0.0.0)
 * Running on http://127.0.0.1:5000
 * Running on http://192.168.2.247:5000
2025-06-08 15:17:40,064 - werkzeug - INFO - [33mPress CTRL+C to quit[0m
2025-06-08 15:17:44,820 - werkzeug - INFO - 192.168.2.247 - - [08/Jun/2025 15:17:44] "GET / HTTP/1.1" 200 -
2025-06-08 15:18:35,248 - __main__ - INFO - 收到下载请求 - URL: https://x.com/lexfridman/status/1930686292699893972
2025-06-08 15:18:35,249 - werkzeug - INFO - 192.168.2.247 - - [08/Jun/2025 15:18:35] "GET /download?url=https://x.com/lexfridman/status/1930686292699893972 HTTP/1.1" 200 -
2025-06-08 15:18:35,249 - __main__ - INFO - 正在获取视频信息: https://twitter.com/lexfridman/status/1930686292699893972
2025-06-08 15:18:37,786 - __main__ - INFO - 预估文件总大小: 9794.09 MB
2025-06-08 15:18:37,786 - __main__ - INFO - 将保存至: C:\Users\WINDOWS\Desktop\Lex Fridman - Here's my conversation with @sundarpichai, CEO of Google and Alphabet.  I've gotten to know Sundar over the past 2 years. His life story.mp4
2025-06-08 15:18:37,786 - __main__ - INFO - 找到高质量MP4直接链接: https://video.twimg.com/amplify_video/1930681008283660288/vid/avc1/1920x1080/A2Y...
2025-06-08 15:18:37,786 - __main__ - INFO - 检测到MP4直接链接，尝试使用 aria2c 高速下载...
2025-06-08 15:20:10,216 - __main__ - INFO - Aria2c 下载完成: Lex Fridman - Here's my conversation with @sundarpichai, CEO of Google and Alphabet.  I've gotten to know Sundar over the past 2 years. His life story.mp4
2025-06-08 15:24:37,698 - werkzeug - INFO - [31m[1mWARNING: This is a development server. Do not use it in a production deployment. Use a production WSGI server instead.[0m
 * Running on all addresses (0.0.0.0)
 * Running on http://127.0.0.1:5000
 * Running on http://192.168.2.247:5000
2025-06-08 15:24:37,698 - werkzeug - INFO - [33mPress CTRL+C to quit[0m
2025-06-08 15:24:41,563 - werkzeug - INFO - 192.168.2.247 - - [08/Jun/2025 15:24:41] "GET / HTTP/1.1" 200 -
2025-06-08 15:24:52,797 - __main__ - INFO - 收到下载请求 - URL: https://x.com/lexfridman/status/1926382360783695976
2025-06-08 15:24:52,798 - werkzeug - INFO - 192.168.2.247 - - [08/Jun/2025 15:24:52] "GET /download?url=https://x.com/lexfridman/status/1926382360783695976 HTTP/1.1" 200 -
2025-06-08 15:24:52,798 - __main__ - INFO - 正在获取视频信息: https://twitter.com/lexfridman/status/1926382360783695976
2025-06-08 15:24:55,724 - __main__ - INFO - 将保存至: C:\Users\WINDOWS\Desktop\Lex Fridman - Here's my conversation with James Holland, a historian specializing in World War II. We talk about Hitler, Churchill, Chamberlain, Stali.mp4
2025-06-08 15:24:55,725 - __main__ - INFO - 找到高质量MP4直接链接: https://video.twimg.com/amplify_video/1926376127620100096/vid/avc1/1280x720/gaxq...
2025-06-08 15:24:55,725 - __main__ - INFO - 检测到MP4直接链接，尝试使用 aria2c 高速下载...
2025-06-08 15:25:06,210 - __main__ - INFO - Aria2c 下载完成: Lex Fridman - Here's my conversation with James Holland, a historian specializing in World War II. We talk about Hitler, Churchill, Chamberlain, Stali.mp4
2025-06-08 15:26:41,287 - werkzeug - INFO - 192.168.2.247 - - [08/Jun/2025 15:26:41] "GET / HTTP/1.1" 200 -
2025-06-08 15:26:42,789 - __main__ - INFO - 收到下载请求 - URL: https://cn.pornhub.com/view_video.php?viewkey=683782082347e
2025-06-08 15:26:42,789 - werkzeug - INFO - 192.168.2.247 - - [08/Jun/2025 15:26:42] "GET /download?url=https://cn.pornhub.com/view_video.php?viewkey%3D683782082347e HTTP/1.1" 200 -
2025-06-08 15:26:42,790 - __main__ - INFO - 正在获取视频信息: https://cn.pornhub.com/view_video.php?viewkey=683782082347e
2025-06-08 15:26:49,541 - __main__ - INFO - 将保存至: C:\Users\WINDOWS\Desktop\Softball MILF Aiden Ashley Gets a Good Pussy Grip in Stepson's Balls and Hard Wood S1_E2.mp4
2025-06-08 15:26:49,541 - __main__ - INFO - 找到高质量MP4直接链接: https://ev-h.phncdn.com/hls/videos/202505/28/469489425/1080P_4000K_469489425.mp4...
2025-06-08 15:26:49,541 - __main__ - INFO - 检测到MP4直接链接，尝试使用 aria2c 高速下载...
2025-06-08 15:26:50,869 - __main__ - INFO - Aria2c 下载完成: Softball MILF Aiden Ashley Gets a Good Pussy Grip in Stepson's Balls and Hard Wood S1_E2.mp4
2025-06-08 15:30:50,724 - werkzeug - INFO - 192.168.2.247 - - [08/Jun/2025 15:30:50] "GET / HTTP/1.1" 200 -
2025-06-08 15:30:57,919 - werkzeug - INFO - [31m[1mWARNING: This is a development server. Do not use it in a production deployment. Use a production WSGI server instead.[0m
 * Running on all addresses (0.0.0.0)
 * Running on http://127.0.0.1:5000
 * Running on http://192.168.2.247:5000
2025-06-08 15:30:57,919 - werkzeug - INFO - [33mPress CTRL+C to quit[0m
2025-06-08 15:31:00,631 - werkzeug - INFO - 192.168.2.247 - - [08/Jun/2025 15:31:00] "GET / HTTP/1.1" 200 -
2025-06-08 15:31:09,331 - __main__ - INFO - 收到下载请求 - URL: https://cn.pornhub.com/view_video.php?viewkey=ph61824c230179b
2025-06-08 15:31:09,332 - werkzeug - INFO - 192.168.2.247 - - [08/Jun/2025 15:31:09] "GET /download?url=https://cn.pornhub.com/view_video.php?viewkey%3Dph61824c230179b HTTP/1.1" 200 -
2025-06-08 15:31:09,332 - __main__ - INFO - 正在获取视频信息: https://pornhub.com/view_video.php?viewkey=ph61824c230179b
2025-06-08 15:31:16,415 - __main__ - INFO - 将保存至: C:\Users\WINDOWS\Desktop\Cheated MILF Brandi Love Suck And Fuck To Her Hearts Content - Gloryhole.mp4
2025-06-08 15:31:16,416 - __main__ - INFO - 检测到 HLS (m3u8) 流，必须使用 yt-dlp 进行下载和合并。
2025-06-08 15:40:23,007 - __main__ - INFO - yt-dlp 下载完成: Cheated MILF Brandi Love Suck And Fuck To Her Hearts Content - Gloryhole.mp4
2025-06-08 15:46:15,325 - werkzeug - INFO - [31m[1mWARNING: This is a development server. Do not use it in a production deployment. Use a production WSGI server instead.[0m
 * Running on all addresses (0.0.0.0)
 * Running on http://127.0.0.1:5000
 * Running on http://192.168.2.247:5000
2025-06-08 15:46:15,325 - werkzeug - INFO - [33mPress CTRL+C to quit[0m
2025-06-08 15:46:20,922 - werkzeug - INFO - 192.168.2.247 - - [08/Jun/2025 15:46:20] "GET / HTTP/1.1" 200 -
2025-06-08 15:46:35,806 - __main__ - INFO - 收到下载请求 - URL: https://cn.pornhub.com/view_video.php?viewkey=658c02a81b69a
2025-06-08 15:46:35,807 - werkzeug - INFO - 192.168.2.247 - - [08/Jun/2025 15:46:35] "GET /download?url=https://cn.pornhub.com/view_video.php?viewkey%3D658c02a81b69a HTTP/1.1" 200 -
2025-06-08 15:46:35,808 - __main__ - INFO - 正在获取视频信息: https://pornhub.com/view_video.php?viewkey=658c02a81b69a
2025-06-08 15:46:42,981 - __main__ - INFO - 将保存至: C:\Users\WINDOWS\Desktop\MILFY Legendary MILF Reagan Foxx's Very First BBC.mp4
2025-06-08 15:46:42,982 - __main__ - INFO - 检测到Aria2c，将启用高速多线程下载模式 (yt-dlp + aria2c)。
2025-06-08 15:46:42,992 - __main__ - ERROR - 下载过程中发生致命错误: name 'stream_process_output' is not defined
Traceback (most recent call last):
  File "D:\Projects\X vedio downloader\app.py", line 194, in _perform_download
    yield from stream_process_output(process, "高速下载中 (yt-dlp+aria2c)")
               ^^^^^^^^^^^^^^^^^^^^^
NameError: name 'stream_process_output' is not defined

2025-06-08 15:48:30,685 - werkzeug - INFO - 192.168.2.247 - - [08/Jun/2025 15:48:30] "GET / HTTP/1.1" 200 -
2025-06-08 15:49:50,712 - werkzeug - INFO - [31m[1mWARNING: This is a development server. Do not use it in a production deployment. Use a production WSGI server instead.[0m
 * Running on all addresses (0.0.0.0)
 * Running on http://127.0.0.1:5000
 * Running on http://192.168.2.247:5000
2025-06-08 15:49:50,713 - werkzeug - INFO - [33mPress CTRL+C to quit[0m
2025-06-08 15:49:54,089 - werkzeug - INFO - 192.168.2.247 - - [08/Jun/2025 15:49:54] "GET / HTTP/1.1" 200 -
2025-06-08 15:50:13,059 - __main__ - INFO - 收到下载请求 - URL: https://x.com/lexfridman/status/1926382360783695976
2025-06-08 15:50:13,059 - werkzeug - INFO - 192.168.2.247 - - [08/Jun/2025 15:50:13] "GET /download?url=https://x.com/lexfridman/status/1926382360783695976 HTTP/1.1" 200 -
2025-06-08 15:50:13,060 - __main__ - INFO - 正在获取视频信息: https://twitter.com/lexfridman/status/1926382360783695976
2025-06-08 15:50:14,858 - __main__ - INFO - 将保存至: C:\Users\WINDOWS\Desktop\Lex Fridman - Here's my conversation with James Holland, a historian specializing in World War II. We talk about Hitler, Churchill, Chamberlain, Stali.mp4
2025-06-08 15:50:14,859 - __main__ - INFO - 检测到Aria2c，将启用高速多线程下载模式 (yt-dlp + aria2c)。
2025-06-08 15:50:36,660 - __main__ - INFO - 下载完成: Lex Fridman - Here's my conversation with James Holland, a historian specializing in World War II. We talk about Hitler, Churchill, Chamberlain, Stali.mp4
2025-06-08 15:54:25,369 - werkzeug - INFO - [31m[1mWARNING: This is a development server. Do not use it in a production deployment. Use a production WSGI server instead.[0m
 * Running on all addresses (0.0.0.0)
 * Running on http://127.0.0.1:5000
 * Running on http://192.168.2.247:5000
2025-06-08 15:54:25,369 - werkzeug - INFO - [33mPress CTRL+C to quit[0m
2025-06-08 15:54:28,881 - werkzeug - INFO - 192.168.2.247 - - [08/Jun/2025 15:54:28] "GET / HTTP/1.1" 200 -
2025-06-08 15:54:50,413 - __main__ - INFO - 收到下载请求 - URL: https://x.com/lexfridman/status/1919482655126782273
2025-06-08 15:54:50,414 - werkzeug - INFO - 192.168.2.247 - - [08/Jun/2025 15:54:50] "GET /download?url=https://x.com/lexfridman/status/1919482655126782273 HTTP/1.1" 200 -
2025-06-08 15:54:50,414 - __main__ - INFO - 正在获取视频信息: https://twitter.com/lexfridman/status/1919482655126782273
2025-06-08 15:54:52,501 - __main__ - INFO - 将保存至: C:\Users\WINDOWS\Desktop\Lex Fridman - Here's my conversation with astrophysicist @JannaLevin all about black holes, information paradox, general relativity, quantum mechanics.mp4
2025-06-08 15:54:52,501 - __main__ - INFO - 检测到Aria2c，将启用高速多线程下载模式 (yt-dlp + aria2c)。
2025-06-08 15:55:21,570 - __main__ - INFO - 下载完成: Lex Fridman - Here's my conversation with astrophysicist @JannaLevin all about black holes, information paradox, general relativity, quantum mechanics.mp4
2025-06-08 15:56:27,479 - werkzeug - INFO - 192.168.2.247 - - [08/Jun/2025 15:56:27] "GET / HTTP/1.1" 200 -
2025-06-08 15:56:46,626 - __main__ - INFO - 收到下载请求 - URL: https://cn.pornhub.com/view_video.php?viewkey=67d99831a5de1
2025-06-08 15:56:46,627 - werkzeug - INFO - 192.168.2.247 - - [08/Jun/2025 15:56:46] "GET /download?url=https://cn.pornhub.com/view_video.php?viewkey%3D67d99831a5de1 HTTP/1.1" 200 -
2025-06-08 15:56:46,627 - __main__ - INFO - 正在获取视频信息: https://pornhub.com/view_video.php?viewkey=67d99831a5de1
2025-06-08 15:56:52,221 - __main__ - INFO - 将保存至: C:\Users\WINDOWS\Desktop\Jealous Dick Deprived MILF Vera King Shows Stepson She is ALL he needs in a Woman.mp4
2025-06-08 15:56:52,222 - __main__ - INFO - 检测到Aria2c，将启用高速多线程下载模式 (yt-dlp + aria2c)。
2025-06-08 16:18:05,882 - __main__ - INFO - 下载完成: Jealous Dick Deprived MILF Vera King Shows Stepson She is ALL he needs in a Woman.mp4
2025-06-08 16:26:18,235 - werkzeug - INFO - 192.168.2.247 - - [08/Jun/2025 16:26:18] "GET / HTTP/1.1" 200 -
2025-06-08 16:26:20,193 - __main__ - INFO - 收到下载请求 - URL: https://x.com/lexfridman/status/1917661573142765988
2025-06-08 16:26:20,193 - werkzeug - INFO - 192.168.2.247 - - [08/Jun/2025 16:26:20] "GET /download?url=https://x.com/lexfridman/status/1917661573142765988 HTTP/1.1" 200 -
2025-06-08 16:26:20,194 - __main__ - INFO - 正在获取视频信息: https://twitter.com/lexfridman/status/1917661573142765988
2025-06-08 16:26:21,444 - __main__ - ERROR - 下载过程中发生致命错误: [0;31mERROR:[0m [twitter] 1917661573142765988: NSFW tweet requires authentication. Use --cookies, --cookies-from-browser, --username and --password, --netrc-cmd, or --netrc (twitter) to provide account credentials. See  https://github.com/yt-dlp/yt-dlp/wiki/FAQ#how-do-i-pass-cookies-to-yt-dlp  for how to manually pass cookies
Traceback (most recent call last):
  File "D:\conda\Lib\site-packages\yt_dlp\YoutubeDL.py", line 1624, in wrapper
    return func(self, *args, **kwargs)
           ^^^^^^^^^^^^^^^^^^^^^^^^^^^
  File "D:\conda\Lib\site-packages\yt_dlp\YoutubeDL.py", line 1759, in __extract_info
    ie_result = ie.extract(url)
                ^^^^^^^^^^^^^^^
  File "D:\conda\Lib\site-packages\yt_dlp\extractor\common.py", line 742, in extract
    ie_result = self._real_extract(url)
                ^^^^^^^^^^^^^^^^^^^^^^^
  File "D:\conda\Lib\site-packages\yt_dlp\extractor\twitter.py", line 1422, in _real_extract
    status = self._extract_status(twid)
             ^^^^^^^^^^^^^^^^^^^^^^^^^^
  File "D:\conda\Lib\site-packages\yt_dlp\extractor\twitter.py", line 1400, in _extract_status
    status = self._graphql_to_legacy(self._call_graphql_api(self._GRAPHQL_ENDPOINT, twid), twid)
             ^^^^^^^^^^^^^^^^^^^^^^^^^^^^^^^^^^^^^^^^^^^^^^^^^^^^^^^^^^^^^^^^^^^^^^^^^^^^^^^^^^^
  File "D:\conda\Lib\site-packages\yt_dlp\extractor\twitter.py", line 1277, in _graphql_to_legacy
    self.raise_login_required('NSFW tweet requires authentication')
  File "D:\conda\Lib\site-packages\yt_dlp\extractor\common.py", line 1258, in raise_login_required
    raise ExtractorError(msg, expected=True)
yt_dlp.utils.ExtractorError: [twitter] 1917661573142765988: NSFW tweet requires authentication. Use --cookies, --cookies-from-browser, --username and --password, --netrc-cmd, or --netrc (twitter) to provide account credentials. See  https://github.com/yt-dlp/yt-dlp/wiki/FAQ#how-do-i-pass-cookies-to-yt-dlp  for how to manually pass cookies

During handling of the above exception, another exception occurred:

Traceback (most recent call last):
  File "D:\Projects\X vedio downloader\app.py", line 122, in _perform_download
    info_dict = ydl.extract_info(url, download=False)
                ^^^^^^^^^^^^^^^^^^^^^^^^^^^^^^^^^^^^^
  File "D:\conda\Lib\site-packages\yt_dlp\YoutubeDL.py", line 1613, in extract_info
    return self.__extract_info(url, self.get_info_extractor(key), download, extra_info, process)
           ^^^^^^^^^^^^^^^^^^^^^^^^^^^^^^^^^^^^^^^^^^^^^^^^^^^^^^^^^^^^^^^^^^^^^^^^^^^^^^^^^^^^^
  File "D:\conda\Lib\site-packages\yt_dlp\YoutubeDL.py", line 1642, in wrapper
    self.report_error(str(e), e.format_traceback())
  File "D:\conda\Lib\site-packages\yt_dlp\YoutubeDL.py", line 1090, in report_error
    self.trouble(f'{self._format_err("ERROR:", self.Styles.ERROR)} {message}', *args, **kwargs)
  File "D:\conda\Lib\site-packages\yt_dlp\YoutubeDL.py", line 1029, in trouble
    raise DownloadError(message, exc_info)
yt_dlp.utils.DownloadError: [0;31mERROR:[0m [twitter] 1917661573142765988: NSFW tweet requires authentication. Use --cookies, --cookies-from-browser, --username and --password, --netrc-cmd, or --netrc (twitter) to provide account credentials. See  https://github.com/yt-dlp/yt-dlp/wiki/FAQ#how-do-i-pass-cookies-to-yt-dlp  for how to manually pass cookies

2025-06-08 16:26:34,568 - __main__ - INFO - 收到下载请求 - URL: https://x.com/lexfridman/status/1917661573142765988
2025-06-08 16:26:34,568 - werkzeug - INFO - 192.168.2.247 - - [08/Jun/2025 16:26:34] "GET /download?url=https://x.com/lexfridman/status/1917661573142765988 HTTP/1.1" 200 -
2025-06-08 16:26:34,568 - __main__ - INFO - 正在获取视频信息: https://twitter.com/lexfridman/status/1917661573142765988
2025-06-08 16:26:35,790 - __main__ - ERROR - 下载过程中发生致命错误: [0;31mERROR:[0m [twitter] 1917661573142765988: NSFW tweet requires authentication. Use --cookies, --cookies-from-browser, --username and --password, --netrc-cmd, or --netrc (twitter) to provide account credentials. See  https://github.com/yt-dlp/yt-dlp/wiki/FAQ#how-do-i-pass-cookies-to-yt-dlp  for how to manually pass cookies
Traceback (most recent call last):
  File "D:\conda\Lib\site-packages\yt_dlp\YoutubeDL.py", line 1624, in wrapper
    return func(self, *args, **kwargs)
           ^^^^^^^^^^^^^^^^^^^^^^^^^^^
  File "D:\conda\Lib\site-packages\yt_dlp\YoutubeDL.py", line 1759, in __extract_info
    ie_result = ie.extract(url)
                ^^^^^^^^^^^^^^^
  File "D:\conda\Lib\site-packages\yt_dlp\extractor\common.py", line 742, in extract
    ie_result = self._real_extract(url)
                ^^^^^^^^^^^^^^^^^^^^^^^
  File "D:\conda\Lib\site-packages\yt_dlp\extractor\twitter.py", line 1422, in _real_extract
    status = self._extract_status(twid)
             ^^^^^^^^^^^^^^^^^^^^^^^^^^
  File "D:\conda\Lib\site-packages\yt_dlp\extractor\twitter.py", line 1400, in _extract_status
    status = self._graphql_to_legacy(self._call_graphql_api(self._GRAPHQL_ENDPOINT, twid), twid)
             ^^^^^^^^^^^^^^^^^^^^^^^^^^^^^^^^^^^^^^^^^^^^^^^^^^^^^^^^^^^^^^^^^^^^^^^^^^^^^^^^^^^
  File "D:\conda\Lib\site-packages\yt_dlp\extractor\twitter.py", line 1277, in _graphql_to_legacy
    self.raise_login_required('NSFW tweet requires authentication')
  File "D:\conda\Lib\site-packages\yt_dlp\extractor\common.py", line 1258, in raise_login_required
    raise ExtractorError(msg, expected=True)
yt_dlp.utils.ExtractorError: [twitter] 1917661573142765988: NSFW tweet requires authentication. Use --cookies, --cookies-from-browser, --username and --password, --netrc-cmd, or --netrc (twitter) to provide account credentials. See  https://github.com/yt-dlp/yt-dlp/wiki/FAQ#how-do-i-pass-cookies-to-yt-dlp  for how to manually pass cookies

During handling of the above exception, another exception occurred:

Traceback (most recent call last):
  File "D:\Projects\X vedio downloader\app.py", line 122, in _perform_download
    info_dict = ydl.extract_info(url, download=False)
                ^^^^^^^^^^^^^^^^^^^^^^^^^^^^^^^^^^^^^
  File "D:\conda\Lib\site-packages\yt_dlp\YoutubeDL.py", line 1613, in extract_info
    return self.__extract_info(url, self.get_info_extractor(key), download, extra_info, process)
           ^^^^^^^^^^^^^^^^^^^^^^^^^^^^^^^^^^^^^^^^^^^^^^^^^^^^^^^^^^^^^^^^^^^^^^^^^^^^^^^^^^^^^
  File "D:\conda\Lib\site-packages\yt_dlp\YoutubeDL.py", line 1642, in wrapper
    self.report_error(str(e), e.format_traceback())
  File "D:\conda\Lib\site-packages\yt_dlp\YoutubeDL.py", line 1090, in report_error
    self.trouble(f'{self._format_err("ERROR:", self.Styles.ERROR)} {message}', *args, **kwargs)
  File "D:\conda\Lib\site-packages\yt_dlp\YoutubeDL.py", line 1029, in trouble
    raise DownloadError(message, exc_info)
yt_dlp.utils.DownloadError: [0;31mERROR:[0m [twitter] 1917661573142765988: NSFW tweet requires authentication. Use --cookies, --cookies-from-browser, --username and --password, --netrc-cmd, or --netrc (twitter) to provide account credentials. See  https://github.com/yt-dlp/yt-dlp/wiki/FAQ#how-do-i-pass-cookies-to-yt-dlp  for how to manually pass cookies

2025-06-08 16:26:49,439 - __main__ - INFO - 收到下载请求 - URL: https://x.com/lexfridman/status/1912635743261937868
2025-06-08 16:26:49,439 - werkzeug - INFO - 192.168.2.247 - - [08/Jun/2025 16:26:49] "GET /download?url=https://x.com/lexfridman/status/1912635743261937868 HTTP/1.1" 200 -
2025-06-08 16:26:49,439 - __main__ - INFO - 正在获取视频信息: https://twitter.com/lexfridman/status/1912635743261937868
2025-06-08 16:26:50,718 - __main__ - INFO - 将保存至: C:\Users\WINDOWS\Desktop\Lex Fridman - Here's my conversation with Robert Rodriguez (@Rodriguez), a legendary filmmaker and creator of Sin City, El Mariachi, Desperado, Spy Ki.mp4
2025-06-08 16:26:50,718 - __main__ - INFO - 检测到Aria2c，将启用高速多线程下载模式 (yt-dlp + aria2c)。
2025-06-08 16:28:08,386 - __main__ - INFO - 下载完成: Lex Fridman - Here's my conversation with Robert Rodriguez (@Rodriguez), a legendary filmmaker and creator of Sin City, El Mariachi, Desperado, Spy Ki.mp4
2025-06-08 16:32:21,622 - werkzeug - INFO - [31m[1mWARNING: This is a development server. Do not use it in a production deployment. Use a production WSGI server instead.[0m
 * Running on all addresses (0.0.0.0)
 * Running on http://127.0.0.1:5000
 * Running on http://192.168.2.247:5000
2025-06-08 16:32:21,623 - werkzeug - INFO - [33mPress CTRL+C to quit[0m
2025-06-08 16:32:24,571 - werkzeug - INFO - 192.168.2.247 - - [08/Jun/2025 16:32:24] "GET / HTTP/1.1" 200 -
2025-06-08 16:32:44,511 - __main__ - INFO - 收到下载请求 - URL: https://x.com/itsPaulAi/status/1931443119439888731
2025-06-08 16:32:44,511 - werkzeug - INFO - 192.168.2.247 - - [08/Jun/2025 16:32:44] "GET /download?url=https://x.com/itsPaulAi/status/1931443119439888731 HTTP/1.1" 200 -
2025-06-08 16:32:44,512 - __main__ - INFO - 正在获取视频信息: https://twitter.com/itsPaulAi/status/1931443119439888731
2025-06-08 16:32:44,512 - __main__ - INFO - 未找到cookies.txt，将以游客身份下载。
2025-06-08 16:32:46,735 - __main__ - INFO - 将保存至: C:\Users\WINDOWS\Desktop\Paul Couvert - Gemini 2.5 Pro can automate your browser  You can ask it to perform any task fully autonomously using this free and open source extensi.mp4
2025-06-08 16:32:46,735 - __main__ - INFO - 检测到Aria2c，将启用高速多线程下载模式 (yt-dlp + aria2c)。
2025-06-08 16:32:50,282 - __main__ - INFO - 下载完成: Paul Couvert - Gemini 2.5 Pro can automate your browser  You can ask it to perform any task fully autonomously using this free and open source extensi.mp4
2025-06-08 16:34:12,174 - werkzeug - INFO - 192.168.2.247 - - [08/Jun/2025 16:34:12] "GET / HTTP/1.1" 200 -
2025-06-08 16:34:29,863 - __main__ - INFO - 收到下载请求 - URL: https://www.youtube.com/watch?v=C-2SF4t8Up4
2025-06-08 16:34:29,864 - werkzeug - INFO - 192.168.2.247 - - [08/Jun/2025 16:34:29] "GET /download?url=https://www.youtube.com/watch?v%3DC-2SF4t8Up4 HTTP/1.1" 200 -
2025-06-08 16:34:29,864 - __main__ - INFO - 正在获取视频信息: https://www.youtube.com/watch?v=C-2SF4t8Up4
2025-06-08 16:34:29,864 - __main__ - INFO - 未找到cookies.txt，将以游客身份下载。
2025-06-08 16:34:32,018 - __main__ - ERROR - 下载过程中发生致命错误: [0;31mERROR:[0m [youtube] C-2SF4t8Up4: Sign in to confirm you’re not a bot. Use --cookies-from-browser or --cookies for the authentication. See  https://github.com/yt-dlp/yt-dlp/wiki/FAQ#how-do-i-pass-cookies-to-yt-dlp  for how to manually pass cookies. Also see  https://github.com/yt-dlp/yt-dlp/wiki/Extractors#exporting-youtube-cookies  for tips on effectively exporting YouTube cookies
Traceback (most recent call last):
  File "D:\conda\Lib\site-packages\yt_dlp\YoutubeDL.py", line 1624, in wrapper
    return func(self, *args, **kwargs)
           ^^^^^^^^^^^^^^^^^^^^^^^^^^^
  File "D:\conda\Lib\site-packages\yt_dlp\YoutubeDL.py", line 1759, in __extract_info
    ie_result = ie.extract(url)
                ^^^^^^^^^^^^^^^
  File "D:\conda\Lib\site-packages\yt_dlp\extractor\common.py", line 742, in extract
    ie_result = self._real_extract(url)
                ^^^^^^^^^^^^^^^^^^^^^^^
  File "D:\conda\Lib\site-packages\yt_dlp\extractor\youtube.py", line 4492, in _real_extract
    self.raise_no_formats(reason, expected=True)
  File "D:\conda\Lib\site-packages\yt_dlp\extractor\common.py", line 1276, in raise_no_formats
    raise ExtractorError(msg, expected=expected, video_id=video_id)
yt_dlp.utils.ExtractorError: [youtube] C-2SF4t8Up4: Sign in to confirm you’re not a bot. Use --cookies-from-browser or --cookies for the authentication. See  https://github.com/yt-dlp/yt-dlp/wiki/FAQ#how-do-i-pass-cookies-to-yt-dlp  for how to manually pass cookies. Also see  https://github.com/yt-dlp/yt-dlp/wiki/Extractors#exporting-youtube-cookies  for tips on effectively exporting YouTube cookies

During handling of the above exception, another exception occurred:

Traceback (most recent call last):
  File "D:\Projects\X vedio downloader\app.py", line 138, in _perform_download
    info_dict = ydl.extract_info(url, download=False)
                ^^^^^^^^^^^^^^^^^^^^^^^^^^^^^^^^^^^^^
  File "D:\conda\Lib\site-packages\yt_dlp\YoutubeDL.py", line 1613, in extract_info
    return self.__extract_info(url, self.get_info_extractor(key), download, extra_info, process)
           ^^^^^^^^^^^^^^^^^^^^^^^^^^^^^^^^^^^^^^^^^^^^^^^^^^^^^^^^^^^^^^^^^^^^^^^^^^^^^^^^^^^^^
  File "D:\conda\Lib\site-packages\yt_dlp\YoutubeDL.py", line 1642, in wrapper
    self.report_error(str(e), e.format_traceback())
  File "D:\conda\Lib\site-packages\yt_dlp\YoutubeDL.py", line 1090, in report_error
    self.trouble(f'{self._format_err("ERROR:", self.Styles.ERROR)} {message}', *args, **kwargs)
  File "D:\conda\Lib\site-packages\yt_dlp\YoutubeDL.py", line 1029, in trouble
    raise DownloadError(message, exc_info)
yt_dlp.utils.DownloadError: [0;31mERROR:[0m [youtube] C-2SF4t8Up4: Sign in to confirm you’re not a bot. Use --cookies-from-browser or --cookies for the authentication. See  https://github.com/yt-dlp/yt-dlp/wiki/FAQ#how-do-i-pass-cookies-to-yt-dlp  for how to manually pass cookies. Also see  https://github.com/yt-dlp/yt-dlp/wiki/Extractors#exporting-youtube-cookies  for tips on effectively exporting YouTube cookies

2025-06-08 16:34:46,046 - werkzeug - INFO - 192.168.2.247 - - [08/Jun/2025 16:34:46] "GET / HTTP/1.1" 200 -
2025-06-08 16:34:47,760 - __main__ - INFO - 收到下载请求 - URL: https://www.youtube.com/watch?v=C-2SF4t8Up4
2025-06-08 16:34:47,760 - werkzeug - INFO - 192.168.2.247 - - [08/Jun/2025 16:34:47] "GET /download?url=https://www.youtube.com/watch?v%3DC-2SF4t8Up4 HTTP/1.1" 200 -
2025-06-08 16:34:47,760 - __main__ - INFO - 正在获取视频信息: https://www.youtube.com/watch?v=C-2SF4t8Up4
2025-06-08 16:34:47,761 - __main__ - INFO - 未找到cookies.txt，将以游客身份下载。
2025-06-08 16:34:51,558 - __main__ - INFO - 将保存至: C:\Users\WINDOWS\Desktop\Highlights Sinner vs Djokovic Semi-final _ Roland-Garros 2025.mp4
2025-06-08 16:34:51,558 - __main__ - INFO - 检测到Aria2c，将启用高速多线程下载模式 (yt-dlp + aria2c)。
2025-06-08 16:36:09,580 - __main__ - INFO - 下载完成: Highlights Sinner vs Djokovic Semi-final _ Roland-Garros 2025.mp4
2025-06-08 16:40:02,285 - werkzeug - INFO - 192.168.2.247 - - [08/Jun/2025 16:40:02] "GET / HTTP/1.1" 200 -
2025-06-08 16:40:21,647 - werkzeug - INFO - [31m[1mWARNING: This is a development server. Do not use it in a production deployment. Use a production WSGI server instead.[0m
 * Running on all addresses (0.0.0.0)
 * Running on http://127.0.0.1:5000
 * Running on http://192.168.2.247:5000
2025-06-08 16:40:21,647 - werkzeug - INFO - [33mPress CTRL+C to quit[0m
2025-06-08 16:41:36,167 - werkzeug - INFO - [31m[1mWARNING: This is a development server. Do not use it in a production deployment. Use a production WSGI server instead.[0m
 * Running on all addresses (0.0.0.0)
 * Running on http://127.0.0.1:5000
 * Running on http://192.168.2.247:5000
2025-06-08 16:41:36,167 - werkzeug - INFO - [33mPress CTRL+C to quit[0m
2025-06-08 16:41:41,410 - werkzeug - INFO - 192.168.2.247 - - [08/Jun/2025 16:41:41] "GET / HTTP/1.1" 200 -
2025-06-08 16:42:08,156 - __main__ - INFO - 收到下载请求 - URL: https://x.com/lexfridman/status/1926382360783695976
2025-06-08 16:42:08,157 - werkzeug - INFO - 192.168.2.247 - - [08/Jun/2025 16:42:08] "GET /download?url=https://x.com/lexfridman/status/1926382360783695976 HTTP/1.1" 200 -
2025-06-08 16:42:08,157 - __main__ - INFO - 正在获取视频信息: https://twitter.com/lexfridman/status/1926382360783695976
2025-06-08 16:42:08,158 - __main__ - INFO - 未找到cookies.txt，将以游客身份下载。
2025-06-08 16:42:10,817 - __main__ - INFO - 将保存至: C:\Users\WINDOWS\Desktop\Lex Fridman - Here's my conversation with James Holland, a historian specializing in World War II. We talk about Hitler, Churchill, Chamberlain, Stali.mp4
2025-06-08 16:42:10,817 - __main__ - INFO - 检测到Aria2c，将启用高速多线程下载模式 (yt-dlp + aria2c)。
2025-06-08 16:43:46,374 - __main__ - INFO - 下载完成: Lex Fridman - Here's my conversation with James Holland, a historian specializing in World War II. We talk about Hitler, Churchill, Chamberlain, Stali.mp4
2025-06-08 16:46:37,491 - werkzeug - INFO - 192.168.2.247 - - [08/Jun/2025 16:46:37] "GET / HTTP/1.1" 200 -
2025-06-08 16:46:39,055 - __main__ - INFO - 收到下载请求 - URL: https://x.com/elevenlabsio/status/1931428950170861785
2025-06-08 16:46:39,055 - werkzeug - INFO - 192.168.2.247 - - [08/Jun/2025 16:46:39] "GET /download?url=https://x.com/elevenlabsio/status/1931428950170861785 HTTP/1.1" 200 -
2025-06-08 16:46:39,056 - __main__ - INFO - 正在获取视频信息: https://twitter.com/elevenlabsio/status/1931428950170861785
2025-06-08 16:46:39,056 - __main__ - INFO - 未找到cookies.txt，将以游客身份下载。
2025-06-08 16:46:40,646 - __main__ - INFO - 将保存至: C:\Users\WINDOWS\Desktop\ElevenLabs - Here are the best practices for using Eleven v3 (alpha) - the most expressive Text to Speech model..mp4
2025-06-08 16:46:40,646 - __main__ - INFO - 检测到Aria2c，将启用高速多线程下载模式 (yt-dlp + aria2c)。
2025-06-08 16:46:45,072 - __main__ - INFO - 下载完成: ElevenLabs - Here are the best practices for using Eleven v3 (alpha) - the most expressive Text to Speech model..mp4
2025-06-08 16:47:46,036 - werkzeug - INFO - 192.168.2.247 - - [08/Jun/2025 16:47:46] "GET / HTTP/1.1" 200 -
2025-06-08 16:47:47,575 - __main__ - INFO - 收到下载请求 - URL: https://cn.pornhub.com/view_video.php?viewkey=ph5a0da08bf03a3
2025-06-08 16:47:47,575 - werkzeug - INFO - 192.168.2.247 - - [08/Jun/2025 16:47:47] "GET /download?url=https://cn.pornhub.com/view_video.php?viewkey%3Dph5a0da08bf03a3 HTTP/1.1" 200 -
2025-06-08 16:47:47,575 - __main__ - INFO - 正在获取视频信息: https://pornhub.com/view_video.php?viewkey=ph5a0da08bf03a3
2025-06-08 16:47:47,575 - __main__ - INFO - 未找到cookies.txt，将以游客身份下载。
2025-06-08 16:47:55,351 - __main__ - INFO - 将保存至: C:\Users\WINDOWS\Desktop\BLACKED Brandi Love Fucks Her Step Daughters BBC Boyfriend When Shes Gone.mp4
2025-06-08 16:47:55,351 - __main__ - INFO - 检测到Aria2c，将启用高速多线程下载模式 (yt-dlp + aria2c)。
2025-06-08 16:50:42,704 - __main__ - INFO - 下载完成: BLACKED Brandi Love Fucks Her Step Daughters BBC Boyfriend When Shes Gone.mp4
2025-06-08 17:25:59,155 - werkzeug - INFO - 192.168.2.247 - - [08/Jun/2025 17:25:59] "GET / HTTP/1.1" 200 -
2025-06-08 17:27:33,048 - __main__ - INFO - 收到下载请求 - URL: https://x.com/collision/status/1928148848444080505
2025-06-08 17:27:33,048 - werkzeug - INFO - 192.168.2.247 - - [08/Jun/2025 17:27:33] "GET /download?url=https://x.com/collision/status/1928148848444080505 HTTP/1.1" 200 -
2025-06-08 17:27:33,048 - __main__ - INFO - 正在获取视频信息: https://twitter.com/collision/status/1928148848444080505
2025-06-08 17:27:33,049 - __main__ - INFO - 未找到cookies.txt，将以游客身份下载。
2025-06-08 17:27:34,519 - __main__ - INFO - 将保存至: C:\Users\WINDOWS\Desktop\John Collison - Yesterday at @Stripe Tour London I spoke with @matistanis about passing $100m in revenue only three years after founding, their AI voi.mp4
2025-06-08 17:27:34,519 - __main__ - INFO - 检测到Aria2c，将启用高速多线程下载模式 (yt-dlp + aria2c)。
2025-06-08 17:27:49,899 - __main__ - INFO - 下载完成: John Collison - Yesterday at @Stripe Tour London I spoke with @matistanis about passing $100m in revenue only three years after founding, their AI voi.mp4
2025-06-08 17:28:14,682 - werkzeug - INFO - 192.168.2.247 - - [08/Jun/2025 17:28:14] "GET / HTTP/1.1" 200 -
2025-06-08 17:29:10,728 - __main__ - INFO - 收到下载请求 - URL: https://www.bbc.com/news/videos/clygjlgzll3o
2025-06-08 17:29:10,729 - werkzeug - INFO - 192.168.2.247 - - [08/Jun/2025 17:29:10] "GET /download?url=https://www.bbc.com/news/videos/clygjlgzll3o HTTP/1.1" 200 -
2025-06-08 17:29:10,729 - __main__ - INFO - 正在获取视频信息: https://www.bbc.com/news/videos/clygjlgzll3o
2025-06-08 17:29:10,729 - __main__ - INFO - 未找到cookies.txt，将以游客身份下载。
2025-06-08 17:29:19,413 - __main__ - INFO - 将保存至: C:\Users\WINDOWS\Desktop\Watch_ Defiance and anger on the streets of LA.mp4
2025-06-08 17:29:19,414 - __main__ - INFO - 检测到Aria2c，将启用高速多线程下载模式 (yt-dlp + aria2c)。
2025-06-08 17:29:51,905 - __main__ - INFO - 下载完成: Watch_ Defiance and anger on the streets of LA.mp4
2025-06-08 17:31:26,184 - werkzeug - INFO - 192.168.2.247 - - [08/Jun/2025 17:31:26] "GET / HTTP/1.1" 200 -
